#
# A fatal error has been detected by the Java Runtime Environment:
#
#  EXCEPTION_ACCESS_VIOLATION (0xc0000005) at pc=0x00007ffac6bf1049, pid=12548, tid=9396
#
# JRE version: OpenJDK Runtime Environment (11.0.2+9) (build 11.0.2+9)
# Java VM: OpenJDK 64-Bit Server VM (11.0.2+9, mixed mode, tiered, compressed oops, g1 gc, windows-amd64)
# Problematic frame:
# C  0x00007ffac6bf1049
#
# No core dump will be written. Minidumps are not enabled by default on client versions of Windows
#
# If you would like to submit a bug report, please visit:
#   http://bugreport.java.com/bugreport/crash.jsp
# The crash happened outside the Java Virtual Machine in native code.
# See problematic frame for where to report the bug.
#

---------------  S U M M A R Y ------------

Command Line: -Dsun.java2d.pmoffscreen=false -Dhttps.protocols=TLSv1,TLSv1.1,TLSv1.2 -Dsun.java2d.xrender=false -Dsun.java2d.d3d=false -Dsun.awt.nopixfmt=true -Dsun.java2d.dpiaware=true -Dsun.java2d.uiScale.enabled=false -Xverify:none -Dswing.aatext=true -XX:-UsePerfData -Djdk.map.althashing.threshold=512 -XX:StringTableSize=4072 --add-opens=java.base/java.nio=ALL-UNNAMED --add-opens=java.desktop/sun.swing=ALL-UNNAMED --add-opens=java.desktop/javax.swing=ALL-UNNAMED --add-opens=java.desktop/javax.swing.tree=ALL-UNNAMED --add-opens=java.desktop/javax.swing.plaf.basic=ALL-UNNAMED --add-opens=java.desktop/javax.swing.plaf.synth=ALL-UNNAMED --add-opens=java.desktop/com.sun.awt=ALL-UNNAMED -XX:NewSize=60m -XX:MaxNewSize=60m -Xms128m -Xmx3072m -Xss5m 

Host: Intel(R) Core(TM) i7-6700HQ CPU @ 2.60GHz, 8 cores, 7G,  Windows 10 , 64 bit Build 19041 (10.0.19041.928)
Time: Sun May  2 21:28:07 2021 Stredoeurópsky èas (letný) elapsed time: 187 seconds (0d 0h 3m 7s)

---------------  T H R E A D  ---------------

Current thread (0x000001f44c805800):  JavaThread "AWT-EventQueue-0" [_thread_in_native, id=9396, stack(0x000000af97000000,0x000000af97500000)]

Stack: [0x000000af97000000,0x000000af97500000],  sp=0x000000af974f3dd0,  free space=5071k
Native frames: (J=compiled Java code, j=interpreted, Vv=VM code, C=native code)
C  0x00007ffac6bf1049
C  0x00007ffac6c02487
C  0x00007ffac6c037c2
C  0x00007ffac6bea485
C  0x00007ffa5d9984b4
C  0x00007ffa5d9b8e72
C  0x00007ffa5da534f5
C  0x00007ffa5da53419
C  0x00007ffa5da82719
C  0x00007ffa5da82448
C  0x00007ffa5dade2c1
C  0x00007ffa5dae03b3
C  0x00007ffa5dab936d
C  0x00007ffa5dab93d8
C  0x00007ffa5dab9481
C  0x00007ffa5dadf59c
C  0x00007ffa5dab06e5
C  0x00007ffa5dab0375
C  0x00007ffa5daed00f
C  0x000001f41e08f0b7

Java frames: (J=compiled Java code, j=interpreted, Vv=VM code)
j  ui.views.waveform.waveformi.WVExecutive_getGraphicsDataSize(J)J+0
j  ui.views.waveform.executive.a.klK()Ljava/io/ByteArrayInputStream;+8
j  ui.views.waveform.b.a.klh()V+7
j  ui.views.waveform.b.a.jty()V+1
j  ui.views.waveform.m.kkr()V+4
j  ui.views.waveform.m.Ii(Z)V+11
j  ui.views.waveform.w.aH(ZZ)V+30
j  ui.views.waveform.c.b.j(Lui/frmwork/a/l;)V+94
j  ui.views.waveform.w.handleTclEvent(Lui/frmwork/a/l;)V+13
J 15032 c1 ui.frmwork.a.o.c(Lui/frmwork/a/l;)V (61 bytes) @ 0x000001f420895e0c [0x000001f420895460+0x00000000000009ac]
J 15013 c1 ui.frmwork.E.i(JZ)V (471 bytes) @ 0x000001f42086413c [0x000001f42085ffc0+0x000000000000417c]
J 15019 c1 ui.frmwork.E.fireTclEvent(J)I (113 bytes) @ 0x000001f42086da94 [0x000001f42086d2c0+0x00000000000007d4]
v  ~StubRoutines::call_stub
j  ui.views.waveform.waveformi.WVExecutive_processModelEvent(JJ)V+0
j  ui.views.waveform.executive.a.gb(J)V+5
j  ui.views.waveform.c.b.ga(J)V+8
j  ui.views.waveform.c.b.j(Lui/frmwork/a/l;)V+127
j  ui.views.waveform.w.handleTclEvent(Lui/frmwork/a/l;)V+13
J 15032 c1 ui.frmwork.a.o.c(Lui/frmwork/a/l;)V (61 bytes) @ 0x000001f420895e0c [0x000001f420895460+0x00000000000009ac]
J 15013 c1 ui.frmwork.E.i(JZ)V (471 bytes) @ 0x000001f42086413c [0x000001f42085ffc0+0x000000000000417c]
j  ui.frmwork.E.dQ(J)V+3
j  ui.frmwork.E$$Lambda$203.run()V+8
J 17561 c2 java.awt.EventQueue$4.run()Ljava/lang/Object; java.desktop@11.0.2 (5 bytes) @ 0x000001f4260832dc [0x000001f426083080+0x000000000000025c]
v  ~StubRoutines::call_stub
J 4268  java.security.AccessController.doPrivileged(Ljava/security/PrivilegedAction;Ljava/security/AccessControlContext;)Ljava/lang/Object; java.base@11.0.2 (0 bytes) @ 0x000001f425bf0ab6 [0x000001f425bf0a40+0x0000000000000076]
J 13510 c2 java.awt.EventQueue.dispatchEvent(Ljava/awt/AWTEvent;)V java.desktop@11.0.2 (80 bytes) @ 0x000001f4265ca3d0 [0x000001f4265c9e40+0x0000000000000590]
J 18573 c1 ui.frmwork.a.d.dispatchEvent(Ljava/awt/AWTEvent;)V (42 bytes) @ 0x000001f41ee13dfc [0x000001f41ee12de0+0x000000000000101c]
J 15154 c2 java.awt.EventDispatchThread.pumpOneEventForFilters(I)V java.desktop@11.0.2 (113 bytes) @ 0x000001f426803ad4 [0x000001f4268036a0+0x0000000000000434]
j  java.awt.EventDispatchThread.pumpEventsForFilter(ILjava/awt/Conditional;Ljava/awt/EventFilter;)V+35 java.desktop@11.0.2
j  java.awt.EventDispatchThread.pumpEventsForFilter(Ljava/awt/Conditional;Ljava/awt/EventFilter;)V+4 java.desktop@11.0.2
j  java.awt.WaitDispatchSupport$2.run()V+59 java.desktop@11.0.2
j  java.awt.WaitDispatchSupport$4.run()Ljava/lang/Void;+4 java.desktop@11.0.2
j  java.awt.WaitDispatchSupport$4.run()Ljava/lang/Object;+1 java.desktop@11.0.2
v  ~StubRoutines::call_stub
J 966  java.security.AccessController.doPrivileged(Ljava/security/PrivilegedAction;)Ljava/lang/Object; java.base@11.0.2 (0 bytes) @ 0x000001f425ba4422 [0x000001f425ba43c0+0x0000000000000062]
j  java.awt.WaitDispatchSupport.enter()Z+260 java.desktop@11.0.2
j  java.awt.Dialog.show()V+224 java.desktop@11.0.2
J 9460 c1 java.awt.Component.setVisible(Z)V java.desktop@11.0.2 (6 bytes) @ 0x000001f41f18e364 [0x000001f41f18e160+0x0000000000000204]
j  java.awt.Window.setVisible(Z)V+2 java.desktop@11.0.2
j  java.awt.Dialog.setVisible(Z)V+2 java.desktop@11.0.2
j  ui.dlg.c.g.setVisible(Z)V+2
j  ui.dlg.c.bz.bIi()V+64
j  ui.dlg.c.bI.actionPerformed(Ljava/awt/event/ActionEvent;)V+8
j  ui.dlg.c.bz.fud()V+388
j  ui.views.c.t.b.a.run()V+60
j  ui.frmwork.cmd.a.hsT()Z+66
j  ui.frmwork.cmd.d.htb()V+42
j  ui.bm.actionPerformed(Ljava/awt/event/ActionEvent;)V+25
j  javax.swing.AbstractButton.fireActionPerformed(Ljava/awt/event/ActionEvent;)V+83 java.desktop@11.0.2
j  ui.utils.swing.b.E.fireActionPerformed(Ljava/awt/event/ActionEvent;)V+7
j  javax.swing.AbstractButton$Handler.actionPerformed(Ljava/awt/event/ActionEvent;)V+5 java.desktop@11.0.2
j  javax.swing.DefaultButtonModel.fireActionPerformed(Ljava/awt/event/ActionEvent;)V+34 java.desktop@11.0.2
j  javax.swing.DefaultButtonModel.setPressed(Z)V+117 java.desktop@11.0.2
j  javax.swing.plaf.basic.BasicButtonListener.mouseReleased(Ljava/awt/event/MouseEvent;)V+35 java.desktop@11.0.2
j  com.jidesoft.plaf.basic.BasicJideButtonListener.mouseReleased(Ljava/awt/event/MouseEvent;)V+61
J 18390 c1 java.awt.AWTEventMulticaster.mouseReleased(Ljava/awt/event/MouseEvent;)V java.desktop@11.0.2 (27 bytes) @ 0x000001f41f58682c [0x000001f41f586600+0x000000000000022c]
J 18390 c1 java.awt.AWTEventMulticaster.mouseReleased(Ljava/awt/event/MouseEvent;)V java.desktop@11.0.2 (27 bytes) @ 0x000001f41f58682c [0x000001f41f586600+0x000000000000022c]
J 18390 c1 java.awt.AWTEventMulticaster.mouseReleased(Ljava/awt/event/MouseEvent;)V java.desktop@11.0.2 (27 bytes) @ 0x000001f41f58682c [0x000001f41f586600+0x000000000000022c]
J 18390 c1 java.awt.AWTEventMulticaster.mouseReleased(Ljava/awt/event/MouseEvent;)V java.desktop@11.0.2 (27 bytes) @ 0x000001f41f58682c [0x000001f41f586600+0x000000000000022c]
J 17105 c1 java.awt.Component.processMouseEvent(Ljava/awt/event/MouseEvent;)V java.desktop@11.0.2 (100 bytes) @ 0x000001f420ca9abc [0x000001f420ca9640+0x000000000000047c]
J 17128 c1 javax.swing.JComponent.processMouseEvent(Ljava/awt/event/MouseEvent;)V java.desktop@11.0.2 (27 bytes) @ 0x000001f420cb0b74 [0x000001f420cb0960+0x0000000000000214]
J 13460 c2 java.awt.Container.processEvent(Ljava/awt/AWTEvent;)V java.desktop@11.0.2 (22 bytes) @ 0x000001f4265af4d4 [0x000001f4265af3a0+0x0000000000000134]
J 18604 c2 java.awt.Component.dispatchEventImpl(Ljava/awt/AWTEvent;)V java.desktop@11.0.2 (777 bytes) @ 0x000001f42655a760 [0x000001f426559e60+0x0000000000000900]
J 18575 c2 java.awt.Container.dispatchEventImpl(Ljava/awt/AWTEvent;)V java.desktop@11.0.2 (129 bytes) @ 0x000001f4260885f8 [0x000001f4260885a0+0x0000000000000058]
J 18571 c1 java.awt.LightweightDispatcher.retargetMouseEvent(Ljava/awt/Component;ILjava/awt/event/MouseEvent;)V java.desktop@11.0.2 (372 bytes) @ 0x000001f41eaa263c [0x000001f41ea9ffe0+0x000000000000265c]
J 17341 c2 java.awt.LightweightDispatcher.processMouseEvent(Ljava/awt/event/MouseEvent;)Z java.desktop@11.0.2 (265 bytes) @ 0x000001f426aabc1c [0x000001f426aab440+0x00000000000007dc]
J 18575 c2 java.awt.Container.dispatchEventImpl(Ljava/awt/AWTEvent;)V java.desktop@11.0.2 (129 bytes) @ 0x000001f426088904 [0x000001f4260885a0+0x0000000000000364]
J 17339 c2 java.awt.Window.dispatchEventImpl(Ljava/awt/AWTEvent;)V java.desktop@11.0.2 (23 bytes) @ 0x000001f426aaac8c [0x000001f426aaac40+0x000000000000004c]
J 17561 c2 java.awt.EventQueue$4.run()Ljava/lang/Object; java.desktop@11.0.2 (5 bytes) @ 0x000001f426083224 [0x000001f426083080+0x00000000000001a4]
v  ~StubRoutines::call_stub
J 4268  java.security.AccessController.doPrivileged(Ljava/security/PrivilegedAction;Ljava/security/AccessControlContext;)Ljava/lang/Object; java.base@11.0.2 (0 bytes) @ 0x000001f425bf0ab6 [0x000001f425bf0a40+0x0000000000000076]
J 16981 c2 java.awt.EventQueue$5.run()Ljava/lang/Object; java.desktop@11.0.2 (5 bytes) @ 0x000001f426a2ab74 [0x000001f426a2a900+0x0000000000000274]
v  ~StubRoutines::call_stub
J 4268  java.security.AccessController.doPrivileged(Ljava/security/PrivilegedAction;Ljava/security/AccessControlContext;)Ljava/lang/Object; java.base@11.0.2 (0 bytes) @ 0x000001f425bf0ab6 [0x000001f425bf0a40+0x0000000000000076]
J 13510 c2 java.awt.EventQueue.dispatchEvent(Ljava/awt/AWTEvent;)V java.desktop@11.0.2 (80 bytes) @ 0x000001f4265ca1ec [0x000001f4265c9e40+0x00000000000003ac]
J 18573 c1 ui.frmwork.a.d.dispatchEvent(Ljava/awt/AWTEvent;)V (42 bytes) @ 0x000001f41ee13dfc [0x000001f41ee12de0+0x000000000000101c]
J 15154 c2 java.awt.EventDispatchThread.pumpOneEventForFilters(I)V java.desktop@11.0.2 (113 bytes) @ 0x000001f426803ad4 [0x000001f4268036a0+0x0000000000000434]
j  java.awt.EventDispatchThread.pumpEventsForFilter(ILjava/awt/Conditional;Ljava/awt/EventFilter;)V+35 java.desktop@11.0.2
j  java.awt.EventDispatchThread.pumpEventsForHierarchy(ILjava/awt/Conditional;Ljava/awt/Component;)V+11 java.desktop@11.0.2
j  java.awt.EventDispatchThread.pumpEvents(ILjava/awt/Conditional;)V+4 java.desktop@11.0.2
j  java.awt.EventDispatchThread.pumpEvents(Ljava/awt/Conditional;)V+3 java.desktop@11.0.2
j  java.awt.EventDispatchThread.run()V+9 java.desktop@11.0.2
v  ~StubRoutines::call_stub

siginfo: EXCEPTION_ACCESS_VIOLATION (0xc0000005), reading address 0x0000000000000044


Register to memory mapping:

RIP=0x00007ffac6bf1049 points into unknown readable memory: 83 79 44 00 75 07 33
RAX=0x0000754f76509395 is an unknown value
RBX=0x000001f43ed30d80 points into unknown readable memory: c0 ff d2 3e f4 01 00 00
RCX=0x0 is NULL
RDX=0x000001f448326920 points into unknown readable memory: c0 4b c1 c6 fa 7f 00 00
RSP=0x000000af974f3dd0 is pointing into the stack for thread: 0x000001f44c805800
RBP=0x0 is NULL
RSI=0x000001f448326920 points into unknown readable memory: c0 4b c1 c6 fa 7f 00 00
RDI=0x0 is NULL
R8 =0x000000af974f3e60 is pointing into the stack for thread: 0x000001f44c805800
R9 =0x0000000000000018 is an unknown value
R10=0x0 is NULL
R11=0x80000000003b9e01 is an unknown value
R12=0x0000000000000001 is an unknown value
R13=0x00007ffac6c18e50 points into unknown readable memory: d0 2f bf c6 fa 7f 00 00
R14=0x000001f43b210fc0 points into unknown readable memory: 20 69 32 48 f4 01 00 00
R15=0x000000af974f3e60 is pointing into the stack for thread: 0x000001f44c805800


Registers:
RAX=0x0000754f76509395, RBX=0x000001f43ed30d80, RCX=0x0000000000000000, RDX=0x000001f448326920
RSP=0x000000af974f3dd0, RBP=0x0000000000000000, RSI=0x000001f448326920, RDI=0x0000000000000000
R8 =0x000000af974f3e60, R9 =0x0000000000000018, R10=0x0000000000000000, R11=0x80000000003b9e01
R12=0x0000000000000001, R13=0x00007ffac6c18e50, R14=0x000001f43b210fc0, R15=0x000000af974f3e60
RIP=0x00007ffac6bf1049, EFLAGS=0x0000000000010202

Top of Stack: (sp=0x000000af974f3dd0)
0x000000af974f3dd0:   0000000000576188 00007ffb2d5207b0
0x000000af974f3de0:   000000af974f5200 000000af974f4200
0x000000af974f3df0:   0000000000000000 00007ffb2aeb92bb
0x000000af974f3e00:   fffffffffffffffe 000000af974f5200
0x000000af974f3e10:   000000af974f47f0 000000af974f3fe8
0x000000af974f3e20:   000001f44e446d30 000001f43b210fc0
0x000000af974f3e30:   000001f43b210fc0 00007ffac6c02487
0x000000af974f3e40:   000000af974f3f11 000001f43ed30d80
0x000000af974f3e50:   000001f4484e2750 00007ffb2d5207b0
0x000000af974f3e60:   00007ffa5dca9920 000000af974f4200
0x000000af974f3e70:   000000af974f42a0 000000af974f4840
0x000000af974f3e80:   0000002280000029 0000000000000000
0x000000af974f3e90:   0000000000000000 000000000000000f
0x000000af974f3ea0:   00007ffafdf142c0 000000af974f3fe8
0x000000af974f3eb0:   00007ffa5dbd6990 0000000000000001
0x000000af974f3ec0:   000000af974f49b0 00007ffa5dca9920 

Instructions: (pc=0x00007ffac6bf1049)
0x00007ffac6bf1029:   50 48 c7 44 24 30 fe ff ff ff 48 89 5c 24 78 48
0x00007ffac6bf1039:   89 b4 24 80 00 00 00 4d 8b f8 48 8b f2 48 8b f9
0x00007ffac6bf1049:   83 79 44 00 75 07 33 c0 e9 d1 00 00 00 48 8b 41
0x00007ffac6bf1059:   48 8b 10 48 03 51 28 48 8d 4c 24 38 e8 66 eb ff 


Stack slot to memory mapping:
stack at sp + 0 slots: 0x0000000000576188 is an unknown value
stack at sp + 1 slots: 0x00007ffb2d5207b0 ntdll.dll
stack at sp + 2 slots: 0x000000af974f5200 is pointing into the stack for thread: 0x000001f44c805800
stack at sp + 3 slots: 0x000000af974f4200 is pointing into the stack for thread: 0x000001f44c805800
stack at sp + 4 slots: 0x0 is NULL
stack at sp + 5 slots: 0x00007ffb2aeb92bb KERNELBASE.dll
stack at sp + 6 slots: 0xfffffffffffffffe is an unknown value
stack at sp + 7 slots: 0x000000af974f5200 is pointing into the stack for thread: 0x000001f44c805800


---------------  P R O C E S S  ---------------

Threads class SMR info:
_java_thread_list=0x000001f447207780, length=31, elements={
0x000001f449e74800, 0x000001f44b31a800, 0x000001f44b93c800, 0x000001f44b93d800,
0x000001f44b843000, 0x000001f42fac0800, 0x000001f44bc60800, 0x000001f44b639800,
0x000001f44b01a800, 0x000001f44b8c8800, 0x000001f44c86f800, 0x000001f44c8c0800,
0x000001f44c7fa800, 0x000001f44c4e1000, 0x000001f44c805800, 0x000001f44c804000,
0x000001f44c916800, 0x000001f43b487800, 0x000001f44bc5d800, 0x000001f44bc61800,
0x000001f44bc5e000, 0x000001f43b021000, 0x000001f43b025000, 0x000001f43b025800,
0x000001f43b020000, 0x000001f43b028000, 0x000001f43b024000, 0x000001f43b022800,
0x000001f43b02a000, 0x000001f44bc62800, 0x000001f44bc63000
}

Java Threads: ( => current thread )
  0x000001f449e74800 JavaThread "main" [_thread_blocked, id=11052, stack(0x000000af92800000,0x000000af92900000)]
  0x000001f44b31a800 JavaThread "Reference Handler" daemon [_thread_blocked, id=9484, stack(0x000000af92f00000,0x000000af93400000)]
  0x000001f44b93c800 JavaThread "Finalizer" daemon [_thread_blocked, id=11984, stack(0x000000af93400000,0x000000af93900000)]
  0x000001f44b93d800 JavaThread "Signal Dispatcher" daemon [_thread_blocked, id=13940, stack(0x000000af93900000,0x000000af93e00000)]
  0x000001f44b843000 JavaThread "Attach Listener" daemon [_thread_blocked, id=12468, stack(0x000000af93e00000,0x000000af94300000)]
  0x000001f42fac0800 JavaThread "C2 CompilerThread0" daemon [_thread_blocked, id=12540, stack(0x000000af94300000,0x000000af94400000)]
  0x000001f44bc60800 JavaThread "C1 CompilerThread0" daemon [_thread_blocked, id=15468, stack(0x000000af94400000,0x000000af94500000)]
  0x000001f44b639800 JavaThread "Sweeper thread" daemon [_thread_blocked, id=10684, stack(0x000000af94500000,0x000000af94a00000)]
  0x000001f44b01a800 JavaThread "Common-Cleaner" daemon [_thread_blocked, id=11456, stack(0x000000af94a00000,0x000000af94f00000)]
  0x000001f44b8c8800 JavaThread "Service Thread" daemon [_thread_blocked, id=10488, stack(0x000000af94f00000,0x000000af95400000)]
  0x000001f44c86f800 JavaThread "Java2D Disposer" daemon [_thread_blocked, id=14780, stack(0x000000af95600000,0x000000af95b00000)]
  0x000001f44c8c0800 JavaThread "AWT-Shutdown" [_thread_blocked, id=16584, stack(0x000000af95b00000,0x000000af96000000)]
  0x000001f44c7fa800 JavaThread "AWT-Windows" daemon [_thread_in_native, id=6264, stack(0x000000af96000000,0x000000af96500000)]
  0x000001f44c4e1000 JavaThread "TimerQueue" daemon [_thread_blocked, id=11920, stack(0x000000af96500000,0x000000af96a00000)]
=>0x000001f44c805800 JavaThread "AWT-EventQueue-0" [_thread_in_native, id=9396, stack(0x000000af97000000,0x000000af97500000)]
  0x000001f44c804000 JavaThread "Thread-1" [_thread_in_native, id=2756, stack(0x000000af91200000,0x000000af92600000)]
  0x000001f44c916800 JavaThread "Process Messages Thread" [_thread_blocked, id=14164, stack(0x000000af97a00000,0x000000af97f00000)]
  0x000001f43b487800 JavaThread "Batik CleanerThread" daemon [_thread_blocked, id=1168, stack(0x000000af97500000,0x000000af97a00000)]
  0x000001f44bc5d800 JavaThread "SyntheticaCleanerThread" daemon [_thread_blocked, id=9600, stack(0x000000af98e00000,0x000000af99300000)]
  0x000001f44bc61800 JavaThread "Monitor HEventQueue Thread" [_thread_blocked, id=13280, stack(0x000000af99600000,0x000000af99b00000)]
  0x000001f44bc5e000 JavaThread "SyntheticaAnimation 50" daemon [_thread_blocked, id=11516, stack(0x000000af99b00000,0x000000af9a000000)]
  0x000001f43b021000 JavaThread "SyntheticaAnimation 25" daemon [_thread_blocked, id=10532, stack(0x000000af9a000000,0x000000af9a500000)]
  0x000001f43b025000 JavaThread "SyntheticaAnimation 70" daemon [_thread_blocked, id=6684, stack(0x000000af9af00000,0x000000af9b400000)]
  0x000001f43b025800 JavaThread "Refresh Filesets Swing Worker Thread" [_thread_blocked, id=16924, stack(0x000000af96a00000,0x000000af96f00000)]
  0x000001f43b020000 JavaThread "hw_ila_monitor" [_thread_blocked, id=8256, stack(0x000000af9a500000,0x000000af9aa00000)]
  0x000001f43b028000 JavaThread "pool-1-thread-1" [_thread_blocked, id=3504, stack(0x000000af9b900000,0x000000af9be00000)]
  0x000001f43b024000 JavaThread "pool-2-thread-1" [_thread_blocked, id=13096, stack(0x000000af9be00000,0x000000af9c300000)]
  0x000001f43b022800 JavaThread "pool-3-thread-1" [_thread_blocked, id=7444, stack(0x000000af9c300000,0x000000af9c800000)]
  0x000001f43b02a000 JavaThread "Update Runs Swing Worker Thread" [_thread_blocked, id=1192, stack(0x000000af9c800000,0x000000af9cd00000)]
  0x000001f44bc62800 JavaThread "SyntheticaAnimation 50" daemon [_thread_blocked, id=4552, stack(0x000000af98800000,0x000000af98d00000)]
  0x000001f44bc63000 JavaThread "Relaunch Simulation Thread" [_thread_blocked, id=9948, stack(0x000000af9aa00000,0x000000af9af00000)]

Other Threads:
  0x000001f42fa77000 VMThread "VM Thread" [stack: 0x000000af92e00000,0x000000af92f00000] [id=11336]
  0x000001f44ab25800 WatcherThread [stack: 0x000000af95400000,0x000000af95500000] [id=2308]
  0x000001f44a269000 GCTaskThread "GC Thread#0" [stack: 0x000000af92900000,0x000000af92a00000] [id=16932]
  0x000001f43b635800 GCTaskThread "GC Thread#1" [stack: 0x000000af97f00000,0x000000af98000000] [id=5384]
  0x000001f43ccb3000 GCTaskThread "GC Thread#2" [stack: 0x000000af98000000,0x000000af98100000] [id=1612]
  0x000001f43b748000 GCTaskThread "GC Thread#3" [stack: 0x000000af98100000,0x000000af98200000] [id=8400]
  0x000001f43b64c000 GCTaskThread "GC Thread#4" [stack: 0x000000af98200000,0x000000af98300000] [id=9444]
  0x000001f43ba8c000 GCTaskThread "GC Thread#5" [stack: 0x000000af98300000,0x000000af98400000] [id=3884]
  0x000001f43ba8d000 GCTaskThread "GC Thread#6" [stack: 0x000000af98400000,0x000000af98500000] [id=2188]
  0x000001f43ba8d800 GCTaskThread "GC Thread#7" [stack: 0x000000af98500000,0x000000af98600000] [id=11764]
  0x000001f415e35800 ConcurrentGCThread "G1 Main Marker" [stack: 0x000000af92a00000,0x000000af92b00000] [id=4220]
  0x000001f44ae83000 ConcurrentGCThread "G1 Conc#0" [stack: 0x000000af92b00000,0x000000af92c00000] [id=11696]
  0x000001f43ba88800 ConcurrentGCThread "G1 Conc#1" [stack: 0x000000af98700000,0x000000af98800000] [id=15032]
  0x000001f42e714800 ConcurrentGCThread "G1 Refine#0" [stack: 0x000000af92c00000,0x000000af92d00000] [id=16176]
  0x000001f43cd51000 ConcurrentGCThread "G1 Refine#1" [stack: 0x000000af98600000,0x000000af98700000] [id=14764]
  0x000001f43d10b800 ConcurrentGCThread "G1 Refine#2" [stack: 0x000000af98d00000,0x000000af98e00000] [id=16452]
  0x000001f42e61a800 ConcurrentGCThread "G1 Young RemSet Sampling" [stack: 0x000000af92d00000,0x000000af92e00000] [id=9000]

Threads with active compile tasks:

VM state:not at safepoint (normal execution)

VM Mutex/Monitor currently owned by a thread: None

Heap address: 0x0000000740000000, size: 3072 MB, Compressed Oops mode: Zero based, Oop shift amount: 3
Narrow klass base: 0x0000000800000000, Narrow klass shift: 0
Compressed class space size: 1073741824 Address: 0x0000000800000000

Heap:
 garbage-first heap   total 157696K, used 114948K [0x0000000740000000, 0x0000000800000000)
  region size 1024K, 32 young (32768K), 2 survivors (2048K)
 Metaspace       used 91336K, capacity 93862K, committed 93908K, reserved 1130496K
  class space    used 12670K, capacity 13802K, committed 13824K, reserved 1048576K
Heap Regions: E=young(eden), S=young(survivor), O=old, HS=humongous(starts), HC=humongous(continues), CS=collection set, F=free, A=archive, TAMS=top-at-mark-start (previous, next)
|   0|0x0000000740000000, 0x0000000740100000, 0x0000000740100000|100%|HS|  |TAMS 0x0000000740100000, 0x0000000740000000| Complete 
|   1|0x0000000740100000, 0x0000000740200000, 0x0000000740200000|100%|HC|  |TAMS 0x0000000740200000, 0x0000000740100000| Complete 
|   2|0x0000000740200000, 0x0000000740300000, 0x0000000740300000|100%|HS|  |TAMS 0x0000000740300000, 0x0000000740200000| Complete 
|   3|0x0000000740300000, 0x00000007403ffff8, 0x0000000740400000| 99%| O|  |TAMS 0x00000007403ffff8, 0x0000000740300000| Untracked 
|   4|0x0000000740400000, 0x00000007404fffe0, 0x0000000740500000| 99%| O|  |TAMS 0x00000007404fffe0, 0x0000000740400000| Untracked 
|   5|0x0000000740500000, 0x0000000740600000, 0x0000000740600000|100%| O|  |TAMS 0x0000000740600000, 0x0000000740500000| Untracked 
|   6|0x0000000740600000, 0x0000000740700000, 0x0000000740700000|100%| O|  |TAMS 0x0000000740700000, 0x0000000740600000| Untracked 
|   7|0x0000000740700000, 0x00000007407fd810, 0x0000000740800000| 99%| O|  |TAMS 0x00000007407fd810, 0x0000000740700000| Untracked 
|   8|0x0000000740800000, 0x00000007408f37e8, 0x0000000740900000| 95%| O|  |TAMS 0x00000007408f37e8, 0x0000000740800000| Untracked 
|   9|0x0000000740900000, 0x00000007409ffff8, 0x0000000740a00000| 99%| O|  |TAMS 0x00000007409ffff8, 0x0000000740900000| Untracked 
|  10|0x0000000740a00000, 0x0000000740affd40, 0x0000000740b00000| 99%| O|  |TAMS 0x0000000740affd40, 0x0000000740a00000| Untracked 
|  11|0x0000000740b00000, 0x0000000740bffff8, 0x0000000740c00000| 99%| O|  |TAMS 0x0000000740bffff8, 0x0000000740b00000| Untracked 
|  12|0x0000000740c00000, 0x0000000740d00000, 0x0000000740d00000|100%| O|  |TAMS 0x0000000740d00000, 0x0000000740c00000| Untracked 
|  13|0x0000000740d00000, 0x0000000740df2660, 0x0000000740e00000| 94%| O|  |TAMS 0x0000000740df2660, 0x0000000740d00000| Untracked 
|  14|0x0000000740e00000, 0x0000000740efffe8, 0x0000000740f00000| 99%| O|  |TAMS 0x0000000740efffe8, 0x0000000740e00000| Untracked 
|  15|0x0000000740f00000, 0x0000000740fcca38, 0x0000000741000000| 79%| O|  |TAMS 0x0000000740fcca38, 0x0000000740f00000| Untracked 
|  16|0x0000000741000000, 0x00000007410ffff8, 0x0000000741100000| 99%| O|  |TAMS 0x00000007410ffff8, 0x0000000741000000| Untracked 
|  17|0x0000000741100000, 0x00000007411ffff0, 0x0000000741200000| 99%| O|  |TAMS 0x00000007411ffff0, 0x0000000741100000| Untracked 
|  18|0x0000000741200000, 0x00000007412fffd8, 0x0000000741300000| 99%| O|  |TAMS 0x00000007412fffd8, 0x0000000741200000| Untracked 
|  19|0x0000000741300000, 0x00000007413fffe8, 0x0000000741400000| 99%| O|  |TAMS 0x00000007413fffe8, 0x0000000741300000| Untracked 
|  20|0x0000000741400000, 0x00000007414ffff8, 0x0000000741500000| 99%| O|  |TAMS 0x00000007414ffff8, 0x0000000741400000| Untracked 
|  21|0x0000000741500000, 0x00000007415fffe8, 0x0000000741600000| 99%| O|  |TAMS 0x00000007415fffe8, 0x0000000741500000| Untracked 
|  22|0x0000000741600000, 0x00000007416ffff0, 0x0000000741700000| 99%| O|  |TAMS 0x00000007416ffff0, 0x0000000741600000| Untracked 
|  23|0x0000000741700000, 0x00000007417ffff8, 0x0000000741800000| 99%| O|  |TAMS 0x00000007417ffff8, 0x0000000741700000| Untracked 
|  24|0x0000000741800000, 0x00000007418ffff8, 0x0000000741900000| 99%| O|  |TAMS 0x00000007418ffff8, 0x0000000741800000| Untracked 
|  25|0x0000000741900000, 0x0000000741a00000, 0x0000000741a00000|100%| O|  |TAMS 0x0000000741a00000, 0x0000000741900000| Untracked 
|  26|0x0000000741a00000, 0x0000000741affff0, 0x0000000741b00000| 99%| O|  |TAMS 0x0000000741affff0, 0x0000000741a00000| Untracked 
|  27|0x0000000741b00000, 0x0000000741bfffb8, 0x0000000741c00000| 99%| O|  |TAMS 0x0000000741bfffb8, 0x0000000741b00000| Untracked 
|  28|0x0000000741c00000, 0x0000000741cffff8, 0x0000000741d00000| 99%| O|  |TAMS 0x0000000741cffff8, 0x0000000741c00000| Untracked 
|  29|0x0000000741d00000, 0x0000000741dffed0, 0x0000000741e00000| 99%| O|  |TAMS 0x0000000741dffed0, 0x0000000741d00000| Untracked 
|  30|0x0000000741e00000, 0x0000000741effff8, 0x0000000741f00000| 99%| O|  |TAMS 0x0000000741effff8, 0x0000000741e00000| Untracked 
|  31|0x0000000741f00000, 0x0000000741fffff0, 0x0000000742000000| 99%| O|  |TAMS 0x0000000741fffff0, 0x0000000741f00000| Untracked 
|  32|0x0000000742000000, 0x00000007420ffff8, 0x0000000742100000| 99%| O|  |TAMS 0x00000007420ffff8, 0x0000000742000000| Untracked 
|  33|0x0000000742100000, 0x00000007421ffff0, 0x0000000742200000| 99%| O|  |TAMS 0x00000007421ffff0, 0x0000000742100000| Untracked 
|  34|0x0000000742200000, 0x00000007422ffff8, 0x0000000742300000| 99%| O|  |TAMS 0x00000007422ffff8, 0x0000000742200000| Untracked 
|  35|0x0000000742300000, 0x00000007423ffff0, 0x0000000742400000| 99%| O|  |TAMS 0x00000007423ffff0, 0x0000000742300000| Untracked 
|  36|0x0000000742400000, 0x0000000742500000, 0x0000000742500000|100%| O|  |TAMS 0x0000000742500000, 0x0000000742400000| Untracked 
|  37|0x0000000742500000, 0x00000007425fffe0, 0x0000000742600000| 99%| O|  |TAMS 0x00000007425fffe0, 0x0000000742500000| Untracked 
|  38|0x0000000742600000, 0x0000000742700000, 0x0000000742700000|100%|HS|  |TAMS 0x0000000742700000, 0x0000000742600000| Complete 
|  39|0x0000000742700000, 0x0000000742800000, 0x0000000742800000|100%|HC|  |TAMS 0x0000000742800000, 0x0000000742700000| Complete 
|  40|0x0000000742800000, 0x0000000742900000, 0x0000000742900000|100%|HC|  |TAMS 0x0000000742900000, 0x0000000742800000| Complete 
|  41|0x0000000742900000, 0x0000000742a00000, 0x0000000742a00000|100%|HC|  |TAMS 0x0000000742a00000, 0x0000000742900000| Complete 
|  42|0x0000000742a00000, 0x0000000742b00000, 0x0000000742b00000|100%|HC|  |TAMS 0x0000000742b00000, 0x0000000742a00000| Complete 
|  43|0x0000000742b00000, 0x0000000742c00000, 0x0000000742c00000|100%|HC|  |TAMS 0x0000000742c00000, 0x0000000742b00000| Complete 
|  44|0x0000000742c00000, 0x0000000742d00000, 0x0000000742d00000|100%|HC|  |TAMS 0x0000000742d00000, 0x0000000742c00000| Complete 
|  45|0x0000000742d00000, 0x0000000742e00000, 0x0000000742e00000|100%|HC|  |TAMS 0x0000000742e00000, 0x0000000742d00000| Complete 
|  46|0x0000000742e00000, 0x0000000742efff70, 0x0000000742f00000| 99%| O|  |TAMS 0x0000000742efff70, 0x0000000742e00000| Untracked 
|  47|0x0000000742f00000, 0x0000000742ffffc8, 0x0000000743000000| 99%| O|  |TAMS 0x0000000742ffffc8, 0x0000000742f00000| Untracked 
|  48|0x0000000743000000, 0x00000007430fffe0, 0x0000000743100000| 99%| O|  |TAMS 0x00000007430fffe0, 0x0000000743000000| Untracked 
|  49|0x0000000743100000, 0x00000007431fffe8, 0x0000000743200000| 99%| O|  |TAMS 0x00000007431fffe8, 0x0000000743100000| Untracked 
|  50|0x0000000743200000, 0x00000007432fff38, 0x0000000743300000| 99%| O|  |TAMS 0x00000007432fff38, 0x0000000743200000| Untracked 
|  51|0x0000000743300000, 0x00000007433ffff0, 0x0000000743400000| 99%| O|  |TAMS 0x00000007433ffff0, 0x0000000743300000| Untracked 
|  52|0x0000000743400000, 0x00000007434fffe0, 0x0000000743500000| 99%| O|  |TAMS 0x00000007434fffe0, 0x0000000743400000| Untracked 
|  53|0x0000000743500000, 0x00000007435faee0, 0x0000000743600000| 98%| O|  |TAMS 0x00000007435faee0, 0x0000000743500000| Untracked 
|  54|0x0000000743600000, 0x00000007436ffff8, 0x0000000743700000| 99%| O|  |TAMS 0x00000007436ffff8, 0x0000000743600000| Untracked 
|  55|0x0000000743700000, 0x00000007437ffe78, 0x0000000743800000| 99%| O|  |TAMS 0x00000007437ffe78, 0x0000000743700000| Untracked 
|  56|0x0000000743800000, 0x00000007438ffe20, 0x0000000743900000| 99%| O|  |TAMS 0x00000007438ffe20, 0x0000000743800000| Untracked 
|  57|0x0000000743900000, 0x00000007439fffc0, 0x0000000743a00000| 99%| O|  |TAMS 0x00000007439fffc0, 0x0000000743900000| Untracked 
|  58|0x0000000743a00000, 0x0000000743affff0, 0x0000000743b00000| 99%| O|  |TAMS 0x0000000743affff0, 0x0000000743a00000| Untracked 
|  59|0x0000000743b00000, 0x0000000743bfffd8, 0x0000000743c00000| 99%| O|  |TAMS 0x0000000743bfffd8, 0x0000000743b00000| Untracked 
|  60|0x0000000743c00000, 0x0000000743cfffc0, 0x0000000743d00000| 99%| O|  |TAMS 0x0000000743cfffc0, 0x0000000743c00000| Untracked 
|  61|0x0000000743d00000, 0x0000000743e00000, 0x0000000743e00000|100%| O|  |TAMS 0x0000000743e00000, 0x0000000743d00000| Untracked 
|  62|0x0000000743e00000, 0x0000000743f00000, 0x0000000743f00000|100%| O|  |TAMS 0x0000000743f00000, 0x0000000743e00000| Untracked 
|  63|0x0000000743f00000, 0x0000000743ffffc8, 0x0000000744000000| 99%| O|  |TAMS 0x0000000743ffffc8, 0x0000000743f00000| Untracked 
|  64|0x0000000744000000, 0x0000000744100000, 0x0000000744100000|100%| O|  |TAMS 0x0000000744100000, 0x0000000744000000| Untracked 
|  65|0x0000000744100000, 0x00000007441ffff8, 0x0000000744200000| 99%| O|  |TAMS 0x00000007441ffff8, 0x0000000744100000| Untracked 
|  66|0x0000000744200000, 0x00000007442ffff0, 0x0000000744300000| 99%| O|  |TAMS 0x00000007442ffff0, 0x0000000744200000| Untracked 
|  67|0x0000000744300000, 0x00000007443ffeb8, 0x0000000744400000| 99%| O|  |TAMS 0x00000007443ffeb8, 0x0000000744300000| Untracked 
|  68|0x0000000744400000, 0x00000007444ffff0, 0x0000000744500000| 99%| O|  |TAMS 0x00000007444ffff0, 0x0000000744400000| Untracked 
|  69|0x0000000744500000, 0x00000007445fff00, 0x0000000744600000| 99%| O|  |TAMS 0x00000007445fff00, 0x0000000744500000| Untracked 
|  70|0x0000000744600000, 0x00000007446892a8, 0x0000000744700000| 53%| O|  |TAMS 0x00000007446892a8, 0x0000000744600000| Untracked 
|  71|0x0000000744700000, 0x00000007447ffbc0, 0x0000000744800000| 99%| O|  |TAMS 0x00000007447ffbc0, 0x0000000744700000| Untracked 
|  72|0x0000000744800000, 0x00000007448ffe40, 0x0000000744900000| 99%| O|  |TAMS 0x00000007448ffe40, 0x0000000744800000| Untracked 
|  73|0x0000000744900000, 0x0000000744a00000, 0x0000000744a00000|100%| O|  |TAMS 0x0000000744a00000, 0x0000000744900000| Untracked 
|  74|0x0000000744a00000, 0x0000000744ab8128, 0x0000000744b00000| 71%| O|  |TAMS 0x0000000744ab8128, 0x0000000744a00000| Untracked 
|  75|0x0000000744b00000, 0x0000000744c00000, 0x0000000744c00000|100%| O|  |TAMS 0x0000000744c00000, 0x0000000744b00000| Untracked 
|  76|0x0000000744c00000, 0x0000000744cfffc8, 0x0000000744d00000| 99%| O|  |TAMS 0x0000000744cfffc8, 0x0000000744c00000| Untracked 
|  77|0x0000000744d00000, 0x0000000744dfffe0, 0x0000000744e00000| 99%| O|  |TAMS 0x0000000744dfffe0, 0x0000000744d00000| Untracked 
|  78|0x0000000744e00000, 0x0000000744edf050, 0x0000000744f00000| 87%| O|  |TAMS 0x0000000744edf050, 0x0000000744e00000| Untracked 
|  79|0x0000000744f00000, 0x0000000744fffff8, 0x0000000745000000| 99%| O|  |TAMS 0x0000000744fffff8, 0x0000000744f00000| Untracked 
|  80|0x0000000745000000, 0x000000074504a400, 0x0000000745100000| 29%| O|  |TAMS 0x0000000745045a00, 0x0000000745000000| Untracked 
|  81|0x0000000745100000, 0x0000000745100000, 0x0000000745200000|  0%| F|  |TAMS 0x0000000745100000, 0x0000000745100000| Untracked 
|  82|0x0000000745200000, 0x00000007452ea3d0, 0x0000000745300000| 91%| O|  |TAMS 0x00000007452ea3d0, 0x0000000745200000| Untracked 
|  83|0x0000000745300000, 0x0000000745300000, 0x0000000745400000|  0%| F|  |TAMS 0x0000000745300000, 0x0000000745300000| Untracked 
|  84|0x0000000745400000, 0x000000074540c1a8, 0x0000000745500000|  4%| O|  |TAMS 0x000000074540c1a8, 0x0000000745400000| Untracked 
|  85|0x0000000745500000, 0x0000000745500000, 0x0000000745600000|  0%| F|  |TAMS 0x0000000745500000, 0x0000000745500000| Untracked 
|  86|0x0000000745600000, 0x0000000745600000, 0x0000000745700000|  0%| F|  |TAMS 0x0000000745600000, 0x0000000745600000| Untracked 
|  87|0x0000000745700000, 0x0000000745700000, 0x0000000745800000|  0%| F|  |TAMS 0x0000000745700000, 0x0000000745700000| Untracked 
|  88|0x0000000745800000, 0x0000000745900000, 0x0000000745900000|100%|HS|  |TAMS 0x0000000745900000, 0x0000000745800000| Complete 
|  89|0x0000000745900000, 0x0000000745a00000, 0x0000000745a00000|100%|HC|  |TAMS 0x0000000745a00000, 0x0000000745900000| Complete 
|  90|0x0000000745a00000, 0x0000000745a00000, 0x0000000745b00000|  0%| F|  |TAMS 0x0000000745a00000, 0x0000000745a00000| Untracked 
|  91|0x0000000745b00000, 0x0000000745b00000, 0x0000000745c00000|  0%| F|  |TAMS 0x0000000745b00000, 0x0000000745b00000| Untracked 
|  92|0x0000000745c00000, 0x0000000745c36a40, 0x0000000745d00000| 21%| S|CS|TAMS 0x0000000745c00000, 0x0000000745c00000| Complete 
|  93|0x0000000745d00000, 0x0000000745d00000, 0x0000000745e00000|  0%| F|  |TAMS 0x0000000745d00000, 0x0000000745d00000| Untracked 
|  94|0x0000000745e00000, 0x0000000745f00000, 0x0000000745f00000|100%| S|CS|TAMS 0x0000000745e00000, 0x0000000745e00000| Complete 
|  95|0x0000000745f00000, 0x0000000745f00000, 0x0000000746000000|  0%| F|  |TAMS 0x0000000745f00000, 0x0000000745f00000| Untracked 
|  96|0x0000000746000000, 0x0000000746000000, 0x0000000746100000|  0%| F|  |TAMS 0x0000000746000000, 0x0000000746000000| Untracked 
|  97|0x0000000746100000, 0x0000000746100000, 0x0000000746200000|  0%| F|  |TAMS 0x0000000746100000, 0x0000000746100000| Untracked 
|  98|0x0000000746200000, 0x0000000746200000, 0x0000000746300000|  0%| F|  |TAMS 0x0000000746200000, 0x0000000746200000| Untracked 
|  99|0x0000000746300000, 0x0000000746300000, 0x0000000746400000|  0%| F|  |TAMS 0x0000000746300000, 0x0000000746300000| Untracked 
| 100|0x0000000746400000, 0x0000000746400000, 0x0000000746500000|  0%| F|  |TAMS 0x0000000746400000, 0x0000000746400000| Untracked 
| 101|0x0000000746500000, 0x0000000746500000, 0x0000000746600000|  0%| F|  |TAMS 0x0000000746500000, 0x0000000746500000| Untracked 
| 102|0x0000000746600000, 0x0000000746600000, 0x0000000746700000|  0%| F|  |TAMS 0x0000000746600000, 0x0000000746600000| Untracked 
| 103|0x0000000746700000, 0x0000000746700000, 0x0000000746800000|  0%| F|  |TAMS 0x0000000746700000, 0x0000000746700000| Untracked 
| 104|0x0000000746800000, 0x0000000746800000, 0x0000000746900000|  0%| F|  |TAMS 0x0000000746800000, 0x0000000746800000| Untracked 
| 105|0x0000000746900000, 0x0000000746900000, 0x0000000746a00000|  0%| F|  |TAMS 0x0000000746900000, 0x0000000746900000| Untracked 
| 106|0x0000000746a00000, 0x0000000746a00000, 0x0000000746b00000|  0%| F|  |TAMS 0x0000000746a00000, 0x0000000746a00000| Untracked 
| 107|0x0000000746b00000, 0x0000000746b00000, 0x0000000746c00000|  0%| F|  |TAMS 0x0000000746b00000, 0x0000000746b00000| Untracked 
| 108|0x0000000746c00000, 0x0000000746c00000, 0x0000000746d00000|  0%| F|  |TAMS 0x0000000746c00000, 0x0000000746c00000| Untracked 
| 109|0x0000000746d00000, 0x0000000746d00000, 0x0000000746e00000|  0%| F|  |TAMS 0x0000000746d00000, 0x0000000746d00000| Untracked 
| 110|0x0000000746e00000, 0x0000000746e00000, 0x0000000746f00000|  0%| F|  |TAMS 0x0000000746e00000, 0x0000000746e00000| Untracked 
| 111|0x0000000746f00000, 0x0000000746f00000, 0x0000000747000000|  0%| F|  |TAMS 0x0000000746f00000, 0x0000000746f00000| Untracked 
| 112|0x0000000747000000, 0x0000000747000000, 0x0000000747100000|  0%| F|  |TAMS 0x0000000747000000, 0x0000000747000000| Untracked 
| 113|0x0000000747100000, 0x0000000747100000, 0x0000000747200000|  0%| F|  |TAMS 0x0000000747100000, 0x0000000747100000| Untracked 
| 114|0x0000000747200000, 0x0000000747200000, 0x0000000747300000|  0%| F|  |TAMS 0x0000000747200000, 0x0000000747200000| Untracked 
| 115|0x0000000747300000, 0x0000000747300000, 0x0000000747400000|  0%| F|  |TAMS 0x0000000747300000, 0x0000000747300000| Untracked 
| 116|0x0000000747400000, 0x0000000747400000, 0x0000000747500000|  0%| F|  |TAMS 0x0000000747400000, 0x0000000747400000| Untracked 
| 117|0x0000000747500000, 0x0000000747500000, 0x0000000747600000|  0%| F|  |TAMS 0x0000000747500000, 0x0000000747500000| Untracked 
| 118|0x0000000747600000, 0x0000000747600000, 0x0000000747700000|  0%| F|  |TAMS 0x0000000747600000, 0x0000000747600000| Untracked 
| 119|0x0000000747700000, 0x0000000747700000, 0x0000000747800000|  0%| F|  |TAMS 0x0000000747700000, 0x0000000747700000| Untracked 
| 120|0x0000000747800000, 0x0000000747800000, 0x0000000747900000|  0%| F|  |TAMS 0x0000000747800000, 0x0000000747800000| Untracked 
| 121|0x0000000747900000, 0x0000000747900000, 0x0000000747a00000|  0%| F|  |TAMS 0x0000000747900000, 0x0000000747900000| Untracked 
| 122|0x0000000747a00000, 0x0000000747a00000, 0x0000000747b00000|  0%| F|  |TAMS 0x0000000747a00000, 0x0000000747a00000| Untracked 
| 123|0x0000000747b00000, 0x0000000747b00000, 0x0000000747c00000|  0%| F|  |TAMS 0x0000000747b00000, 0x0000000747b00000| Untracked 
| 124|0x0000000747c00000, 0x0000000747c2a218, 0x0000000747d00000| 16%| E|  |TAMS 0x0000000747c00000, 0x0000000747c00000| Complete 
| 125|0x0000000747d00000, 0x0000000747e00000, 0x0000000747e00000|100%| E|CS|TAMS 0x0000000747d00000, 0x0000000747d00000| Complete 
| 126|0x0000000747e00000, 0x0000000747f00000, 0x0000000747f00000|100%| E|CS|TAMS 0x0000000747e00000, 0x0000000747e00000| Complete 
| 127|0x0000000747f00000, 0x0000000748000000, 0x0000000748000000|100%| E|CS|TAMS 0x0000000747f00000, 0x0000000747f00000| Complete 
| 128|0x0000000748000000, 0x0000000748100000, 0x0000000748100000|100%| E|CS|TAMS 0x0000000748000000, 0x0000000748000000| Complete 
| 129|0x0000000748100000, 0x0000000748200000, 0x0000000748200000|100%| E|CS|TAMS 0x0000000748100000, 0x0000000748100000| Complete 
| 130|0x0000000748200000, 0x0000000748300000, 0x0000000748300000|100%| E|CS|TAMS 0x0000000748200000, 0x0000000748200000| Complete 
| 131|0x0000000748300000, 0x0000000748400000, 0x0000000748400000|100%| E|CS|TAMS 0x0000000748300000, 0x0000000748300000| Complete 
| 132|0x0000000748400000, 0x0000000748500000, 0x0000000748500000|100%| E|CS|TAMS 0x0000000748400000, 0x0000000748400000| Complete 
| 133|0x0000000748500000, 0x0000000748600000, 0x0000000748600000|100%| E|CS|TAMS 0x0000000748500000, 0x0000000748500000| Complete 
| 134|0x0000000748600000, 0x0000000748700000, 0x0000000748700000|100%| E|CS|TAMS 0x0000000748600000, 0x0000000748600000| Complete 
| 135|0x0000000748700000, 0x0000000748800000, 0x0000000748800000|100%| E|CS|TAMS 0x0000000748700000, 0x0000000748700000| Complete 
| 136|0x0000000748800000, 0x0000000748900000, 0x0000000748900000|100%| E|CS|TAMS 0x0000000748800000, 0x0000000748800000| Complete 
| 137|0x0000000748900000, 0x0000000748a00000, 0x0000000748a00000|100%| E|CS|TAMS 0x0000000748900000, 0x0000000748900000| Complete 
| 138|0x0000000748a00000, 0x0000000748b00000, 0x0000000748b00000|100%| E|CS|TAMS 0x0000000748a00000, 0x0000000748a00000| Complete 
| 139|0x0000000748b00000, 0x0000000748c00000, 0x0000000748c00000|100%| E|CS|TAMS 0x0000000748b00000, 0x0000000748b00000| Complete 
| 140|0x0000000748c00000, 0x0000000748d00000, 0x0000000748d00000|100%| E|CS|TAMS 0x0000000748c00000, 0x0000000748c00000| Complete 
| 141|0x0000000748d00000, 0x0000000748e00000, 0x0000000748e00000|100%| E|CS|TAMS 0x0000000748d00000, 0x0000000748d00000| Complete 
| 142|0x0000000748e00000, 0x0000000748f00000, 0x0000000748f00000|100%| E|CS|TAMS 0x0000000748e00000, 0x0000000748e00000| Complete 
| 143|0x0000000748f00000, 0x0000000749000000, 0x0000000749000000|100%| E|CS|TAMS 0x0000000748f00000, 0x0000000748f00000| Complete 
| 144|0x0000000749000000, 0x0000000749100000, 0x0000000749100000|100%| E|CS|TAMS 0x0000000749000000, 0x0000000749000000| Complete 
| 145|0x0000000749100000, 0x0000000749200000, 0x0000000749200000|100%| E|CS|TAMS 0x0000000749100000, 0x0000000749100000| Complete 
| 146|0x0000000749200000, 0x0000000749300000, 0x0000000749300000|100%| E|CS|TAMS 0x0000000749200000, 0x0000000749200000| Complete 
| 147|0x0000000749300000, 0x0000000749400000, 0x0000000749400000|100%| E|CS|TAMS 0x0000000749300000, 0x0000000749300000| Complete 
| 148|0x0000000749400000, 0x0000000749500000, 0x0000000749500000|100%| E|CS|TAMS 0x0000000749400000, 0x0000000749400000| Complete 
| 149|0x0000000749500000, 0x0000000749600000, 0x0000000749600000|100%| E|CS|TAMS 0x0000000749500000, 0x0000000749500000| Complete 
| 150|0x0000000749600000, 0x0000000749700000, 0x0000000749700000|100%| E|CS|TAMS 0x0000000749600000, 0x0000000749600000| Complete 
| 151|0x0000000749700000, 0x0000000749800000, 0x0000000749800000|100%| E|CS|TAMS 0x0000000749700000, 0x0000000749700000| Complete 
| 152|0x0000000749800000, 0x0000000749900000, 0x0000000749900000|100%| E|CS|TAMS 0x0000000749800000, 0x0000000749800000| Complete 
| 153|0x0000000749900000, 0x0000000749a00000, 0x0000000749a00000|100%| E|CS|TAMS 0x0000000749900000, 0x0000000749900000| Complete 

Card table byte_map: [0x000001f42dac0000,0x000001f42e0c0000] _byte_map_base: 0x000001f42a0c0000

Marking Bits (Prev, Next): (CMBitMap*) 0x000001f415e35068, (CMBitMap*) 0x000001f415e350a0
 Prev Bits: [0x000001f4309d0000, 0x000001f4339d0000)
 Next Bits: [0x000001f4339d0000, 0x000001f4369d0000)

Polling page: 0x000001f40eec0000

Metaspace:

Usage:
  Non-class:     78.18 MB capacity,    76.82 MB ( 98%) used,     1.04 MB (  1%) free+waste,   326.25 KB ( <1%) overhead. 
      Class:     13.48 MB capacity,    12.37 MB ( 92%) used,   971.30 KB (  7%) free+waste,   159.75 KB (  1%) overhead. 
       Both:     91.66 MB capacity,    89.20 MB ( 97%) used,     1.99 MB (  2%) free+waste,   486.00 KB ( <1%) overhead. 

Virtual space:
  Non-class space:       80.00 MB reserved,      78.21 MB ( 98%) committed 
      Class space:        1.00 GB reserved,      13.50 MB (  1%) committed 
             Both:        1.08 GB reserved,      91.71 MB (  8%) committed 

Chunk freelists:
   Non-Class:  3.00 KB
       Class:  2.75 KB
        Both:  5.75 KB

CodeHeap 'non-profiled nmethods': size=120000Kb used=16411Kb max_used=16411Kb free=103588Kb
 bounds [0x000001f425b50000, 0x000001f426b60000, 0x000001f42d080000]
CodeHeap 'profiled nmethods': size=120000Kb used=35159Kb max_used=40036Kb free=84841Kb
 bounds [0x000001f41e620000, 0x000001f420d60000, 0x000001f425b50000]
CodeHeap 'non-nmethods': size=5760Kb used=1648Kb max_used=1709Kb free=4112Kb
 bounds [0x000001f41e080000, 0x000001f41e2f0000, 0x000001f41e620000]
 total_blobs=26654 nmethods=14661 adapters=1103
 compilation: enabled
              stopped_count=0, restarted_count=0
 full_count=0

Compilation events (10 events):
Event: 187.137 Thread 0x000001f44bc60800 18730       3       ui.views.U.a.J::setFirstLine (6 bytes)
Event: 187.137 Thread 0x000001f44bc60800 nmethod 18730 0x000001f41ee23a90 code [0x000001f41ee23c40, 0x000001f41ee23dd0]
Event: 187.137 Thread 0x000001f44bc60800 18731       3       com.jidesoft.editor.CodeEditor::setFirstLine (137 bytes)
Event: 187.139 Thread 0x000001f44bc60800 nmethod 18731 0x000001f41f8e5010 code [0x000001f41f8e5400, 0x000001f41f8e7900]
Event: 187.282 Thread 0x000001f42fac0800 18732       4       javax.swing.text.SimpleAttributeSet::equals (27 bytes)
Event: 187.333 Thread 0x000001f42fac0800 nmethod 18732 0x000001f426b54890 code [0x000001f426b54b40, 0x000001f426b56470]
Event: 187.333 Thread 0x000001f42fac0800 18733       4       javax.swing.text.SimpleAttributeSet::containsAttributes (53 bytes)
Event: 187.368 Thread 0x000001f42fac0800 nmethod 18733 0x000001f426b57c90 code [0x000001f426b57f40, 0x000001f426b596f0]
Event: 187.527 Thread 0x000001f44bc60800 18734       1       javax.swing.event.ListSelectionEvent::getValueIsAdjusting (5 bytes)
Event: 187.527 Thread 0x000001f44bc60800 nmethod 18734 0x000001f4269d8f10 code [0x000001f4269d90c0, 0x000001f4269d91d8]

GC Heap History (10 events):
Event: 161.399 GC heap before
{Heap before GC invocations=80 (full 2):
 garbage-first heap   total 157696K, used 144189K [0x0000000740000000, 0x0000000800000000)
  region size 1024K, 60 young (61440K), 2 survivors (2048K)
 Metaspace       used 90933K, capacity 93405K, committed 93652K, reserved 1130496K
  class space    used 12629K, capacity 13735K, committed 13824K, reserved 1048576K
}
Event: 161.403 GC heap after
{Heap after GC invocations=81 (full 2):
 garbage-first heap   total 157696K, used 84752K [0x0000000740000000, 0x0000000800000000)
  region size 1024K, 1 young (1024K), 1 survivors (1024K)
 Metaspace       used 90933K, capacity 93405K, committed 93652K, reserved 1130496K
  class space    used 12629K, capacity 13735K, committed 13824K, reserved 1048576K
}
Event: 163.716 GC heap before
{Heap before GC invocations=81 (full 2):
 garbage-first heap   total 157696K, used 145168K [0x0000000740000000, 0x0000000800000000)
  region size 1024K, 60 young (61440K), 1 survivors (1024K)
 Metaspace       used 90946K, capacity 93408K, committed 93652K, reserved 1130496K
  class space    used 12630K, capacity 13736K, committed 13824K, reserved 1048576K
}
Event: 163.719 GC heap after
{Heap after GC invocations=82 (full 2):
 garbage-first heap   total 157696K, used 84770K [0x0000000740000000, 0x0000000800000000)
  region size 1024K, 1 young (1024K), 1 survivors (1024K)
 Metaspace       used 90946K, capacity 93408K, committed 93652K, reserved 1130496K
  class space    used 12630K, capacity 13736K, committed 13824K, reserved 1048576K
}
Event: 166.563 GC heap before
{Heap before GC invocations=83 (full 2):
 garbage-first heap   total 157696K, used 145186K [0x0000000740000000, 0x0000000800000000)
  region size 1024K, 60 young (61440K), 1 survivors (1024K)
 Metaspace       used 90950K, capacity 93408K, committed 93652K, reserved 1130496K
  class space    used 12630K, capacity 13736K, committed 13824K, reserved 1048576K
}
Event: 166.566 GC heap after
{Heap after GC invocations=84 (full 2):
 garbage-first heap   total 157696K, used 84698K [0x0000000740000000, 0x0000000800000000)
  region size 1024K, 1 young (1024K), 1 survivors (1024K)
 Metaspace       used 90950K, capacity 93408K, committed 93652K, reserved 1130496K
  class space    used 12630K, capacity 13736K, committed 13824K, reserved 1048576K
}
Event: 168.475 GC heap before
{Heap before GC invocations=84 (full 2):
 garbage-first heap   total 157696K, used 145114K [0x0000000740000000, 0x0000000800000000)
  region size 1024K, 60 young (61440K), 1 survivors (1024K)
 Metaspace       used 90970K, capacity 93408K, committed 93652K, reserved 1130496K
  class space    used 12630K, capacity 13736K, committed 13824K, reserved 1048576K
}
Event: 168.480 GC heap after
{Heap after GC invocations=85 (full 2):
 garbage-first heap   total 157696K, used 84999K [0x0000000740000000, 0x0000000800000000)
  region size 1024K, 1 young (1024K), 1 survivors (1024K)
 Metaspace       used 90970K, capacity 93408K, committed 93652K, reserved 1130496K
  class space    used 12630K, capacity 13736K, committed 13824K, reserved 1048576K
}
Event: 177.336 GC heap before
{Heap before GC invocations=86 (full 2):
 garbage-first heap   total 157696K, used 145415K [0x0000000740000000, 0x0000000800000000)
  region size 1024K, 60 young (61440K), 1 survivors (1024K)
 Metaspace       used 91271K, capacity 93798K, committed 93908K, reserved 1130496K
  class space    used 12668K, capacity 13802K, committed 13824K, reserved 1048576K
}
Event: 177.340 GC heap after
{Heap after GC invocations=87 (full 2):
 garbage-first heap   total 157696K, used 85252K [0x0000000740000000, 0x0000000800000000)
  region size 1024K, 2 young (2048K), 2 survivors (2048K)
 Metaspace       used 91271K, capacity 93798K, committed 93908K, reserved 1130496K
  class space    used 12668K, capacity 13802K, committed 13824K, reserved 1048576K
}

Deoptimization events (10 events):
Event: 178.941 Thread 0x000001f44c805800 Uncommon trap: reason=bimorphic_or_optimized_type_check action=maybe_recompile pc=0x000001f4267f5990 method=java.awt.Container.findComponentAt(IIZ)Ljava/awt/Component; @ 9 c2
Event: 178.941 Thread 0x000001f44c805800 Uncommon trap: reason=bimorphic_or_optimized_type_check action=maybe_recompile pc=0x000001f4267f52a8 method=java.awt.Container.findComponentAt(IIZ)Ljava/awt/Component; @ 9 c2
Event: 182.277 Thread 0x000001f44c805800 Uncommon trap: reason=class_check action=maybe_recompile pc=0x000001f4267981cc method=javax.swing.plaf.synth.ParsedSynthStyle$DelegatingPainter.paintPanelBackground(Ljavax/swing/plaf/synth/SynthContext;Ljava/awt/Graphics;IIII)V @ 16 c2
Event: 182.280 Thread 0x000001f44c805800 Uncommon trap: reason=unstable_if action=reinterpret pc=0x000001f4260875b8 method=com.jidesoft.grid.CellSpanTable.getCellRect(IIZ)Ljava/awt/Rectangle; @ 33 c2
Event: 182.280 Thread 0x000001f44c805800 Uncommon trap: reason=unstable_if action=reinterpret pc=0x000001f426a1e798 method=com.jidesoft.grid.JideTable.getCellRect(IIZ)Ljava/awt/Rectangle; @ 206 c2
Event: 182.333 Thread 0x000001f44c805800 Uncommon trap: reason=unstable_if action=reinterpret pc=0x000001f425f340d0 method=com.google.protobuf.ByteString.toString(Ljava/nio/charset/Charset;)Ljava/lang/String; @ 4 c2
Event: 182.333 Thread 0x000001f44c805800 Uncommon trap: reason=unstable_if action=reinterpret pc=0x000001f425fd08f8 method=com.google.protobuf.ByteString.toString(Ljava/nio/charset/Charset;)Ljava/lang/String; @ 4 c2
Event: 182.333 Thread 0x000001f44c805800 Uncommon trap: reason=unstable_if action=reinterpret pc=0x000001f425fdf9f8 method=com.google.protobuf.ByteString.toString(Ljava/nio/charset/Charset;)Ljava/lang/String; @ 4 c2
Event: 182.367 Thread 0x000001f44c805800 Uncommon trap: reason=speculate_class_check action=maybe_recompile pc=0x000001f4260da938 method=javax.swing.plaf.basic.BasicLabelUI.layout(Ljavax/swing/JLabel;Ljava/awt/FontMetrics;II)Ljava/lang/String; @ 180 c2
Event: 182.765 Thread 0x000001f44c805800 Uncommon trap: reason=speculate_class_check action=maybe_recompile pc=0x000001f4260da938 method=javax.swing.plaf.basic.BasicLabelUI.layout(Ljavax/swing/JLabel;Ljava/awt/FontMetrics;II)Ljava/lang/String; @ 180 c2

Classes redefined (0 events):
No events

Internal exceptions (10 events):
Event: 167.061 Thread 0x000001f44c805800 Exception <a 'java/io/FileNotFoundException'{0x000000074808c3e0}> (0x000000074808c3e0) thrown at [t:/workspace/open/src/hotspot/share/prims/jni.cpp, line 615]
Event: 167.184 Thread 0x000001f44c805800 Exception <a 'java/io/FileNotFoundException'{0x0000000748099098}> (0x0000000748099098) thrown at [t:/workspace/open/src/hotspot/share/prims/jni.cpp, line 615]
Event: 172.062 Thread 0x000001f44c805800 Exception <a 'java/io/FileNotFoundException'{0x000000074957f1f8}> (0x000000074957f1f8) thrown at [t:/workspace/open/src/hotspot/share/prims/jni.cpp, line 615]
Event: 172.185 Thread 0x000001f44c805800 Exception <a 'java/io/FileNotFoundException'{0x00000007495807a8}> (0x00000007495807a8) thrown at [t:/workspace/open/src/hotspot/share/prims/jni.cpp, line 615]
Event: 177.065 Thread 0x000001f44c805800 Exception <a 'java/io/FileNotFoundException'{0x0000000746367e40}> (0x0000000746367e40) thrown at [t:/workspace/open/src/hotspot/share/prims/jni.cpp, line 615]
Event: 177.187 Thread 0x000001f44c805800 Exception <a 'java/io/FileNotFoundException'{0x00000007463799a8}> (0x00000007463799a8) thrown at [t:/workspace/open/src/hotspot/share/prims/jni.cpp, line 615]
Event: 182.065 Thread 0x000001f44c805800 Exception <a 'java/io/FileNotFoundException'{0x0000000748ef4a88}> (0x0000000748ef4a88) thrown at [t:/workspace/open/src/hotspot/share/prims/jni.cpp, line 615]
Event: 182.188 Thread 0x000001f44c805800 Exception <a 'java/io/FileNotFoundException'{0x0000000748efe958}> (0x0000000748efe958) thrown at [t:/workspace/open/src/hotspot/share/prims/jni.cpp, line 615]
Event: 187.066 Thread 0x000001f44c805800 Exception <a 'java/io/FileNotFoundException'{0x00000007480e7550}> (0x00000007480e7550) thrown at [t:/workspace/open/src/hotspot/share/prims/jni.cpp, line 615]
Event: 187.189 Thread 0x000001f44c805800 Exception <a 'java/io/FileNotFoundException'{0x0000000747fbe590}> (0x0000000747fbe590) thrown at [t:/workspace/open/src/hotspot/share/prims/jni.cpp, line 615]

Events (10 events):
Event: 185.273 Thread 0x000001f44bc64000 Thread added: 0x000001f44bc64000
Event: 185.279 Thread 0x000001f44bc64000 Thread exited: 0x000001f44bc64000
Event: 186.275 Thread 0x000001f44bc64000 Thread added: 0x000001f44bc64000
Event: 186.280 Thread 0x000001f44bc64000 Thread exited: 0x000001f44bc64000
Event: 187.276 Thread 0x000001f44bc64000 Thread added: 0x000001f44bc64000
Event: 187.281 Thread 0x000001f44bc64000 Thread exited: 0x000001f44bc64000
Event: 187.430 Thread 0x000001f44bc60000 Thread added: 0x000001f44bc60000
Event: 187.434 Executing VM operation: RevokeBias
Event: 187.435 Executing VM operation: RevokeBias done
Event: 187.435 Thread 0x000001f44bc60000 Thread exited: 0x000001f44bc60000


Dynamic libraries:
0x00007ff65c230000 - 0x00007ff65c25f000 	C:\Xilinx\Vivado\2020.2\bin\unwrapped\win64.o\vivado.exe
0x00007ffb2d4d0000 - 0x00007ffb2d6c5000 	C:\Windows\SYSTEM32\ntdll.dll
0x00007ffb2c480000 - 0x00007ffb2c53d000 	C:\Windows\System32\KERNEL32.DLL
0x00007ffb2ae70000 - 0x00007ffb2b138000 	C:\Windows\System32\KERNELBASE.dll
0x00007ffb2ac10000 - 0x00007ffb2ad10000 	C:\Windows\System32\ucrtbase.dll
0x00007ffafe330000 - 0x00007ffafe3c2000 	C:\Windows\SYSTEM32\MSVCP140.dll
0x00007ffafdf10000 - 0x00007ffafdf29000 	C:\Windows\SYSTEM32\VCRUNTIME140.dll
0x00007ffafdbe0000 - 0x00007ffafdbec000 	C:\Windows\SYSTEM32\VCRUNTIME140_1.dll
0x00007ffb24cb0000 - 0x00007ffb24cc8000 	C:\Xilinx\Vivado\2020.2\lib\win64.o\librdi_commonmain.dll
0x00007ffb247b0000 - 0x00007ffb247c3000 	C:\Xilinx\Vivado\2020.2\lib\win64.o\libboost_signals.dll
0x00007ffb12f00000 - 0x00007ffb12f22000 	C:\Xilinx\Vivado\2020.2\lib\win64.o\libboost_filesystem.dll
0x00007ffb247a0000 - 0x00007ffb247a9000 	C:\Xilinx\Vivado\2020.2\lib\win64.o\librdi_commonversion.dll
0x00007ffb2c3d0000 - 0x00007ffb2c47c000 	C:\Windows\System32\ADVAPI32.dll
0x00007ffb2d390000 - 0x00007ffb2d42e000 	C:\Windows\System32\msvcrt.dll
0x00007ffb2bc90000 - 0x00007ffb2bd2b000 	C:\Windows\System32\sechost.dll
0x00007ffb2bd30000 - 0x00007ffb2be5b000 	C:\Windows\System32\RPCRT4.dll
0x00007ffaec870000 - 0x00007ffaeca09000 	C:\Xilinx\Vivado\2020.2\lib\win64.o\librdi_commonxillic.dll
0x00007ffb2ba60000 - 0x00007ffb2bc00000 	C:\Windows\System32\USER32.dll
0x000000005bb40000 - 0x000000005bc6b000 	C:\Xilinx\Vivado\2020.2\lib\win64.o\tcl85t.dll
0x00007ffb2b500000 - 0x00007ffb2b522000 	C:\Windows\System32\win32u.dll
0x00007ffb2bee0000 - 0x00007ffb2bf0a000 	C:\Windows\System32\GDI32.dll
0x00007ffb2b350000 - 0x00007ffb2b45b000 	C:\Windows\System32\gdi32full.dll
0x00007ffb2b460000 - 0x00007ffb2b4fd000 	C:\Windows\System32\msvcp_win.dll
0x00007ffb2be70000 - 0x00007ffb2bedb000 	C:\Windows\System32\WS2_32.dll
0x00007ffb2ad10000 - 0x00007ffb2ad37000 	C:\Windows\System32\bcrypt.dll
0x00007ffb22960000 - 0x00007ffb22969000 	C:\Xilinx\Vivado\2020.2\lib\win64.o\libboost_system.dll
0x00007ffadd0a0000 - 0x00007ffadd37b000 	C:\Xilinx\Vivado\2020.2\lib\win64.o\libXil_lmgr11.dll
0x00007ffb2d180000 - 0x00007ffb2d25a000 	C:\Windows\System32\COMDLG32.dll
0x00007ffb2bfc0000 - 0x00007ffb2c315000 	C:\Windows\System32\combase.dll
0x00007ffb2bf10000 - 0x00007ffb2bfbe000 	C:\Windows\System32\shcore.dll
0x00007ffb2d430000 - 0x00007ffb2d485000 	C:\Windows\System32\SHLWAPI.dll
0x00007ffb2c9d0000 - 0x00007ffb2d112000 	C:\Windows\System32\SHELL32.dll
0x00007ffb2b800000 - 0x00007ffb2b8cd000 	C:\Windows\System32\OLEAUT32.dll
0x00007ffb2d260000 - 0x00007ffb2d38a000 	C:\Windows\System32\ole32.dll
0x00007ffb2b190000 - 0x00007ffb2b1f0000 	C:\Windows\System32\WINTRUST.dll
0x00007ffb2b1f0000 - 0x00007ffb2b34f000 	C:\Windows\System32\CRYPT32.dll
0x00007ffaf1d40000 - 0x00007ffaf1e51000 	C:\Xilinx\Vivado\2020.2\lib\win64.o\libboost_regex.dll
0x00007ffab3490000 - 0x00007ffab4282600 	C:\Xilinx\Vivado\2020.2\lib\win64.o\libisl_iostreams.dll
0x00007ffb1e190000 - 0x00007ffb1e1a8000 	C:\Windows\SYSTEM32\NETAPI32.dll
0x00007ffb05df0000 - 0x00007ffb05ea0000 	C:\Windows\WinSxS\amd64_microsoft.windows.common-controls_6595b64144ccf1df_5.82.19041.844_none_423537bff6b9828c\COMCTL32.dll
0x00007ffb28ad0000 - 0x00007ffb28ad9000 	C:\Windows\SYSTEM32\WSOCK32.dll
0x00007ffb22270000 - 0x00007ffb2228d000 	C:\Windows\SYSTEM32\dhcpcsvc.DLL
0x00007ffb22920000 - 0x00007ffb22930000 	C:\Xilinx\Vivado\2020.2\lib\win64.o\libboost_date_time.dll
0x00007ffb16f40000 - 0x00007ffb16f56000 	C:\Xilinx\Vivado\2020.2\lib\win64.o\libboost_iostreams.dll
0x00007ffb16c80000 - 0x00007ffb16c9e000 	C:\Xilinx\Vivado\2020.2\lib\win64.o\libboost_thread.dll
0x00007ffb12ed0000 - 0x00007ffb12ef3000 	C:\Xilinx\Vivado\2020.2\lib\win64.o\libisl_iosutils.dll
0x00007ffb16b30000 - 0x00007ffb16b4a000 	C:\Xilinx\Vivado\2020.2\lib\win64.o\pthreadVC2.dll
0x00007ffb126f0000 - 0x00007ffb12711000 	C:\Xilinx\Vivado\2020.2\lib\win64.o\librdizlib.dll
0x00007ffb1f960000 - 0x00007ffb1f96c000 	C:\Xilinx\Vivado\2020.2\lib\win64.o\libboost_chrono.dll
0x00007ffab2310000 - 0x00007ffab3487000 	C:\Xilinx\Vivado\2020.2\lib\win64.o\librdi_common.dll
0x00007ffadcd30000 - 0x00007ffadd09e000 	C:\Xilinx\Vivado\2020.2\lib\win64.o\libCOIN-all.dll
0x00007ffb11fe0000 - 0x00007ffb12053000 	C:\Xilinx\Vivado\2020.2\lib\win64.o\libboost_program_options.dll
0x00007ffb170d0000 - 0x00007ffb170dc000 	C:\Xilinx\Vivado\2020.2\lib\win64.o\libboost_xilinx.dll
0x00007ffb0d880000 - 0x00007ffb0d902000 	C:\Xilinx\Vivado\2020.2\lib\win64.o\libhdlpsolve.dll
0x00007ffafc410000 - 0x00007ffafc4b5000 	C:\Xilinx\Vivado\2020.2\lib\win64.o\libhdxml.dll
0x00007ffb11ec0000 - 0x00007ffb11ee8000 	C:\Xilinx\Vivado\2020.2\lib\win64.o\libisl_sysinfo.dll
0x00007ffb09520000 - 0x00007ffb09585000 	C:\Xilinx\Vivado\2020.2\lib\win64.o\liblmx6.0.dll
0x00007ffb035c0000 - 0x00007ffb03a9d000 	C:\Windows\SYSTEM32\WININET.dll
0x00007ffb1fb00000 - 0x00007ffb1fc0b000 	C:\Windows\SYSTEM32\WINHTTP.dll
0x00007ffb096f0000 - 0x00007ffb098de000 	C:\Windows\SYSTEM32\urlmon.dll
0x00007ffb16a50000 - 0x00007ffb16a6c000 	C:\Xilinx\Vivado\2020.2\lib\win64.o\librdiconfig.dll
0x0000000012000000 - 0x0000000012270000 	C:\Xilinx\Vivado\2020.2\lib\win64.o\xerces-c_3_1.dll
0x00007ffb109a0000 - 0x00007ffb109cd000 	C:\Windows\SYSTEM32\VCOMP140.DLL
0x00007ffb19850000 - 0x00007ffb19b00000 	C:\Windows\SYSTEM32\iertutil.dll
0x00007ffa90d80000 - 0x00007ffa92c97000 	C:\Xilinx\Vivado\2020.2\lib\win64.o\gurobi90.dll
0x00007ffb2b9f0000 - 0x00007ffb2ba46000 	C:\Windows\System32\WLDAP32.dll
0x00007ffb2ba50000 - 0x00007ffb2ba58000 	C:\Windows\System32\Normaliz.dll
0x00007ffb2a0d0000 - 0x00007ffb2a0dc000 	C:\Windows\SYSTEM32\NETUTILS.DLL
0x00007ffb2a3f0000 - 0x00007ffb2a45a000 	C:\Windows\SYSTEM32\MSWSOCK.DLL
0x00007ffb2b7d0000 - 0x00007ffb2b800000 	C:\Windows\System32\IMM32.DLL
0x00007ffb2a800000 - 0x00007ffb2a812000 	C:\Windows\SYSTEM32\MSASN1.dll
0x00007ffb294e0000 - 0x00007ffb294f2000 	C:\Windows\SYSTEM32\kernel.appcore.dll
0x00007ffad3fa0000 - 0x00007ffad44c2000 	C:\Xilinx\Vivado\2020.2\lib\win64.o\librdi_commontasks.dll
0x00007ffb22d60000 - 0x00007ffb22d6a000 	C:\Windows\SYSTEM32\VERSION.dll
0x00007ffadca50000 - 0x00007ffadcd25000 	C:\Xilinx\Vivado\2020.2\lib\win64.o\librdi_sio.dll
0x00007ffb2a090000 - 0x00007ffb2a0cb000 	C:\Windows\SYSTEM32\IPHLPAPI.DLL
0x00007ffaaf4f0000 - 0x00007ffab0013000 	C:\Xilinx\Vivado\2020.2\tps\win64\jre11.0.2\bin\server\jvm.dll
0x00007ffb2be60000 - 0x00007ffb2be68000 	C:\Windows\System32\PSAPI.DLL
0x00007ffb09bf0000 - 0x00007ffb09c17000 	C:\Windows\SYSTEM32\WINMM.dll
0x00007ffb28d30000 - 0x00007ffb294c1000 	C:\Windows\SYSTEM32\windows.storage.dll
0x00007ffb2a680000 - 0x00007ffb2a6ac000 	C:\Windows\SYSTEM32\Wldp.dll
0x00007ffa8e2c0000 - 0x00007ffa90d7e000 	C:\Xilinx\Vivado\2020.2\lib\win64.o\librdi_tcltasks.dll
0x00007ffaf96e0000 - 0x00007ffaf975e000 	C:\Xilinx\Vivado\2020.2\lib\win64.o\librdi_boarddep.dll
0x00007ffadc890000 - 0x00007ffadca43000 	C:\Xilinx\Vivado\2020.2\lib\win64.o\librdi_board.dll
0x00007ffad3af0000 - 0x00007ffad3f96000 	C:\Xilinx\Vivado\2020.2\lib\win64.o\librdi_bitstream.dll
0x00007ffad39f0000 - 0x00007ffad3ae6000 	C:\Xilinx\Vivado\2020.2\lib\win64.o\librdi_chipscope.dll
0x00007ffad3550000 - 0x00007ffad373a000 	C:\Xilinx\Vivado\2020.2\lib\win64.o\librdi_chipscopeimpl.dll
0x00007ffaced20000 - 0x00007ffacee81000 	C:\Xilinx\Vivado\2020.2\lib\win64.o\librdi_containers.dll
0x00007ffab1bf0000 - 0x00007ffab2308000 	C:\Xilinx\Vivado\2020.2\lib\win64.o\librdi_coregenipxact.dll
0x00007ffa75ce0000 - 0x00007ffa8e2bf000 	C:\Xilinx\Vivado\2020.2\lib\win64.o\librdi_device.dll
0x00007ffab1880000 - 0x00007ffab1be8000 	C:\Xilinx\Vivado\2020.2\lib\win64.o\librdi_dlyest.dll
0x00007ffaab3c0000 - 0x00007ffaaba1d000 	C:\Xilinx\Vivado\2020.2\lib\win64.o\librdi_drc.dll
0x00007ffa73920000 - 0x00007ffa75cdd000 	C:\Xilinx\Vivado\2020.2\lib\win64.o\librdi_coregen.dll
0x00007ffaee500000 - 0x00007ffaee5b3000 	C:\Xilinx\Vivado\2020.2\lib\win64.o\librdi_dsp.dll
0x00007ffa71af0000 - 0x00007ffa7391c000 	C:\Xilinx\Vivado\2020.2\lib\win64.o\librdi_constraints.dll
0x00007ffaaf1d0000 - 0x00007ffaaf4ed000 	C:\Xilinx\Vivado\2020.2\lib\win64.o\librdi_guitools.dll
0x00007ffaed6d0000 - 0x00007ffaed73b000 	C:\Xilinx\Vivado\2020.2\lib\win64.o\librdi_hdf.dll
0x00007ffacc0f0000 - 0x00007ffacc367000 	C:\Xilinx\Vivado\2020.2\lib\win64.o\librdi_hip_devdesign.dll
0x00007ffacea70000 - 0x00007ffacebb7000 	C:\Xilinx\Vivado\2020.2\lib\win64.o\librdi_hip_perf_analysis.dll
0x00007ffa6ff10000 - 0x00007ffa71ae4000 	C:\Xilinx\Vivado\2020.2\lib\win64.o\librdi_implflow.dll
0x00007ffaeb6c0000 - 0x00007ffaeb732000 	C:\Xilinx\Vivado\2020.2\lib\win64.o\librdi_memoryarray.dll
0x00007ffaaad70000 - 0x00007ffaab3bc000 	C:\Xilinx\Vivado\2020.2\lib\win64.o\librdi_memdata.dll
0x00007ffa6f7e0000 - 0x00007ffa6ff0c000 	C:\Xilinx\Vivado\2020.2\lib\win64.o\librdi_netlist.dll
0x00007ffaf0620000 - 0x00007ffaf0674000 	C:\Xilinx\Vivado\2020.2\lib\win64.o\librdi_pfi.dll
0x00007ffa6d390000 - 0x00007ffa6f7d4000 	C:\Xilinx\Vivado\2020.2\lib\win64.o\librdi_mig.dll
0x00007ffa6b620000 - 0x00007ffa6d381000 	C:\Xilinx\Vivado\2020.2\lib\win64.o\librdi_designutils.dll
0x00007ffa6b280000 - 0x00007ffa6b61e000 	C:\Xilinx\Vivado\2020.2\lib\win64.o\librdi_platform.dll
0x00007ffa68070000 - 0x00007ffa6b277000 	C:\Xilinx\Vivado\2020.2\lib\win64.o\librdi_place.dll
0x00007ffa671d0000 - 0x00007ffa67844000 	C:\Xilinx\Vivado\2020.2\lib\win64.o\librdi_project.dll
0x00007ffa67850000 - 0x00007ffa68067000 	C:\Xilinx\Vivado\2020.2\lib\win64.o\librdi_power.dll
0x00007ffa66aa0000 - 0x00007ffa671c2000 	C:\Xilinx\Vivado\2020.2\lib\win64.o\librdi_psta.dll
0x00007ffa66290000 - 0x00007ffa66a9c000 	C:\Xilinx\Vivado\2020.2\lib\win64.o\librdi_rsb.dll
0x00007ffad2c10000 - 0x00007ffad2d19000 	C:\Xilinx\Vivado\2020.2\lib\win64.o\librdi_runsbase.dll
0x00007ffa66010000 - 0x00007ffa66284000 	C:\Xilinx\Vivado\2020.2\lib\win64.o\librdi_simdata.dll
0x00007ffa65080000 - 0x00007ffa66001000 	C:\Xilinx\Vivado\2020.2\lib\win64.o\librdi_timing.dll
0x00007ffacec00000 - 0x00007ffaced16000 	C:\Xilinx\Vivado\2020.2\lib\win64.o\librdi_xhub.dll
0x00007ffae8b90000 - 0x00007ffae8c37000 	C:\Xilinx\Vivado\2020.2\lib\win64.o\librdi_xhubtasks.dll
0x00007ffac6040000 - 0x00007ffac622b000 	C:\Xilinx\Vivado\2020.2\lib\win64.o\librdi_advchipscopeimpl.dll
0x00007ffb006d0000 - 0x00007ffb00717000 	C:\Xilinx\Vivado\2020.2\lib\win64.o\libboost_serialization.dll
0x00007ffa64520000 - 0x00007ffa65076000 	C:\Xilinx\Vivado\2020.2\lib\win64.o\libverific.dll
0x00007ffad34c0000 - 0x00007ffad354d000 	C:\Xilinx\Vivado\2020.2\lib\win64.o\treelite_runtime.dll
0x00007ffa63e50000 - 0x00007ffa64512000 	C:\Xilinx\Vivado\2020.2\lib\win64.o\librdi_filemgmt.dll
0x00007fface150000 - 0x00007fface1ee000 	C:\Xilinx\Vivado\2020.2\lib\win64.o\libise.dll
0x00007ffaee700000 - 0x00007ffaee746000 	C:\Xilinx\Vivado\2020.2\lib\win64.o\libboost_graph.dll
0x00007ffacb260000 - 0x00007ffacb326000 	C:\Xilinx\Vivado\2020.2\lib\win64.o\librdi_bda.dll
0x00007ffae83f0000 - 0x00007ffae845a000 	C:\Xilinx\Vivado\2020.2\lib\win64.o\librdi_noc_frameworks.dll
0x00007ffaee610000 - 0x00007ffaee657000 	C:\Xilinx\Vivado\2020.2\lib\win64.o\librdi_wavedata_SimpleApi.dll
0x00007ffac6c50000 - 0x00007ffac6d3b000 	C:\Xilinx\Vivado\2020.2\lib\win64.o\librdi_ipconfig_readwrite.dll

dbghelp: loaded successfully - version: 4.0.5 - missing functions: none
symbol engine: initialized successfully - sym options: 0x614 - pdb path: .;C:\Xilinx\Vivado\2020.2\bin\unwrapped\win64.o;C:\Windows\SYSTEM32;C:\Xilinx\Vivado\2020.2\lib\win64.o;C:\Windows\WinSxS\amd64_microsoft.windows.common-controls_6595b64144ccf1df_5.82.19041.844_none_423537bff6b9828c;C:\Xilinx\Vivado\2020.2\tps\win64\jre11.0.2\bin\server;C:\Xilinx\Vivado\2020.2\tps\win64\python-3.8.3;C:\Xilinx\Vivado\2020.2\tps\win64\jre11.0.2\bin;C:\Windows\WinSxS\amd64_microsoft.windows.common-controls_6595b64144ccf1df_6.0.19041.844_none_ca00b6081b84eb1d

VM Arguments:
jvm_args: -Dsun.java2d.pmoffscreen=false -Dhttps.protocols=TLSv1,TLSv1.1,TLSv1.2 -Dsun.java2d.xrender=false -Dsun.java2d.d3d=false -Dsun.awt.nopixfmt=true -Dsun.java2d.dpiaware=true -Dsun.java2d.uiScale.enabled=false -Xverify:none -Dswing.aatext=true -XX:-UsePerfData -Djdk.map.althashing.threshold=512 -XX:StringTableSize=4072 --add-opens=java.base/java.nio=ALL-UNNAMED --add-opens=java.desktop/sun.swing=ALL-UNNAMED --add-opens=java.desktop/javax.swing=ALL-UNNAMED --add-opens=java.desktop/javax.swing.tree=ALL-UNNAMED --add-opens=java.desktop/javax.swing.plaf.basic=ALL-UNNAMED --add-opens=java.desktop/javax.swing.plaf.synth=ALL-UNNAMED --add-opens=java.desktop/com.sun.awt=ALL-UNNAMED -XX:NewSize=60m -XX:MaxNewSize=60m -Xms128m -Xmx3072m -Xss5m 
java_command: <unknown>
java_class_path (initial): C:/Xilinx/Vivado/2020.2\lib\classes\alloy.jar;C:/Xilinx/Vivado/2020.2\lib\classes\ArchiveSummary.jar;C:/Xilinx/Vivado/2020.2\lib\classes\autoesl-models.jar;C:/Xilinx/Vivado/2020.2\lib\classes\autopilot.scelaborator.jar;C:/Xilinx/Vivado/2020.2\lib\classes\autopilot.sourceprocessor.jar;C:/Xilinx/Vivado/2020.2\lib\classes\autopilot.tbprocessor.jar;C:/Xilinx/Vivado/2020.2\lib\classes\batik-anim.jar;C:/Xilinx/Vivado/2020.2\lib\classes\batik-awt-util.jar;C:/Xilinx/Vivado/2020.2\lib\classes\batik-bridge.jar;C:/Xilinx/Vivado/2020.2\lib\classes\batik-codec.jar;C:/Xilinx/Vivado/2020.2\lib\classes\batik-css.jar;C:/Xilinx/Vivado/2020.2\lib\classes\batik-dom.jar;C:/Xilinx/Vivado/2020.2\lib\classes\batik-ext.jar;C:/Xilinx/Vivado/2020.2\lib\classes\batik-gui-util.jar;C:/Xilinx/Vivado/2020.2\lib\classes\batik-gvt.jar;C:/Xilinx/Vivado/2020.2\lib\classes\batik-parser.jar;C:/Xilinx/Vivado/2020.2\lib\classes\batik-script.jar;C:/Xilinx/Vivado/2020.2\lib\classes\batik-svg-dom.jar;C:/Xilinx/Vivado/2020.2\lib\classes\batik-swing.jar;C:/Xilinx/Vivado/2020.2\lib\classes\batik-transcoder.jar;C:/Xilinx/Vivado/2020.2\lib\classes\batik-util.jar;C:/Xilinx/Vivado/2020.2\lib\classes\batik-xml.jar;C:/Xilinx/Vivado/2020.2\lib\classes\com.google.gson_2.8.2.v20180104-1110.jar;C:/Xilinx/Vivado/2020.2\lib\classes\com.google.guava_27.1.0.v20190517-1946.jar;C:/Xilinx/Vivado/2020.2\lib\classes\com.ibm.icu_4.4.2.v20110208.jar;C:/Xilinx/Vivado/2020.2\lib\classes\com.sigasi.hdt.connection_4.9.0.202009050929.jar;C:/Xilinx/Vivado/2020.2\lib\classes\com.sigasi.hdt.epl_4.9.0.202009050929.jar;C:/Xilinx/Vivado/2020.2\lib\classes\com.sigasi.hdt.project_4.9.0.202009050929.jar;C:/Xilinx/Vivado/2020.2\lib\classes\com.sigasi.hdt.readonlyfilesystem_4.9.0.202009050929.jar;C:/Xilinx/Vivado/2020.2\lib\classes\com.sigasi.lcm_4.9.0.202009050929.jar;C:/Xilinx/Vivado/2020.2\lib\classes\com.sigasi.sdk.client_4.9.0.202009050929.jar;C:/Xilinx/Vivado/2020.2\lib\classes\com.xilinx.hls.services.jar;C:/Xili
Launcher Type: generic

[Global flags]
     bool BytecodeVerificationLocal                = false                                     {product} {command line}
     bool BytecodeVerificationRemote               = false                                     {product} {command line}
     intx CICompilerCount                          = 4                                         {product} {ergonomic}
     uint ConcGCThreads                            = 2                                         {product} {ergonomic}
     uint G1ConcRefinementThreads                  = 8                                         {product} {ergonomic}
   size_t G1HeapRegionSize                         = 1048576                                   {product} {ergonomic}
    uintx GCDrainStackTargetSize                   = 64                                        {product} {ergonomic}
   size_t InitialHeapSize                          = 134217728                                 {product} {command line}
   size_t MarkStackSize                            = 4194304                                   {product} {ergonomic}
   size_t MaxHeapSize                              = 3221225472                                {product} {command line}
   size_t MaxNewSize                               = 62914560                                  {product} {command line}
   size_t MinHeapDeltaBytes                        = 1048576                                   {product} {ergonomic}
   size_t NewSize                                  = 62914560                                  {product} {command line}
    uintx NonNMethodCodeHeapSize                   = 5835340                                {pd product} {ergonomic}
    uintx NonProfiledCodeHeapSize                  = 122911450                              {pd product} {ergonomic}
    uintx ProfiledCodeHeapSize                     = 122911450                              {pd product} {ergonomic}
    uintx ReservedCodeCacheSize                    = 251658240                              {pd product} {ergonomic}
     bool SegmentedCodeCache                       = true                                      {product} {ergonomic}
    uintx StringTableSize                          = 4072                                      {product} {command line}
     intx ThreadStackSize                          = 5120                                   {pd product} {command line}
     bool UseCompressedClassPointers               = true                                 {lp64_product} {ergonomic}
     bool UseCompressedOops                        = true                                 {lp64_product} {ergonomic}
     bool UseG1GC                                  = true                                      {product} {ergonomic}
     bool UseLargePagesIndividualAllocation        = false                                  {pd product} {ergonomic}
     bool UsePerfData                              = false                                     {product} {command line}

Logging:
Log output configuration:
 #0: stdout all=warning uptime,level,tags
 #1: stderr all=off uptime,level,tags

Environment Variables:
PATH=C:/Xilinx/Vivado/2020.2/bin;C:/Xilinx/Vivado/2020.2/tps/win64/javafx-sdk-11.0.2/lib;C:/Xilinx/Vivado/2020.2/tps/win64/javafx-sdk-11.0.2/bin;C:/Xilinx/Vivado/2020.2/lib/win64.o;C:/Xilinx/Vivado/2020.2/tps/win64/jre11.0.2/bin/server;C:/Xilinx/Vivado/2020.2/tps/win64/jre11.0.2/bin;C:/Xilinx/Vivado/2020.2/ids_lite/ISE/bin/nt64;C:/Xilinx/Vivado/2020.2/ids_lite/ISE/lib/nt64;C:/Xilinx/Vitis_HLS/2020.2/bin;C:\Program Files\Common Files\Oracle\Java\javapath;C:\Program Files (x86)\Common Files\Oracle\Java\javapath;C:\Windows\system32;C:\Windows;C:\Windows\System32\Wbem;C:\Windows\System32\WindowsPowerShell\v1.0\;C:\Windows\System32\OpenSSH\;C:\Program Files (x86)\NVIDIA Corporation\PhysX\Common;C:\Program Files\Intel\WiFi\bin\;C:\Program Files\Common Files\Intel\WirelessCommon\;C:\Program Files\NVIDIA Corporation\NVIDIA NvDLISR;C:\Program Files (x86)\EAC MW klient\;C:\Program Files\MATLAB\R2020b\bin;C:\Program Files\Git\cmd;C:\Users\jofad\AppData\Local\Microsoft\WindowsApps;C:\Users\jofad\AppData\Local\GitHubDesktop\bin;C:\Users\jofad\AppData\Local\Programs\Microsoft VS Code\bin;C:/Xilinx/Vivado/2020.2\tps\mingw\6.2.0\win64.o\nt\bin;C:/Xilinx/Vivado/2020.2\tps\mingw\6.2.0\win64.o\nt\libexec\gcc\x86_64-w64-mingw32\6.2.0;C:/Xilinx/Vivado/2020.2\tps\win64\python-3.8.3;C:/Xilinx/Vivado/2020.2\tps\win64\python-3.8.3\bin;C:/Xilinx/Vivado/2020.2\tps\win64\python-3.8.3\lib;C:/Xilinx/Vivado/2020.2\tps\win64\python-3.8.3\lib\site-packages
USERNAME=jofad
OS=Windows_NT
PROCESSOR_IDENTIFIER=Intel64 Family 6 Model 94 Stepping 3, GenuineIntel



---------------  S Y S T E M  ---------------

OS: Windows 10 , 64 bit Build 19041 (10.0.19041.928)

CPU:total 8 (initial active 8) (4 cores per cpu, 2 threads per core) family 6 model 94 stepping 3, cmov, cx8, fxsr, mmx, sse, sse2, sse3, ssse3, sse4.1, sse4.2, popcnt, avx, avx2, aes, clmul, erms, rtm, 3dnowpref, lzcnt, ht, tsc, tscinvbit, bmi1, bmi2, adx, fma

Memory: 4k page, system-wide physical 8090M (2248M free)
TotalPageFile size 32666M (AvailPageFile size 19738M)
current process WorkingSet (physical memory assigned to process): 794M, peak: 1023M
current process commit charge ("private bytes"): 827M, peak: 1015M

vm_info: OpenJDK 64-Bit Server VM (11.0.2+9) for windows-amd64 JRE (11.0.2+9), built on Jan 18 2019 05:23:22 by "mach5one" with MS VC++ 15.5 (VS2017)

END.
