
*** Running vivado
    with args -log top.vds -m64 -product Vivado -mode batch -messageDb vivado.pb -notrace -source top.tcl



****** Vivado v2020.2 (64-bit)
  **** SW Build 3064766 on Wed Nov 18 09:12:45 MST 2020
  **** IP Build 3064653 on Wed Nov 18 14:17:31 MST 2020
    ** Copyright 1986-2020 Xilinx, Inc. All Rights Reserved.

source top.tcl -notrace
Command: synth_design -top top -part xc7a35ticsg324-1L
Starting synth_design
Attempting to get a license for feature 'Synthesis' and/or device 'xc7a35ti'
INFO: [Common 17-349] Got license for feature 'Synthesis' and/or device 'xc7a35ti'
INFO: [Device 21-403] Loading part xc7a35ticsg324-1L
INFO: [Synth 8-7079] Multithreading enabled for synth_design using a maximum of 2 processes.
INFO: [Synth 8-7078] Launching helper process for spawning children vivado processes
INFO: [Synth 8-7075] Helper process launched with PID 2396
---------------------------------------------------------------------------------
Starting RTL Elaboration : Time (s): cpu = 00:00:04 ; elapsed = 00:00:05 . Memory (MB): peak = 1003.129 ; gain = 0.000
---------------------------------------------------------------------------------
INFO: [Synth 8-638] synthesizing module 'top' [C:/Dominik/Digital-electronics-1/Labs/project/project/project.srcs/sources_1/new/top.vhd:56]
INFO: [Synth 8-638] synthesizing module 'hex_7seg' [C:/Dominik/Digital-electronics-1/Labs/project/project/project.srcs/sources_1/new/hex_7seg.vhd:40]
ERROR: [Synth 8-426] missing choice(s) 32'b00000000000000000000000000001010 to 4'b1111 in case statement [C:/Dominik/Digital-electronics-1/Labs/project/project/project.srcs/sources_1/new/hex_7seg.vhd:45]
ERROR: [Synth 8-285] failed synthesizing module 'hex_7seg' [C:/Dominik/Digital-electronics-1/Labs/project/project/project.srcs/sources_1/new/hex_7seg.vhd:40]
ERROR: [Synth 8-285] failed synthesizing module 'top' [C:/Dominik/Digital-electronics-1/Labs/project/project/project.srcs/sources_1/new/top.vhd:56]
---------------------------------------------------------------------------------
Finished RTL Elaboration : Time (s): cpu = 00:00:05 ; elapsed = 00:00:06 . Memory (MB): peak = 1003.129 ; gain = 0.000
---------------------------------------------------------------------------------
RTL Elaboration failed
INFO: [Common 17-83] Releasing license: Synthesis
8 Infos, 0 Warnings, 0 Critical Warnings and 4 Errors encountered.
synth_design failed
ERROR: [Common 17-69] Command failed: Synthesis failed - please see the console or run log file for details
INFO: [Common 17-206] Exiting Vivado at Wed Apr 14 20:46:51 2021...
