#
# A fatal error has been detected by the Java Runtime Environment:
#
#  EXCEPTION_ACCESS_VIOLATION (0xc0000005) at pc=0x00007ffe45f3fa75, pid=18132, tid=4664
#
# JRE version: OpenJDK Runtime Environment (11.0.2+9) (build 11.0.2+9)
# Java VM: OpenJDK 64-Bit Server VM (11.0.2+9, mixed mode, tiered, compressed oops, g1 gc, windows-amd64)
# Problematic frame:
# C  [librdi_filemgmt.dll+0x28fa75]
#
# No core dump will be written. Minidumps are not enabled by default on client versions of Windows
#
# If you would like to submit a bug report, please visit:
#   http://bugreport.java.com/bugreport/crash.jsp
# The crash happened outside the Java Virtual Machine in native code.
# See problematic frame for where to report the bug.
#

---------------  S U M M A R Y ------------

Command Line: -Dsun.java2d.pmoffscreen=false -Dhttps.protocols=TLSv1,TLSv1.1,TLSv1.2 -Dsun.java2d.xrender=false -Dsun.java2d.d3d=false -Dsun.awt.nopixfmt=true -Dsun.java2d.dpiaware=true -Dsun.java2d.uiScale.enabled=false -Xverify:none -Dswing.aatext=true -XX:-UsePerfData -Djdk.map.althashing.threshold=512 -XX:StringTableSize=4072 --add-opens=java.base/java.nio=ALL-UNNAMED --add-opens=java.desktop/sun.swing=ALL-UNNAMED --add-opens=java.desktop/javax.swing=ALL-UNNAMED --add-opens=java.desktop/javax.swing.tree=ALL-UNNAMED --add-opens=java.desktop/javax.swing.plaf.basic=ALL-UNNAMED --add-opens=java.desktop/javax.swing.plaf.synth=ALL-UNNAMED --add-opens=java.desktop/com.sun.awt=ALL-UNNAMED -XX:NewSize=60m -XX:MaxNewSize=60m -Xms128m -Xmx3072m -Xss5m 

Host: AMD Ryzen 7 4700U with Radeon Graphics         , 8 cores, 15G,  Windows 10 , 64 bit Build 19041 (10.0.19041.928)
Time: Sat Apr 17 22:13:37 2021 Stredoeurópsky èas (letný) elapsed time: 3732 seconds (0d 1h 2m 12s)

---------------  T H R E A D  ---------------

Current thread (0x000001ec0ee7f800):  JavaThread "AWT-EventQueue-0" [_thread_in_native, id=4664, stack(0x000000476e100000,0x000000476e600000)]

Stack: [0x000000476e100000,0x000000476e600000],  sp=0x000000476e5fcc90,  free space=5107k
Native frames: (J=compiled Java code, j=interpreted, Vv=VM code, C=native code)
C  [librdi_filemgmt.dll+0x28fa75]
C  [librdi_filemgmt.dll+0x28e296]
C  [librdi_filemgmt.dll+0x2aa92f]
C  0x000001ec52852ac5

Java frames: (J=compiled Java code, j=interpreted, Vv=VM code)
J 24494  ui.data.srcscan.srcscani.EditorAssist_createFoldInfoIter(JLjava/lang/String;)J (0 bytes) @ 0x000001ec52852a25 [0x000001ec528529c0+0x0000000000000065]
J 24493 c1 ui.h.a.a.Xq(Ljava/lang/String;)J (9 bytes) @ 0x000001ec4ab548b4 [0x000001ec4ab54840+0x0000000000000074]
j  ui.h.a.c.a(Ljava/net/URI;)V+26
j  ui.h.a.a.Xn(Ljava/lang/String;)V+8
j  ui.views.U.a.J.auj(Ljava/lang/String;)V+27
j  ui.views.U.a.J.kqk()V+43
j  ui.views.U.a.Q.aOu()V+20
J 18575 c1 ui.frmwork.x.run()V (15 bytes) @ 0x000001ec4b1d45f4 [0x000001ec4b1d40a0+0x0000000000000554]
J 14354 c2 java.awt.event.InvocationEvent.dispatch()V java.desktop@11.0.2 (69 bytes) @ 0x000001ec5239d39c [0x000001ec5239d340+0x000000000000005c]
J 14252 c2 java.awt.EventQueue$4.run()Ljava/lang/Void; java.desktop@11.0.2 (60 bytes) @ 0x000001ec52367d5c [0x000001ec523678e0+0x000000000000047c]
J 14401 c2 java.awt.EventQueue$4.run()Ljava/lang/Object; java.desktop@11.0.2 (5 bytes) @ 0x000001ec523a0c54 [0x000001ec523a0c20+0x0000000000000034]
v  ~StubRoutines::call_stub
J 3665  java.security.AccessController.doPrivileged(Ljava/security/PrivilegedAction;Ljava/security/AccessControlContext;)Ljava/lang/Object; java.base@11.0.2 (0 bytes) @ 0x000001ec51ac53b6 [0x000001ec51ac5340+0x0000000000000076]
J 14015 c2 java.awt.EventQueue.dispatchEvent(Ljava/awt/AWTEvent;)V java.desktop@11.0.2 (80 bytes) @ 0x000001ec52300bf4 [0x000001ec523008c0+0x0000000000000334]
J 18486 c2 ui.frmwork.a.d.dispatchEvent(Ljava/awt/AWTEvent;)V (42 bytes) @ 0x000001ec5299ecd4 [0x000001ec5299ebe0+0x00000000000000f4]
J 18781 c2 java.awt.EventDispatchThread.pumpOneEventForFilters(I)V java.desktop@11.0.2 (113 bytes) @ 0x000001ec52a5bfbc [0x000001ec52a5bc80+0x000000000000033c]
J 21891% c2 java.awt.EventDispatchThread.pumpEventsForFilter(ILjava/awt/Conditional;Ljava/awt/EventFilter;)V java.desktop@11.0.2 (47 bytes) @ 0x000001ec52200d5c [0x000001ec52200c40+0x000000000000011c]
j  java.awt.EventDispatchThread.pumpEventsForHierarchy(ILjava/awt/Conditional;Ljava/awt/Component;)V+11 java.desktop@11.0.2
j  java.awt.EventDispatchThread.pumpEvents(ILjava/awt/Conditional;)V+4 java.desktop@11.0.2
j  java.awt.EventDispatchThread.pumpEvents(Ljava/awt/Conditional;)V+3 java.desktop@11.0.2
j  java.awt.EventDispatchThread.run()V+9 java.desktop@11.0.2
v  ~StubRoutines::call_stub

siginfo: EXCEPTION_ACCESS_VIOLATION (0xc0000005), reading address 0xffffffffffffffff


Register to memory mapping:

RIP=0x00007ffe45f3fa75 librdi_filemgmt.dll
RAX=0x0000000000000001 is an unknown value
RBX=0x000001ec1521a6a8 points into unknown readable memory: 40 e3 f0 2b 00 0b 02 90
RCX=0x000001ec05410000 points into unknown readable memory: 00 00 00 00 00 00 00 00
RDX=0x90020b002bf0e340 is an unknown value
RSP=0x000000476e5fcc90 is pointing into the stack for thread: 0x000001ec0ee7f800
RBP=0x000000476e5fcdd0 is pointing into the stack for thread: 0x000001ec0ee7f800
RSI=0x0 is NULL
RDI=0x000001ec13984c70 points into unknown readable memory: 28 89 0f 46 fe 7f 00 00
R8 =0x0 is NULL
R9 =0x0000000000000001 is an unknown value
R10=0x0000000000008000 is an unknown value
R11=0x000000476e5fcbf0 is pointing into the stack for thread: 0x000001ec0ee7f800
R12=0x000000476e5fcee8 is pointing into the stack for thread: 0x000001ec0ee7f800
R13=0x000001ec0e29d3d0 points into unknown readable memory: 30 a2 fc 17 ec 01 00 00
R14=0x0 is NULL
R15=0x000001ec0f6c66f0 points into unknown readable memory: 43 00 3a 00 5c 00 44 00


Registers:
RAX=0x0000000000000001, RBX=0x000001ec1521a6a8, RCX=0x000001ec05410000, RDX=0x90020b002bf0e340
RSP=0x000000476e5fcc90, RBP=0x000000476e5fcdd0, RSI=0x0000000000000000, RDI=0x000001ec13984c70
R8 =0x0000000000000000, R9 =0x0000000000000001, R10=0x0000000000008000, R11=0x000000476e5fcbf0
R12=0x000000476e5fcee8, R13=0x000001ec0e29d3d0, R14=0x0000000000000000, R15=0x000001ec0f6c66f0
RIP=0x00007ffe45f3fa75, EFLAGS=0x0000000000010256

Top of Stack: (sp=0x000000476e5fcc90)
0x000000476e5fcc90:   0000000000000000 000001ec00000000
0x000000476e5fcca0:   000001ec1521a6a0 000000476e5fcdd0
0x000000476e5fccb0:   fffffffffffffffe 000001ec13472900
0x000000476e5fccc0:   000001ec0f6c66f0 0000000000000000
0x000000476e5fccd0:   000000000000000f 000001ec13472200
0x000000476e5fcce0:   000001ec0f6c66f0 0000000000000000
0x000000476e5fccf0:   000000000000000f 000049024b359dda
0x000000476e5fcd00:   000000000000005a 0000000000000001
0x000000476e5fcd10:   000000476e5fcdd0 00007ffe45f3e296
0x000000476e5fcd20:   fffffffffffffffe 00007ffec9e4f05b
0x000000476e5fcd30:   000001ec13984c70 000001ec0e29d3d0
0x000000476e5fcd40:   0000cf25adecdc30 0000cf25adecdd30
0x000000476e5fcd50:   000000476e5fce10 000001ec0f6c66f0
0x000000476e5fcd60:   000001ec0f6c66f0 000000000000005a
0x000000476e5fcd70:   0000000000000001 000001ec0ee7fb40
0x000000476e5fcd80:   000000476e5fcf20 00007ffe45f5a92f 

Instructions: (pc=0x00007ffe45f3fa75)
0x00007ffe45f3fa55:   48 8b 13 4c 89 74 24 38 48 c7 44 24 40 0f 00 00
0x00007ffe45f3fa65:   00 c6 44 24 28 00 49 c7 c0 ff ff ff ff 49 ff c0
0x00007ffe45f3fa75:   42 80 3c 02 00 75 f6 48 8d 4c 24 28 e8 ca 82 d8
0x00007ffe45f3fa85:   ff 90 48 8d 54 24 28 48 8d 4c 24 48 ff 15 59 e9 


Stack slot to memory mapping:
stack at sp + 0 slots: 0x0 is NULL
stack at sp + 1 slots: 0x000001ec00000000 is an unknown value
stack at sp + 2 slots: 0x000001ec1521a6a0 points into unknown readable memory: 90 88 f7 19 ec 01 00 00
stack at sp + 3 slots: 0x000000476e5fcdd0 is pointing into the stack for thread: 0x000001ec0ee7f800
stack at sp + 4 slots: 0xfffffffffffffffe is an unknown value
stack at sp + 5 slots: 0x000001ec13472900 points into unknown readable memory: 02 01 00 00 72 69 67 68
stack at sp + 6 slots: 0x000001ec0f6c66f0 points into unknown readable memory: 43 00 3a 00 5c 00 44 00
stack at sp + 7 slots: 0x0 is NULL


---------------  P R O C E S S  ---------------

Threads class SMR info:
_java_thread_list=0x000001ec1cb8c350, length=40, elements={
0x000001ec0a021000, 0x000001ec24ee3000, 0x000001ec258ed000, 0x000001ec263dc800,
0x000001ec263dd800, 0x000001ec259da000, 0x000001ec259db000, 0x000001ec24ec4800,
0x000001ec41553800, 0x000001ec415c4000, 0x000001ec0e39c000, 0x000001ec0e4f5800,
0x000001ec0e4f6800, 0x000001ec0e816800, 0x000001ec0ee7f800, 0x000001ec0f116800,
0x000001ec12ae0000, 0x000001ec12c21000, 0x000001ec0e764800, 0x000001ec0e761000,
0x000001ec0e763000, 0x000001ec0e75f000, 0x000001ec0e762000, 0x000001ec0e75e000,
0x000001ec1907f800, 0x000001ec1907b000, 0x000001ec19081800, 0x000001ec1907c000,
0x000001ec1907d000, 0x000001ec19081000, 0x000001ec1907d800, 0x000001ec19082800,
0x000001ec1907e800, 0x000001ec0e75f800, 0x000001ec19088000, 0x000001ec1cd85000,
0x000001ec1cd80000, 0x000001ec1cd82800, 0x000001ec1cd81800, 0x000001ec19083800
}

Java Threads: ( => current thread )
  0x000001ec0a021000 JavaThread "main" [_thread_blocked, id=7808, stack(0x0000004768200000,0x0000004768300000)]
  0x000001ec24ee3000 JavaThread "Reference Handler" daemon [_thread_blocked, id=12480, stack(0x000000476a100000,0x000000476a600000)]
  0x000001ec258ed000 JavaThread "Finalizer" daemon [_thread_blocked, id=4336, stack(0x000000476a600000,0x000000476ab00000)]
  0x000001ec263dc800 JavaThread "Signal Dispatcher" daemon [_thread_blocked, id=16964, stack(0x000000476ab00000,0x000000476b000000)]
  0x000001ec263dd800 JavaThread "Attach Listener" daemon [_thread_blocked, id=5708, stack(0x000000476b000000,0x000000476b500000)]
  0x000001ec259da000 JavaThread "C2 CompilerThread0" daemon [_thread_blocked, id=12724, stack(0x000000476b500000,0x000000476b600000)]
  0x000001ec259db000 JavaThread "C1 CompilerThread0" daemon [_thread_blocked, id=10908, stack(0x000000476b600000,0x000000476b700000)]
  0x000001ec24ec4800 JavaThread "Sweeper thread" daemon [_thread_blocked, id=15356, stack(0x000000476b700000,0x000000476bc00000)]
  0x000001ec41553800 JavaThread "Common-Cleaner" daemon [_thread_blocked, id=14812, stack(0x000000476bc00000,0x000000476c100000)]
  0x000001ec415c4000 JavaThread "Service Thread" daemon [_thread_blocked, id=10636, stack(0x000000476c100000,0x000000476c600000)]
  0x000001ec0e39c000 JavaThread "Java2D Disposer" daemon [_thread_blocked, id=3604, stack(0x000000476c800000,0x000000476cd00000)]
  0x000001ec0e4f5800 JavaThread "AWT-Shutdown" [_thread_blocked, id=4324, stack(0x000000476cd00000,0x000000476d200000)]
  0x000001ec0e4f6800 JavaThread "AWT-Windows" daemon [_thread_in_native, id=8764, stack(0x000000476d200000,0x000000476d700000)]
  0x000001ec0e816800 JavaThread "TimerQueue" daemon [_thread_blocked, id=16332, stack(0x000000476d700000,0x000000476dc00000)]
=>0x000001ec0ee7f800 JavaThread "AWT-EventQueue-0" [_thread_in_native, id=4664, stack(0x000000476e100000,0x000000476e600000)]
  0x000001ec0f116800 JavaThread "Thread-1" [_thread_in_native, id=18288, stack(0x0000004768300000,0x0000004769700000)]
  0x000001ec12ae0000 JavaThread "Process Messages Thread" [_thread_blocked, id=15624, stack(0x000000476eb00000,0x000000476f000000)]
  0x000001ec12c21000 JavaThread "Batik CleanerThread" daemon [_thread_blocked, id=10628, stack(0x000000476e600000,0x000000476eb00000)]
  0x000001ec0e764800 JavaThread "SyntheticaCleanerThread" daemon [_thread_blocked, id=16232, stack(0x000000476ff00000,0x0000004770400000)]
  0x000001ec0e761000 JavaThread "Monitor HEventQueue Thread" [_thread_blocked, id=13924, stack(0x0000004770700000,0x0000004770c00000)]
  0x000001ec0e763000 JavaThread "SyntheticaAnimation 50" daemon [_thread_blocked, id=3080, stack(0x0000004770c00000,0x0000004771100000)]
  0x000001ec0e75f000 JavaThread "SyntheticaAnimation 25" daemon [_thread_blocked, id=14500, stack(0x0000004771200000,0x0000004771700000)]
  0x000001ec0e762000 JavaThread "SyntheticaAnimation 70" daemon [_thread_blocked, id=15392, stack(0x0000004771c00000,0x0000004772100000)]
  0x000001ec0e75e000 JavaThread "Refresh Filesets Swing Worker Thread" [_thread_blocked, id=14776, stack(0x0000004772100000,0x0000004772600000)]
  0x000001ec1907f800 JavaThread "hw_ila_monitor" [_thread_blocked, id=15396, stack(0x0000004772600000,0x0000004772b00000)]
  0x000001ec1907b000 JavaThread "pool-1-thread-1" [_thread_blocked, id=3820, stack(0x0000004773000000,0x0000004773500000)]
  0x000001ec19081800 JavaThread "pool-2-thread-1" [_thread_blocked, id=9776, stack(0x0000004773500000,0x0000004773a00000)]
  0x000001ec1907c000 JavaThread "pool-3-thread-1" [_thread_blocked, id=17088, stack(0x0000004773a00000,0x0000004773f00000)]
  0x000001ec1907d000 JavaThread "Update Runs Swing Worker Thread" [_thread_blocked, id=7656, stack(0x0000004774400000,0x0000004774900000)]
  0x000001ec19081000 JavaThread "SyntheticaAnimation 50" daemon [_thread_blocked, id=16612, stack(0x0000004771700000,0x0000004771c00000)]
  0x000001ec1907d800 JavaThread "Image Animator 3" daemon [_thread_blocked, id=5384, stack(0x000000476dc00000,0x000000476e100000)]
  0x000001ec19082800 JavaThread "Timer-2" [_thread_blocked, id=17956, stack(0x0000004773f00000,0x0000004774400000)]
  0x000001ec1907e800 JavaThread "Monitor File Timestamp Swing Worker Thread" [_thread_blocked, id=9056, stack(0x0000004774900000,0x0000004774e00000)]
  0x000001ec0e75f800 JavaThread "SyntheticaAnimation 50" daemon [_thread_blocked, id=16840, stack(0x000000476f900000,0x000000476fe00000)]
  0x000001ec19088000 JavaThread "Swing-Shell" daemon [_thread_blocked, id=8676, stack(0x0000004774e00000,0x0000004775300000)]
  0x000001ec1cd85000 JavaThread "Image Fetcher 0" daemon [_thread_blocked, id=11040, stack(0x0000004772b00000,0x0000004773000000)]
  0x000001ec1cd80000 JavaThread "Code Inspector Thread" [_thread_in_native, id=1884, stack(0x0000004775300000,0x0000004775800000)]
  0x000001ec1cd82800 JavaThread "Code Inspector Thread" [_thread_in_native, id=18340, stack(0x0000004775d00000,0x0000004776200000)]
  0x000001ec1cd81800 JavaThread "Code Inspector Thread" [_thread_blocked, id=18076, stack(0x0000004776200000,0x0000004776700000)]
  0x000001ec19083800 JavaThread "Code Inspector Thread" [_thread_blocked, id=16324, stack(0x0000004776700000,0x0000004776c00000)]

Other Threads:
  0x000001ec250ce800 VMThread "VM Thread" [stack: 0x000000476a000000,0x000000476a100000] [id=10752]
  0x000001ec415c6000 WatcherThread [stack: 0x000000476c600000,0x000000476c700000] [id=8480]
  0x000001ec262af800 GCTaskThread "GC Thread#0" [stack: 0x0000004769b00000,0x0000004769c00000] [id=2176]
  0x000001ec12830800 GCTaskThread "GC Thread#1" [stack: 0x000000476f000000,0x000000476f100000] [id=10892]
  0x000001ec0f191000 GCTaskThread "GC Thread#2" [stack: 0x000000476f100000,0x000000476f200000] [id=15892]
  0x000001ec12813800 GCTaskThread "GC Thread#3" [stack: 0x000000476f200000,0x000000476f300000] [id=15536]
  0x000001ec127b0000 GCTaskThread "GC Thread#4" [stack: 0x000000476f300000,0x000000476f400000] [id=4784]
  0x000001ec12fb8000 GCTaskThread "GC Thread#5" [stack: 0x000000476f400000,0x000000476f500000] [id=9464]
  0x000001ec12a6a000 GCTaskThread "GC Thread#6" [stack: 0x000000476f500000,0x000000476f600000] [id=17092]
  0x000001ec12a6d000 GCTaskThread "GC Thread#7" [stack: 0x000000476f600000,0x000000476f700000] [id=15840]
  0x000001ec259e4800 ConcurrentGCThread "G1 Main Marker" [stack: 0x0000004769c00000,0x0000004769d00000] [id=16240]
  0x000001ec27fc8800 ConcurrentGCThread "G1 Conc#0" [stack: 0x0000004769d00000,0x0000004769e00000] [id=14700]
  0x000001ec0ee6a000 ConcurrentGCThread "G1 Conc#1" [stack: 0x000000476f800000,0x000000476f900000] [id=15088]
  0x000001ec250de000 ConcurrentGCThread "G1 Refine#0" [stack: 0x0000004769e00000,0x0000004769f00000] [id=7372]
  0x000001ec0e755000 ConcurrentGCThread "G1 Refine#1" [stack: 0x000000476f700000,0x000000476f800000] [id=8296]
  0x000001ec0e9c7000 ConcurrentGCThread "G1 Refine#2" [stack: 0x000000476fe00000,0x000000476ff00000] [id=14648]
  0x000001ec13617800 ConcurrentGCThread "G1 Refine#3" [stack: 0x0000004771100000,0x0000004771200000] [id=15508]
  0x000001ec261ea000 ConcurrentGCThread "G1 Young RemSet Sampling" [stack: 0x0000004769f00000,0x000000476a000000] [id=17696]

Threads with active compile tasks:

VM state:not at safepoint (normal execution)

VM Mutex/Monitor currently owned by a thread: None

Heap address: 0x0000000740000000, size: 3072 MB, Compressed Oops mode: Zero based, Oop shift amount: 3
Narrow klass base: 0x0000000800000000, Narrow klass shift: 0
Compressed class space size: 1073741824 Address: 0x0000000800000000

Heap:
 garbage-first heap   total 181248K, used 118440K [0x0000000740000000, 0x0000000800000000)
  region size 1024K, 21 young (21504K), 4 survivors (4096K)
 Metaspace       used 97523K, capacity 99023K, committed 102576K, reserved 1136640K
  class space    used 12989K, capacity 13633K, committed 14848K, reserved 1048576K
Heap Regions: E=young(eden), S=young(survivor), O=old, HS=humongous(starts), HC=humongous(continues), CS=collection set, F=free, A=archive, TAMS=top-at-mark-start (previous, next)
|   0|0x0000000740000000, 0x0000000740100000, 0x0000000740100000|100%|HS|  |TAMS 0x0000000740100000, 0x0000000740000000| Complete 
|   1|0x0000000740100000, 0x0000000740200000, 0x0000000740200000|100%|HC|  |TAMS 0x0000000740200000, 0x0000000740100000| Complete 
|   2|0x0000000740200000, 0x0000000740300000, 0x0000000740300000|100%|HS|  |TAMS 0x0000000740300000, 0x0000000740200000| Complete 
|   3|0x0000000740300000, 0x00000007403fe408, 0x0000000740400000| 99%| O|  |TAMS 0x00000007403fe408, 0x0000000740300000| Untracked 
|   4|0x0000000740400000, 0x00000007404ffff0, 0x0000000740500000| 99%| O|  |TAMS 0x00000007404ffff0, 0x0000000740400000| Untracked 
|   5|0x0000000740500000, 0x00000007405ffe78, 0x0000000740600000| 99%| O|  |TAMS 0x00000007405ffe78, 0x0000000740500000| Untracked 
|   6|0x0000000740600000, 0x00000007406ffff8, 0x0000000740700000| 99%| O|  |TAMS 0x00000007406ffff8, 0x0000000740600000| Untracked 
|   7|0x0000000740700000, 0x00000007407fc8e8, 0x0000000740800000| 98%| O|  |TAMS 0x00000007407fc8e8, 0x0000000740700000| Untracked 
|   8|0x0000000740800000, 0x00000007408ff9f0, 0x0000000740900000| 99%| O|  |TAMS 0x00000007408ff9f0, 0x0000000740800000| Untracked 
|   9|0x0000000740900000, 0x00000007409ffff8, 0x0000000740a00000| 99%| O|  |TAMS 0x00000007409ffff8, 0x0000000740900000| Untracked 
|  10|0x0000000740a00000, 0x0000000740affff0, 0x0000000740b00000| 99%| O|  |TAMS 0x0000000740affff0, 0x0000000740a00000| Untracked 
|  11|0x0000000740b00000, 0x0000000740bffff0, 0x0000000740c00000| 99%| O|  |TAMS 0x0000000740bffff0, 0x0000000740b00000| Untracked 
|  12|0x0000000740c00000, 0x0000000740cfed20, 0x0000000740d00000| 99%| O|  |TAMS 0x0000000740cfed20, 0x0000000740c00000| Untracked 
|  13|0x0000000740d00000, 0x0000000740dee688, 0x0000000740e00000| 93%| O|  |TAMS 0x0000000740dee688, 0x0000000740d00000| Untracked 
|  14|0x0000000740e00000, 0x0000000740f00000, 0x0000000740f00000|100%| O|  |TAMS 0x0000000740f00000, 0x0000000740e00000| Untracked 
|  15|0x0000000740f00000, 0x0000000740fffff0, 0x0000000741000000| 99%| O|  |TAMS 0x0000000740fffff0, 0x0000000740f00000| Untracked 
|  16|0x0000000741000000, 0x0000000741100000, 0x0000000741100000|100%| O|  |TAMS 0x0000000741100000, 0x0000000741000000| Untracked 
|  17|0x0000000741100000, 0x00000007411ffed0, 0x0000000741200000| 99%| O|  |TAMS 0x00000007411ffed0, 0x0000000741100000| Untracked 
|  18|0x0000000741200000, 0x0000000741300000, 0x0000000741300000|100%| O|  |TAMS 0x0000000741300000, 0x0000000741200000| Untracked 
|  19|0x0000000741300000, 0x0000000741400000, 0x0000000741400000|100%| O|  |TAMS 0x0000000741400000, 0x0000000741300000| Untracked 
|  20|0x0000000741400000, 0x00000007414ffff0, 0x0000000741500000| 99%| O|  |TAMS 0x00000007414ffff0, 0x0000000741400000| Untracked 
|  21|0x0000000741500000, 0x0000000741600000, 0x0000000741600000|100%|HS|  |TAMS 0x0000000741600000, 0x0000000741500000| Complete 
|  22|0x0000000741600000, 0x00000007416ff0d0, 0x0000000741700000| 99%| O|  |TAMS 0x00000007416ff0d0, 0x0000000741600000| Untracked 
|  23|0x0000000741700000, 0x0000000741800000, 0x0000000741800000|100%| O|  |TAMS 0x0000000741800000, 0x0000000741700000| Untracked 
|  24|0x0000000741800000, 0x00000007418ffff8, 0x0000000741900000| 99%| O|  |TAMS 0x00000007418ffff8, 0x0000000741800000| Untracked 
|  25|0x0000000741900000, 0x00000007419ffff8, 0x0000000741a00000| 99%| O|  |TAMS 0x00000007419ffff8, 0x0000000741900000| Untracked 
|  26|0x0000000741a00000, 0x0000000741afff48, 0x0000000741b00000| 99%| O|  |TAMS 0x0000000741afff48, 0x0000000741a00000| Untracked 
|  27|0x0000000741b00000, 0x0000000741bfffc8, 0x0000000741c00000| 99%| O|  |TAMS 0x0000000741bfffc8, 0x0000000741b00000| Untracked 
|  28|0x0000000741c00000, 0x0000000741d00000, 0x0000000741d00000|100%| O|  |TAMS 0x0000000741d00000, 0x0000000741c00000| Untracked 
|  29|0x0000000741d00000, 0x0000000741dffff0, 0x0000000741e00000| 99%| O|  |TAMS 0x0000000741dffff0, 0x0000000741d00000| Untracked 
|  30|0x0000000741e00000, 0x0000000741efffe8, 0x0000000741f00000| 99%| O|  |TAMS 0x0000000741efffe8, 0x0000000741e00000| Untracked 
|  31|0x0000000741f00000, 0x0000000741ffffe8, 0x0000000742000000| 99%| O|  |TAMS 0x0000000741ffffe8, 0x0000000741f00000| Untracked 
|  32|0x0000000742000000, 0x00000007420ffff8, 0x0000000742100000| 99%| O|  |TAMS 0x00000007420ffff8, 0x0000000742000000| Untracked 
|  33|0x0000000742100000, 0x00000007421ffff8, 0x0000000742200000| 99%| O|  |TAMS 0x00000007421ffff8, 0x0000000742100000| Untracked 
|  34|0x0000000742200000, 0x0000000742300000, 0x0000000742300000|100%| O|  |TAMS 0x0000000742300000, 0x0000000742200000| Untracked 
|  35|0x0000000742300000, 0x00000007423ffff8, 0x0000000742400000| 99%| O|  |TAMS 0x00000007423ffff8, 0x0000000742300000| Untracked 
|  36|0x0000000742400000, 0x00000007424ffff0, 0x0000000742500000| 99%| O|  |TAMS 0x00000007424ffff0, 0x0000000742400000| Untracked 
|  37|0x0000000742500000, 0x0000000742600000, 0x0000000742600000|100%| O|  |TAMS 0x0000000742600000, 0x0000000742500000| Untracked 
|  38|0x0000000742600000, 0x00000007426ffff0, 0x0000000742700000| 99%| O|  |TAMS 0x00000007426ffff0, 0x0000000742600000| Untracked 
|  39|0x0000000742700000, 0x00000007427ffff8, 0x0000000742800000| 99%| O|  |TAMS 0x00000007427ffff8, 0x0000000742700000| Untracked 
|  40|0x0000000742800000, 0x00000007428fffe8, 0x0000000742900000| 99%| O|  |TAMS 0x00000007428fffe8, 0x0000000742800000| Untracked 
|  41|0x0000000742900000, 0x00000007429ffbf8, 0x0000000742a00000| 99%| O|  |TAMS 0x00000007429ffbf8, 0x0000000742900000| Untracked 
|  42|0x0000000742a00000, 0x0000000742affff8, 0x0000000742b00000| 99%| O|  |TAMS 0x0000000742affff8, 0x0000000742a00000| Untracked 
|  43|0x0000000742b00000, 0x0000000742c00000, 0x0000000742c00000|100%| O|  |TAMS 0x0000000742c00000, 0x0000000742b00000| Untracked 
|  44|0x0000000742c00000, 0x0000000742cffff8, 0x0000000742d00000| 99%| O|  |TAMS 0x0000000742cffff8, 0x0000000742c00000| Untracked 
|  45|0x0000000742d00000, 0x0000000742e00000, 0x0000000742e00000|100%| O|  |TAMS 0x0000000742e00000, 0x0000000742d00000| Untracked 
|  46|0x0000000742e00000, 0x0000000742effff0, 0x0000000742f00000| 99%| O|  |TAMS 0x0000000742effff0, 0x0000000742e00000| Untracked 
|  47|0x0000000742f00000, 0x0000000742fff900, 0x0000000743000000| 99%| O|  |TAMS 0x0000000742fff900, 0x0000000742f00000| Untracked 
|  48|0x0000000743000000, 0x00000007430fffe0, 0x0000000743100000| 99%| O|  |TAMS 0x00000007430fffe0, 0x0000000743000000| Untracked 
|  49|0x0000000743100000, 0x00000007431fe850, 0x0000000743200000| 99%| O|  |TAMS 0x00000007431fe850, 0x0000000743100000| Untracked 
|  50|0x0000000743200000, 0x00000007432ffe80, 0x0000000743300000| 99%| O|  |TAMS 0x00000007432ffe80, 0x0000000743200000| Untracked 
|  51|0x0000000743300000, 0x00000007433ffed8, 0x0000000743400000| 99%| O|  |TAMS 0x00000007433ffed8, 0x0000000743300000| Untracked 
|  52|0x0000000743400000, 0x00000007434ffff8, 0x0000000743500000| 99%| O|  |TAMS 0x00000007434ffff8, 0x0000000743400000| Untracked 
|  53|0x0000000743500000, 0x00000007435fffb8, 0x0000000743600000| 99%| O|  |TAMS 0x00000007435fffb8, 0x0000000743500000| Untracked 
|  54|0x0000000743600000, 0x00000007436fffc0, 0x0000000743700000| 99%| O|  |TAMS 0x00000007436fffc0, 0x0000000743600000| Untracked 
|  55|0x0000000743700000, 0x00000007437fffe8, 0x0000000743800000| 99%| O|  |TAMS 0x00000007437fffe8, 0x0000000743700000| Untracked 
|  56|0x0000000743800000, 0x00000007438fffd8, 0x0000000743900000| 99%| O|  |TAMS 0x00000007438fffd8, 0x0000000743800000| Untracked 
|  57|0x0000000743900000, 0x00000007439ffff8, 0x0000000743a00000| 99%| O|  |TAMS 0x00000007439ffff8, 0x0000000743900000| Untracked 
|  58|0x0000000743a00000, 0x0000000743afffe0, 0x0000000743b00000| 99%| O|  |TAMS 0x0000000743afffe0, 0x0000000743a00000| Untracked 
|  59|0x0000000743b00000, 0x0000000743bffff8, 0x0000000743c00000| 99%| O|  |TAMS 0x0000000743bffff8, 0x0000000743b00000| Untracked 
|  60|0x0000000743c00000, 0x0000000743cffff8, 0x0000000743d00000| 99%| O|  |TAMS 0x0000000743cffff8, 0x0000000743c00000| Untracked 
|  61|0x0000000743d00000, 0x0000000743dffff0, 0x0000000743e00000| 99%| O|  |TAMS 0x0000000743dffff0, 0x0000000743d00000| Untracked 
|  62|0x0000000743e00000, 0x0000000743f00000, 0x0000000743f00000|100%| O|  |TAMS 0x0000000743f00000, 0x0000000743e00000| Untracked 
|  63|0x0000000743f00000, 0x0000000743fffff8, 0x0000000744000000| 99%| O|  |TAMS 0x0000000743fffff8, 0x0000000743f00000| Untracked 
|  64|0x0000000744000000, 0x0000000744100000, 0x0000000744100000|100%| O|  |TAMS 0x0000000744100000, 0x0000000744000000| Untracked 
|  65|0x0000000744100000, 0x00000007441ffff8, 0x0000000744200000| 99%| O|  |TAMS 0x00000007441ffff8, 0x0000000744100000| Untracked 
|  66|0x0000000744200000, 0x0000000744300000, 0x0000000744300000|100%| O|  |TAMS 0x0000000744300000, 0x0000000744200000| Untracked 
|  67|0x0000000744300000, 0x0000000744400000, 0x0000000744400000|100%| O|  |TAMS 0x0000000744400000, 0x0000000744300000| Untracked 
|  68|0x0000000744400000, 0x00000007444fff80, 0x0000000744500000| 99%| O|  |TAMS 0x00000007444fff80, 0x0000000744400000| Untracked 
|  69|0x0000000744500000, 0x00000007445ffff0, 0x0000000744600000| 99%| O|  |TAMS 0x00000007445ffff0, 0x0000000744500000| Untracked 
|  70|0x0000000744600000, 0x00000007446fff98, 0x0000000744700000| 99%| O|  |TAMS 0x00000007446fff98, 0x0000000744600000| Untracked 
|  71|0x0000000744700000, 0x00000007447ffff0, 0x0000000744800000| 99%| O|  |TAMS 0x00000007447ffff0, 0x0000000744700000| Untracked 
|  72|0x0000000744800000, 0x00000007448ff0d8, 0x0000000744900000| 99%| O|  |TAMS 0x00000007448ff0d8, 0x0000000744800000| Untracked 
|  73|0x0000000744900000, 0x0000000744a00000, 0x0000000744a00000|100%| O|  |TAMS 0x0000000744a00000, 0x0000000744900000| Untracked 
|  74|0x0000000744a00000, 0x0000000744affff0, 0x0000000744b00000| 99%| O|  |TAMS 0x0000000744affff0, 0x0000000744a00000| Untracked 
|  75|0x0000000744b00000, 0x0000000744bfff50, 0x0000000744c00000| 99%| O|  |TAMS 0x0000000744bfff50, 0x0000000744b00000| Untracked 
|  76|0x0000000744c00000, 0x0000000744cffff8, 0x0000000744d00000| 99%| O|  |TAMS 0x0000000744cffff8, 0x0000000744c00000| Untracked 
|  77|0x0000000744d00000, 0x0000000744dfffe8, 0x0000000744e00000| 99%| O|  |TAMS 0x0000000744dfffe8, 0x0000000744d00000| Untracked 
|  78|0x0000000744e00000, 0x0000000744efd1a8, 0x0000000744f00000| 98%| O|  |TAMS 0x0000000744efd1a8, 0x0000000744e00000| Untracked 
|  79|0x0000000744f00000, 0x0000000744ffffd0, 0x0000000745000000| 99%| O|  |TAMS 0x0000000744ffffd0, 0x0000000744f00000| Untracked 
|  80|0x0000000745000000, 0x00000007450ffa00, 0x0000000745100000| 99%| O|  |TAMS 0x00000007450ffa00, 0x0000000745000000| Untracked 
|  81|0x0000000745100000, 0x00000007451a4308, 0x0000000745200000| 64%| O|  |TAMS 0x00000007451a4308, 0x0000000745100000| Untracked 
|  82|0x0000000745200000, 0x00000007452ffff8, 0x0000000745300000| 99%| O|  |TAMS 0x00000007452ffff8, 0x0000000745200000| Untracked 
|  83|0x0000000745300000, 0x00000007453a8bd0, 0x0000000745400000| 65%| O|  |TAMS 0x00000007453a8bd0, 0x0000000745300000| Untracked 
|  84|0x0000000745400000, 0x0000000745500000, 0x0000000745500000|100%| O|  |TAMS 0x0000000745500000, 0x0000000745400000| Untracked 
|  85|0x0000000745500000, 0x0000000745549860, 0x0000000745600000| 28%| O|  |TAMS 0x0000000745549860, 0x0000000745500000| Untracked 
|  86|0x0000000745600000, 0x000000074568da00, 0x0000000745700000| 55%| O|  |TAMS 0x000000074568da00, 0x0000000745600000| Untracked 
|  87|0x0000000745700000, 0x0000000745700000, 0x0000000745800000|  0%| F|  |TAMS 0x0000000745700000, 0x0000000745700000| Untracked 
|  88|0x0000000745800000, 0x0000000745800000, 0x0000000745900000|  0%| F|  |TAMS 0x0000000745800000, 0x0000000745800000| Untracked 
|  89|0x0000000745900000, 0x0000000745a00000, 0x0000000745a00000|100%|HS|  |TAMS 0x0000000745a00000, 0x0000000745900000| Complete 
|  90|0x0000000745a00000, 0x0000000745b00000, 0x0000000745b00000|100%|HC|  |TAMS 0x0000000745b00000, 0x0000000745a00000| Complete 
|  91|0x0000000745b00000, 0x0000000745c00000, 0x0000000745c00000|100%|HC|  |TAMS 0x0000000745c00000, 0x0000000745b00000| Complete 
|  92|0x0000000745c00000, 0x0000000745d00000, 0x0000000745d00000|100%|HS|  |TAMS 0x0000000745c00000, 0x0000000745c00000| Complete 
|  93|0x0000000745d00000, 0x0000000745e00000, 0x0000000745e00000|100%|HC|  |TAMS 0x0000000745d00000, 0x0000000745d00000| Complete 
|  94|0x0000000745e00000, 0x0000000745f00000, 0x0000000745f00000|100%|HC|  |TAMS 0x0000000745e00000, 0x0000000745e00000| Complete 
|  95|0x0000000745f00000, 0x0000000746000000, 0x0000000746000000|100%|HC|  |TAMS 0x0000000745f00000, 0x0000000745f00000| Complete 
|  96|0x0000000746000000, 0x0000000746100000, 0x0000000746100000|100%|HC|  |TAMS 0x0000000746000000, 0x0000000746000000| Complete 
|  97|0x0000000746100000, 0x0000000746200000, 0x0000000746200000|100%|HC|  |TAMS 0x0000000746100000, 0x0000000746100000| Complete 
|  98|0x0000000746200000, 0x0000000746300000, 0x0000000746300000|100%|HC|  |TAMS 0x0000000746200000, 0x0000000746200000| Complete 
|  99|0x0000000746300000, 0x0000000746400000, 0x0000000746400000|100%|HC|  |TAMS 0x0000000746300000, 0x0000000746300000| Complete 
| 100|0x0000000746400000, 0x0000000746400000, 0x0000000746500000|  0%| F|  |TAMS 0x0000000746400000, 0x0000000746400000| Untracked 
| 101|0x0000000746500000, 0x0000000746500000, 0x0000000746600000|  0%| F|  |TAMS 0x0000000746500000, 0x0000000746500000| Untracked 
| 102|0x0000000746600000, 0x0000000746600000, 0x0000000746700000|  0%| F|  |TAMS 0x0000000746600000, 0x0000000746600000| Untracked 
| 103|0x0000000746700000, 0x0000000746700000, 0x0000000746800000|  0%| F|  |TAMS 0x0000000746700000, 0x0000000746700000| Untracked 
| 104|0x0000000746800000, 0x0000000746800000, 0x0000000746900000|  0%| F|  |TAMS 0x0000000746800000, 0x0000000746800000| Untracked 
| 105|0x0000000746900000, 0x0000000746900000, 0x0000000746a00000|  0%| F|  |TAMS 0x0000000746900000, 0x0000000746900000| Untracked 
| 106|0x0000000746a00000, 0x0000000746a00000, 0x0000000746b00000|  0%| F|  |TAMS 0x0000000746a00000, 0x0000000746a00000| Untracked 
| 107|0x0000000746b00000, 0x0000000746b00000, 0x0000000746c00000|  0%| F|  |TAMS 0x0000000746b00000, 0x0000000746b00000| Untracked 
| 108|0x0000000746c00000, 0x0000000746c00000, 0x0000000746d00000|  0%| F|  |TAMS 0x0000000746c00000, 0x0000000746c00000| Untracked 
| 109|0x0000000746d00000, 0x0000000746d00000, 0x0000000746e00000|  0%| F|  |TAMS 0x0000000746d00000, 0x0000000746d00000| Untracked 
| 110|0x0000000746e00000, 0x0000000746e00000, 0x0000000746f00000|  0%| F|  |TAMS 0x0000000746e00000, 0x0000000746e00000| Untracked 
| 111|0x0000000746f00000, 0x0000000746f00000, 0x0000000747000000|  0%| F|  |TAMS 0x0000000746f00000, 0x0000000746f00000| Untracked 
| 112|0x0000000747000000, 0x0000000747000000, 0x0000000747100000|  0%| F|  |TAMS 0x0000000747000000, 0x0000000747000000| Untracked 
| 113|0x0000000747100000, 0x0000000747100000, 0x0000000747200000|  0%| F|  |TAMS 0x0000000747100000, 0x0000000747100000| Untracked 
| 114|0x0000000747200000, 0x0000000747200000, 0x0000000747300000|  0%| F|  |TAMS 0x0000000747200000, 0x0000000747200000| Untracked 
| 115|0x0000000747300000, 0x0000000747300000, 0x0000000747400000|  0%| F|  |TAMS 0x0000000747300000, 0x0000000747300000| Untracked 
| 116|0x0000000747400000, 0x0000000747400000, 0x0000000747500000|  0%| F|  |TAMS 0x0000000747400000, 0x0000000747400000| Untracked 
| 117|0x0000000747500000, 0x0000000747500000, 0x0000000747600000|  0%| F|  |TAMS 0x0000000747500000, 0x0000000747500000| Untracked 
| 118|0x0000000747600000, 0x0000000747600000, 0x0000000747700000|  0%| F|  |TAMS 0x0000000747600000, 0x0000000747600000| Untracked 
| 119|0x0000000747700000, 0x0000000747700000, 0x0000000747800000|  0%| F|  |TAMS 0x0000000747700000, 0x0000000747700000| Untracked 
| 120|0x0000000747800000, 0x0000000747800000, 0x0000000747900000|  0%| F|  |TAMS 0x0000000747800000, 0x0000000747800000| Untracked 
| 121|0x0000000747900000, 0x0000000747900000, 0x0000000747a00000|  0%| F|  |TAMS 0x0000000747900000, 0x0000000747900000| Untracked 
| 122|0x0000000747a00000, 0x0000000747a00000, 0x0000000747b00000|  0%| F|  |TAMS 0x0000000747a00000, 0x0000000747a00000| Untracked 
| 123|0x0000000747b00000, 0x0000000747b00000, 0x0000000747c00000|  0%| F|  |TAMS 0x0000000747b00000, 0x0000000747b00000| Untracked 
| 124|0x0000000747c00000, 0x0000000747c00000, 0x0000000747d00000|  0%| F|  |TAMS 0x0000000747c00000, 0x0000000747c00000| Untracked 
| 125|0x0000000747d00000, 0x0000000747d00000, 0x0000000747e00000|  0%| F|  |TAMS 0x0000000747d00000, 0x0000000747d00000| Untracked 
| 126|0x0000000747e00000, 0x0000000747e00000, 0x0000000747f00000|  0%| F|  |TAMS 0x0000000747e00000, 0x0000000747e00000| Untracked 
| 127|0x0000000747f00000, 0x0000000747f00000, 0x0000000748000000|  0%| F|  |TAMS 0x0000000747f00000, 0x0000000747f00000| Untracked 
| 128|0x0000000748000000, 0x0000000748000000, 0x0000000748100000|  0%| F|  |TAMS 0x0000000748000000, 0x0000000748000000| Untracked 
| 129|0x0000000748100000, 0x0000000748100000, 0x0000000748200000|  0%| F|  |TAMS 0x0000000748100000, 0x0000000748100000| Untracked 
| 130|0x0000000748200000, 0x0000000748200000, 0x0000000748300000|  0%| F|  |TAMS 0x0000000748200000, 0x0000000748200000| Untracked 
| 131|0x0000000748300000, 0x0000000748300000, 0x0000000748400000|  0%| F|  |TAMS 0x0000000748300000, 0x0000000748300000| Untracked 
| 132|0x0000000748400000, 0x0000000748400000, 0x0000000748500000|  0%| F|  |TAMS 0x0000000748400000, 0x0000000748400000| Untracked 
| 133|0x0000000748500000, 0x0000000748500000, 0x0000000748600000|  0%| F|  |TAMS 0x0000000748500000, 0x0000000748500000| Untracked 
| 134|0x0000000748600000, 0x0000000748600000, 0x0000000748700000|  0%| F|  |TAMS 0x0000000748600000, 0x0000000748600000| Untracked 
| 135|0x0000000748700000, 0x0000000748700000, 0x0000000748800000|  0%| F|  |TAMS 0x0000000748700000, 0x0000000748700000| Untracked 
| 136|0x0000000748800000, 0x0000000748800000, 0x0000000748900000|  0%| F|  |TAMS 0x0000000748800000, 0x0000000748800000| Untracked 
| 137|0x0000000748900000, 0x0000000748965590, 0x0000000748a00000| 39%| O|  |TAMS 0x0000000748965590, 0x0000000748900000| Untracked 
| 138|0x0000000748a00000, 0x0000000748a00000, 0x0000000748b00000|  0%| F|  |TAMS 0x0000000748a00000, 0x0000000748a00000| Untracked 
| 139|0x0000000748b00000, 0x0000000748b00000, 0x0000000748c00000|  0%| F|  |TAMS 0x0000000748b00000, 0x0000000748b00000| Untracked 
| 140|0x0000000748c00000, 0x0000000748c00000, 0x0000000748d00000|  0%| F|  |TAMS 0x0000000748c00000, 0x0000000748c00000| Untracked 
| 141|0x0000000748d00000, 0x0000000748d00000, 0x0000000748e00000|  0%| F|  |TAMS 0x0000000748d00000, 0x0000000748d00000| Untracked 
| 142|0x0000000748e00000, 0x0000000748e00000, 0x0000000748f00000|  0%| F|  |TAMS 0x0000000748e00000, 0x0000000748e00000| Untracked 
| 143|0x0000000748f00000, 0x0000000748f00000, 0x0000000749000000|  0%| F|  |TAMS 0x0000000748f00000, 0x0000000748f00000| Untracked 
| 144|0x0000000749000000, 0x0000000749041040, 0x0000000749100000| 25%| S|CS|TAMS 0x0000000749000000, 0x0000000749000000| Complete 
| 145|0x0000000749100000, 0x0000000749200000, 0x0000000749200000|100%| S|CS|TAMS 0x0000000749100000, 0x0000000749100000| Complete 
| 146|0x0000000749200000, 0x0000000749300000, 0x0000000749300000|100%| S|CS|TAMS 0x0000000749200000, 0x0000000749200000| Complete 
| 147|0x0000000749300000, 0x0000000749400000, 0x0000000749400000|100%| S|CS|TAMS 0x0000000749300000, 0x0000000749300000| Complete 
| 148|0x0000000749400000, 0x0000000749400000, 0x0000000749500000|  0%| F|  |TAMS 0x0000000749400000, 0x0000000749400000| Untracked 
| 149|0x0000000749500000, 0x0000000749500000, 0x0000000749600000|  0%| F|  |TAMS 0x0000000749500000, 0x0000000749500000| Untracked 
| 150|0x0000000749600000, 0x0000000749600000, 0x0000000749700000|  0%| F|  |TAMS 0x0000000749600000, 0x0000000749600000| Untracked 
| 151|0x0000000749700000, 0x0000000749700000, 0x0000000749800000|  0%| F|  |TAMS 0x0000000749700000, 0x0000000749700000| Untracked 
| 152|0x0000000749800000, 0x0000000749800000, 0x0000000749900000|  0%| F|  |TAMS 0x0000000749800000, 0x0000000749800000| Untracked 
| 153|0x0000000749900000, 0x0000000749900000, 0x0000000749a00000|  0%| F|  |TAMS 0x0000000749900000, 0x0000000749900000| Untracked 
| 154|0x0000000749a00000, 0x0000000749a00000, 0x0000000749b00000|  0%| F|  |TAMS 0x0000000749a00000, 0x0000000749a00000| Untracked 
| 155|0x0000000749b00000, 0x0000000749b00000, 0x0000000749c00000|  0%| F|  |TAMS 0x0000000749b00000, 0x0000000749b00000| Untracked 
| 156|0x0000000749c00000, 0x0000000749c00000, 0x0000000749d00000|  0%| F|  |TAMS 0x0000000749c00000, 0x0000000749c00000| Untracked 
| 157|0x0000000749d00000, 0x0000000749d00000, 0x0000000749e00000|  0%| F|  |TAMS 0x0000000749d00000, 0x0000000749d00000| Untracked 
| 158|0x0000000749e00000, 0x0000000749e00000, 0x0000000749f00000|  0%| F|  |TAMS 0x0000000749e00000, 0x0000000749e00000| Untracked 
| 159|0x0000000749f00000, 0x0000000749f00000, 0x000000074a000000|  0%| F|  |TAMS 0x0000000749f00000, 0x0000000749f00000| Untracked 
| 160|0x000000074a000000, 0x000000074a007e78, 0x000000074a100000|  3%| E|  |TAMS 0x000000074a000000, 0x000000074a000000| Complete 
| 161|0x000000074a100000, 0x000000074a200000, 0x000000074a200000|100%| E|CS|TAMS 0x000000074a100000, 0x000000074a100000| Complete 
| 162|0x000000074a200000, 0x000000074a300000, 0x000000074a300000|100%| E|CS|TAMS 0x000000074a200000, 0x000000074a200000| Complete 
| 163|0x000000074a300000, 0x000000074a400000, 0x000000074a400000|100%| E|CS|TAMS 0x000000074a300000, 0x000000074a300000| Complete 
| 164|0x000000074a400000, 0x000000074a500000, 0x000000074a500000|100%| E|CS|TAMS 0x000000074a400000, 0x000000074a400000| Complete 
| 165|0x000000074a500000, 0x000000074a600000, 0x000000074a600000|100%| E|CS|TAMS 0x000000074a500000, 0x000000074a500000| Complete 
| 166|0x000000074a600000, 0x000000074a700000, 0x000000074a700000|100%| E|CS|TAMS 0x000000074a600000, 0x000000074a600000| Complete 
| 167|0x000000074a700000, 0x000000074a800000, 0x000000074a800000|100%| E|CS|TAMS 0x000000074a700000, 0x000000074a700000| Complete 
| 168|0x000000074a800000, 0x000000074a900000, 0x000000074a900000|100%| E|CS|TAMS 0x000000074a800000, 0x000000074a800000| Complete 
| 169|0x000000074a900000, 0x000000074aa00000, 0x000000074aa00000|100%| E|CS|TAMS 0x000000074a900000, 0x000000074a900000| Complete 
| 170|0x000000074aa00000, 0x000000074ab00000, 0x000000074ab00000|100%| E|CS|TAMS 0x000000074aa00000, 0x000000074aa00000| Complete 
| 171|0x000000074ab00000, 0x000000074ac00000, 0x000000074ac00000|100%| E|CS|TAMS 0x000000074ab00000, 0x000000074ab00000| Complete 
| 172|0x000000074ac00000, 0x000000074ad00000, 0x000000074ad00000|100%| E|CS|TAMS 0x000000074ac00000, 0x000000074ac00000| Complete 
| 173|0x000000074ad00000, 0x000000074ae00000, 0x000000074ae00000|100%| E|CS|TAMS 0x000000074ad00000, 0x000000074ad00000| Complete 
| 174|0x000000074ae00000, 0x000000074af00000, 0x000000074af00000|100%| E|CS|TAMS 0x000000074ae00000, 0x000000074ae00000| Complete 
| 175|0x000000074af00000, 0x000000074b000000, 0x000000074b000000|100%| E|CS|TAMS 0x000000074af00000, 0x000000074af00000| Complete 
| 176|0x000000074b000000, 0x000000074b100000, 0x000000074b100000|100%| E|CS|TAMS 0x000000074b000000, 0x000000074b000000| Complete 

Card table byte_map: [0x000001ec59400000,0x000001ec59a00000] _byte_map_base: 0x000001ec55a00000

Marking Bits (Prev, Next): (CMBitMap*) 0x000001ec262b0940, (CMBitMap*) 0x000001ec262b0908
 Prev Bits: [0x000001ec5d000000, 0x000001ec60000000)
 Next Bits: [0x000001ec5a000000, 0x000001ec5d000000)

Polling page: 0x000001ec06e70000

Metaspace:

Usage:
  Non-class:     83.39 MB capacity,    82.55 MB ( 99%) used,   640.10 KB ( <1%) free+waste,   215.75 KB ( <1%) overhead. 
      Class:     13.31 MB capacity,    12.68 MB ( 95%) used,   544.92 KB (  4%) free+waste,    98.81 KB ( <1%) overhead. 
       Both:     96.70 MB capacity,    95.24 MB ( 98%) used,     1.16 MB (  1%) free+waste,   314.56 KB ( <1%) overhead. 

Virtual space:
  Non-class space:       86.00 MB reserved,      85.67 MB (>99%) committed 
      Class space:        1.00 GB reserved,      14.50 MB (  1%) committed 
             Both:        1.08 GB reserved,     100.17 MB (  9%) committed 

Chunk freelists:
   Non-Class:  284.25 KB
       Class:  147.88 KB
        Both:  432.13 KB

CodeHeap 'non-profiled nmethods': size=120000Kb used=25826Kb max_used=25826Kb free=94173Kb
 bounds [0x000001ec518d0000, 0x000001ec53210000, 0x000001ec58e00000]
CodeHeap 'profiled nmethods': size=120000Kb used=48046Kb max_used=48046Kb free=71953Kb
 bounds [0x000001ec4a3a0000, 0x000001ec4d2f0000, 0x000001ec518d0000]
CodeHeap 'non-nmethods': size=5760Kb used=1681Kb max_used=1732Kb free=4078Kb
 bounds [0x000001ec49e00000, 0x000001ec4a070000, 0x000001ec4a3a0000]
 total_blobs=38047 nmethods=19772 adapters=1148
 compilation: enabled
              stopped_count=0, restarted_count=0
 full_count=0

Compilation events (10 events):
Event: 3731.955 Thread 0x000001ec259db000 nmethod 26035 0x000001ec4d2df610 code [0x000001ec4d2df800, 0x000001ec4d2dfc58]
Event: 3731.959 Thread 0x000001ec259db000 26036       3       ui.views.P.a::jKI (103 bytes)
Event: 3731.960 Thread 0x000001ec259db000 nmethod 26036 0x000001ec4d2dfd90 code [0x000001ec4d2e0140, 0x000001ec4d2e1cd0]
Event: 3731.978 Thread 0x000001ec259da000 26037       4       javax.swing.text.DefaultCaret$1::run (8 bytes)
Event: 3731.989 Thread 0x000001ec259da000 nmethod 26037 0x000001ec53208290 code [0x000001ec53208500, 0x000001ec53209110]
Event: 3731.989 Thread 0x000001ec259da000 26038   !   4       javax.swing.text.DefaultCaret::repaintNewCaret (96 bytes)
Event: 3731.996 Thread 0x000001ec259db000 26040   !   3       ui.data.design.p::b (83 bytes)
Event: 3732.022 Thread 0x000001ec259da000 nmethod 26038 0x000001ec53209b10 code [0x000001ec53209d60, 0x000001ec5320a920]
Event: 3732.022 Thread 0x000001ec259da000 26039       4       javax.swing.text.ParagraphView$Row::getViewIndexAtPosition (61 bytes)
Event: 3732.022 Thread 0x000001ec259db000 nmethod 26040 0x000001ec4d2e2610 code [0x000001ec4d2e29c0, 0x000001ec4d2e4510]

GC Heap History (10 events):
Event: 3729.759 GC heap before
{Heap before GC invocations=462 (full 23):
 garbage-first heap   total 181248K, used 116858K [0x0000000740000000, 0x0000000800000000)
  region size 1024K, 13 young (13312K), 4 survivors (4096K)
 Metaspace       used 97187K, capacity 98659K, committed 102320K, reserved 1136640K
  class space    used 12983K, capacity 13597K, committed 14848K, reserved 1048576K
}
Event: 3729.763 GC heap after
{Heap after GC invocations=463 (full 23):
 garbage-first heap   total 181248K, used 93282K [0x0000000740000000, 0x0000000800000000)
  region size 1024K, 4 young (4096K), 4 survivors (4096K)
 Metaspace       used 97187K, capacity 98659K, committed 102320K, reserved 1136640K
  class space    used 12983K, capacity 13597K, committed 14848K, reserved 1048576K
}
Event: 3730.259 GC heap before
{Heap before GC invocations=464 (full 23):
 garbage-first heap   total 181248K, used 97378K [0x0000000740000000, 0x0000000800000000)
  region size 1024K, 6 young (6144K), 4 survivors (4096K)
 Metaspace       used 97187K, capacity 98659K, committed 102320K, reserved 1136640K
  class space    used 12983K, capacity 13597K, committed 14848K, reserved 1048576K
}
Event: 3730.264 GC heap after
{Heap after GC invocations=465 (full 23):
 garbage-first heap   total 181248K, used 93564K [0x0000000740000000, 0x0000000800000000)
  region size 1024K, 4 young (4096K), 4 survivors (4096K)
 Metaspace       used 97187K, capacity 98659K, committed 102320K, reserved 1136640K
  class space    used 12983K, capacity 13597K, committed 14848K, reserved 1048576K
}
Event: 3731.476 GC heap before
{Heap before GC invocations=466 (full 23):
 garbage-first heap   total 181248K, used 152956K [0x0000000740000000, 0x0000000800000000)
  region size 1024K, 60 young (61440K), 4 survivors (4096K)
 Metaspace       used 97202K, capacity 98670K, committed 102320K, reserved 1136640K
  class space    used 12985K, capacity 13601K, committed 14848K, reserved 1048576K
}
Event: 3731.481 GC heap after
{Heap after GC invocations=467 (full 23):
 garbage-first heap   total 181248K, used 93794K [0x0000000740000000, 0x0000000800000000)
  region size 1024K, 5 young (5120K), 5 survivors (5120K)
 Metaspace       used 97202K, capacity 98670K, committed 102320K, reserved 1136640K
  class space    used 12985K, capacity 13601K, committed 14848K, reserved 1048576K
}
Event: 3731.659 GC heap before
{Heap before GC invocations=467 (full 23):
 garbage-first heap   total 181248K, used 150114K [0x0000000740000000, 0x0000000800000000)
  region size 1024K, 60 young (61440K), 5 survivors (5120K)
 Metaspace       used 97500K, capacity 98959K, committed 102576K, reserved 1136640K
  class space    used 12989K, capacity 13633K, committed 14848K, reserved 1048576K
}
Event: 3731.664 GC heap after
{Heap after GC invocations=468 (full 23):
 garbage-first heap   total 181248K, used 93644K [0x0000000740000000, 0x0000000800000000)
  region size 1024K, 4 young (4096K), 4 survivors (4096K)
 Metaspace       used 97500K, capacity 98959K, committed 102576K, reserved 1136640K
  class space    used 12989K, capacity 13633K, committed 14848K, reserved 1048576K
}
Event: 3731.794 GC heap before
{Heap before GC invocations=469 (full 23):
 garbage-first heap   total 181248K, used 121292K [0x0000000740000000, 0x0000000800000000)
  region size 1024K, 33 young (33792K), 4 survivors (4096K)
 Metaspace       used 97522K, capacity 99023K, committed 102576K, reserved 1136640K
  class space    used 12989K, capacity 13633K, committed 14848K, reserved 1048576K
}
Event: 3731.800 GC heap after
{Heap after GC invocations=470 (full 23):
 garbage-first heap   total 181248K, used 93864K [0x0000000740000000, 0x0000000800000000)
  region size 1024K, 4 young (4096K), 4 survivors (4096K)
 Metaspace       used 97522K, capacity 99023K, committed 102576K, reserved 1136640K
  class space    used 12989K, capacity 13633K, committed 14848K, reserved 1048576K
}

Deoptimization events (10 events):
Event: 3721.578 Thread 0x000001ec0ee7f800 Uncommon trap: reason=class_check action=maybe_recompile pc=0x000001ec52d10ae8 method=java.awt.Component.processEvent(Ljava/awt/AWTEvent;)V @ 121 c2
Event: 3721.578 Thread 0x000001ec0ee7f800 Uncommon trap: reason=unstable_if action=reinterpret pc=0x000001ec52b3e6e8 method=javax.swing.text.JTextComponent$KeymapWrapper.get(Ljavax/swing/KeyStroke;)Ljava/lang/Object; @ 31 c2
Event: 3728.943 Thread 0x000001ec0ee7f800 Uncommon trap: reason=unstable_if action=reinterpret pc=0x000001ec52a32f50 method=java.awt.LightweightDispatcher.eventDispatched(Ljava/awt/AWTEvent;)V @ 32 c2
Event: 3731.412 Thread 0x000001ec0ee7f800 Uncommon trap: reason=unstable_if action=reinterpret pc=0x000001ec530edfa8 method=ui.views.w.b.at.a(Lui/frmwork/a/a;)V @ 7 c2
Event: 3731.593 Thread 0x000001ec0ee7f800 Uncommon trap: reason=unstable_if action=reinterpret pc=0x000001ec519bb104 method=com.sun.org.apache.xerces.internal.dom.NodeImpl.isOwned(Z)V @ 2 c2
Event: 3731.594 Thread 0x000001ec0ee7f800 Uncommon trap: reason=unstable_if action=reinterpret pc=0x000001ec51a5c0cc method=java.util.regex.Pattern$BmpCharPropertyGreedy.match(Ljava/util/regex/Matcher;ILjava/lang/CharSequence;)Z @ 12 c2
Event: 3731.616 Thread 0x000001ec0ee7f800 Uncommon trap: reason=predicate action=maybe_recompile pc=0x000001ec52a4c660 method=javax.swing.ListSelectionModel.getSelectedIndices()[I @ 43 c2
Event: 3731.765 Thread 0x000001ec0ee7f800 Uncommon trap: reason=null_check action=make_not_entrant pc=0x000001ec53077b50 method=javax.swing.RepaintManager.currentManager(Lsun/awt/AppContext;)Ljavax/swing/RepaintManager; @ 7 c2
Event: 3731.867 Thread 0x000001ec0ee7f800 Uncommon trap: reason=class_check action=maybe_recompile pc=0x000001ec52f6313c method=javax.swing.text.DefaultCaret.repaintNewCaret()V @ 61 c2
Event: 3731.867 Thread 0x000001ec0ee7f800 Uncommon trap: reason=class_check action=maybe_recompile pc=0x000001ec52f648f8 method=javax.swing.text.DefaultCaret.repaintNewCaret()V @ 61 c2

Classes redefined (0 events):
No events

Internal exceptions (10 events):
Event: 3689.788 Thread 0x000001ec0ee7f800 Exception <a 'java/io/FileNotFoundException'{0x000000074a9b6db8}> (0x000000074a9b6db8) thrown at [t:/workspace/open/src/hotspot/share/prims/jni.cpp, line 615]
Event: 3694.789 Thread 0x000001ec0ee7f800 Exception <a 'java/io/FileNotFoundException'{0x000000074a7ec688}> (0x000000074a7ec688) thrown at [t:/workspace/open/src/hotspot/share/prims/jni.cpp, line 615]
Event: 3699.790 Thread 0x000001ec0ee7f800 Exception <a 'java/io/FileNotFoundException'{0x000000074a37c8c0}> (0x000000074a37c8c0) thrown at [t:/workspace/open/src/hotspot/share/prims/jni.cpp, line 615]
Event: 3704.790 Thread 0x000001ec0ee7f800 Exception <a 'java/io/FileNotFoundException'{0x0000000749fbe068}> (0x0000000749fbe068) thrown at [t:/workspace/open/src/hotspot/share/prims/jni.cpp, line 615]
Event: 3709.792 Thread 0x000001ec0ee7f800 Exception <a 'java/io/FileNotFoundException'{0x0000000749df1a88}> (0x0000000749df1a88) thrown at [t:/workspace/open/src/hotspot/share/prims/jni.cpp, line 615]
Event: 3714.792 Thread 0x000001ec0ee7f800 Exception <a 'java/io/FileNotFoundException'{0x000000074a7defa8}> (0x000000074a7defa8) thrown at [t:/workspace/open/src/hotspot/share/prims/jni.cpp, line 615]
Event: 3719.793 Thread 0x000001ec0ee7f800 Exception <a 'java/io/FileNotFoundException'{0x000000074a384428}> (0x000000074a384428) thrown at [t:/workspace/open/src/hotspot/share/prims/jni.cpp, line 615]
Event: 3724.794 Thread 0x000001ec0ee7f800 Exception <a 'java/io/FileNotFoundException'{0x0000000748e559a8}> (0x0000000748e559a8) thrown at [t:/workspace/open/src/hotspot/share/prims/jni.cpp, line 615]
Event: 3729.794 Thread 0x000001ec0ee7f800 Exception <a 'java/io/FileNotFoundException'{0x000000074b07ebe8}> (0x000000074b07ebe8) thrown at [t:/workspace/open/src/hotspot/share/prims/jni.cpp, line 615]
Event: 3731.765 Thread 0x000001ec0ee7f800 Implicit null exception at 0x000001ec530774b4 to 0x000001ec53077b19

Events (10 events):
Event: 3731.935 Executing VM operation: CGC_Operation done
Event: 3731.946 Thread 0x000001ec1cd80000 Thread exited: 0x000001ec1cd80000
Event: 3731.977 Thread 0x000001ec1cd80000 Thread added: 0x000001ec1cd80000
Event: 3731.977 Thread 0x000001ec1cd80800 Thread added: 0x000001ec1cd80800
Event: 3731.977 Thread 0x000001ec1cd82800 Thread added: 0x000001ec1cd82800
Event: 3731.977 Thread 0x000001ec1cd81800 Thread added: 0x000001ec1cd81800
Event: 3731.978 Thread 0x000001ec19083800 Thread added: 0x000001ec19083800
Event: 3731.996 Thread 0x000001ec1cd80800 Thread exited: 0x000001ec1cd80800
Event: 3731.996 Executing VM operation: RevokeBias
Event: 3732.020 Executing VM operation: RevokeBias done


Dynamic libraries:
0x00007ff6f26c0000 - 0x00007ff6f26ef000 	C:\Xilinx\Vivado\2020.2\bin\unwrapped\win64.o\vivado.exe
0x00007ffecc3b0000 - 0x00007ffecc5a5000 	C:\WINDOWS\SYSTEM32\ntdll.dll
0x00007ffeca420000 - 0x00007ffeca4dd000 	C:\WINDOWS\System32\KERNEL32.DLL
0x00007ffeca140000 - 0x00007ffeca408000 	C:\WINDOWS\System32\KERNELBASE.dll
0x00007ffec9e40000 - 0x00007ffec9f40000 	C:\WINDOWS\System32\ucrtbase.dll
0x00007ffe7c7d0000 - 0x00007ffe7c861000 	C:\WINDOWS\SYSTEM32\MSVCP140.dll
0x00007ffe88990000 - 0x00007ffe889a9000 	C:\WINDOWS\SYSTEM32\VCRUNTIME140.dll
0x00007ffec0d30000 - 0x00007ffec0d43000 	C:\Xilinx\Vivado\2020.2\lib\win64.o\libboost_signals.dll
0x00007ffeb7ff0000 - 0x00007ffeb8008000 	C:\Xilinx\Vivado\2020.2\lib\win64.o\librdi_commonmain.dll
0x00007ffe4c5d0000 - 0x00007ffe4d747000 	C:\Xilinx\Vivado\2020.2\lib\win64.o\librdi_common.dll
0x00007ffe88580000 - 0x00007ffe8858c000 	C:\WINDOWS\SYSTEM32\VCRUNTIME140_1.dll
0x00007ffecb9b0000 - 0x00007ffecbb50000 	C:\WINDOWS\System32\USER32.dll
0x00007ffec9af0000 - 0x00007ffec9b12000 	C:\WINDOWS\System32\win32u.dll
0x00007ffecb430000 - 0x00007ffecb45a000 	C:\WINDOWS\System32\GDI32.dll
0x00007ffec9b50000 - 0x00007ffec9c5b000 	C:\WINDOWS\System32\gdi32full.dll
0x00007ffec10e0000 - 0x00007ffec10e9000 	C:\Xilinx\Vivado\2020.2\lib\win64.o\librdi_commonversion.dll
0x00007ffeb5520000 - 0x00007ffeb5542000 	C:\Xilinx\Vivado\2020.2\lib\win64.o\libboost_filesystem.dll
0x00007ffecbeb0000 - 0x00007ffecbf5c000 	C:\WINDOWS\System32\ADVAPI32.dll
0x00007ffec9f40000 - 0x00007ffec9fdd000 	C:\WINDOWS\System32\msvcp_win.dll
0x00007ffe98ee0000 - 0x00007ffe99079000 	C:\Xilinx\Vivado\2020.2\lib\win64.o\librdi_commonxillic.dll
0x00007ffeca4e0000 - 0x00007ffeca57e000 	C:\WINDOWS\System32\msvcrt.dll
0x00007ffeca810000 - 0x00007ffecaf52000 	C:\WINDOWS\System32\SHELL32.dll
0x00007ffecb3c0000 - 0x00007ffecb42b000 	C:\WINDOWS\System32\WS2_32.dll
0x00007ffecb320000 - 0x00007ffecb3bb000 	C:\WINDOWS\System32\sechost.dll
0x00007ffecc240000 - 0x00007ffecc36b000 	C:\WINDOWS\System32\RPCRT4.dll
0x00000000544f0000 - 0x000000005461b000 	C:\Xilinx\Vivado\2020.2\lib\win64.o\tcl85t.dll
0x00007ffec9b20000 - 0x00007ffec9b47000 	C:\WINDOWS\System32\bcrypt.dll
0x00007ffec0eb0000 - 0x00007ffec0ec0000 	C:\Xilinx\Vivado\2020.2\lib\win64.o\libboost_date_time.dll
0x00007ffe98a80000 - 0x00007ffe98dee000 	C:\Xilinx\Vivado\2020.2\lib\win64.o\libCOIN-all.dll
0x00007ffeb54a0000 - 0x00007ffeb5513000 	C:\Xilinx\Vivado\2020.2\lib\win64.o\libboost_program_options.dll
0x00007ffe88ba0000 - 0x00007ffe88cb1000 	C:\Xilinx\Vivado\2020.2\lib\win64.o\libboost_regex.dll
0x00007ffeb7a80000 - 0x00007ffeb7a9e000 	C:\Xilinx\Vivado\2020.2\lib\win64.o\libboost_thread.dll
0x00007ffec0d20000 - 0x00007ffec0d2c000 	C:\Xilinx\Vivado\2020.2\lib\win64.o\libboost_xilinx.dll
0x00007ffebcb60000 - 0x00007ffebcb69000 	C:\Xilinx\Vivado\2020.2\lib\win64.o\libboost_system.dll
0x00007ffeb5410000 - 0x00007ffeb5492000 	C:\Xilinx\Vivado\2020.2\lib\win64.o\libhdlpsolve.dll
0x00007ffeb52f0000 - 0x00007ffeb5395000 	C:\Xilinx\Vivado\2020.2\lib\win64.o\libhdxml.dll
0x00007ffe57ee0000 - 0x00007ffe58cd2600 	C:\Xilinx\Vivado\2020.2\lib\win64.o\libisl_iostreams.dll
0x00007ffea8aa0000 - 0x00007ffea8ac8000 	C:\Xilinx\Vivado\2020.2\lib\win64.o\libisl_sysinfo.dll
0x00007ffe98e70000 - 0x00007ffe98ed5000 	C:\Xilinx\Vivado\2020.2\lib\win64.o\liblmx6.0.dll
0x00007ffeb6d60000 - 0x00007ffeb6d7a000 	C:\Xilinx\Vivado\2020.2\lib\win64.o\pthreadVC2.dll
0x00007ffeb6d30000 - 0x00007ffeb6d4c000 	C:\Xilinx\Vivado\2020.2\lib\win64.o\librdiconfig.dll
0x00007ffecb460000 - 0x00007ffecb4b5000 	C:\WINDOWS\System32\SHLWAPI.dll
0x00007ffea8a70000 - 0x00007ffea8a91000 	C:\Xilinx\Vivado\2020.2\lib\win64.o\librdizlib.dll
0x0000000012000000 - 0x0000000012270000 	C:\Xilinx\Vivado\2020.2\lib\win64.o\xerces-c_3_1.dll
0x00007ffeb6330000 - 0x00007ffeb6348000 	C:\WINDOWS\SYSTEM32\NETAPI32.dll
0x00007ffeb28e0000 - 0x00007ffeb2dbd000 	C:\WINDOWS\SYSTEM32\WININET.dll
0x00007ffe77700000 - 0x00007ffe779db000 	C:\Xilinx\Vivado\2020.2\lib\win64.o\libXil_lmgr11.dll
0x00007ffec4470000 - 0x00007ffec457b000 	C:\WINDOWS\SYSTEM32\WINHTTP.dll
0x00007ffecbf60000 - 0x00007ffecc03a000 	C:\WINDOWS\System32\COMDLG32.dll
0x00007ffebacd0000 - 0x00007ffebaebe000 	C:\WINDOWS\SYSTEM32\urlmon.dll
0x00007ffecbb50000 - 0x00007ffecbea5000 	C:\WINDOWS\System32\combase.dll
0x00007ffeca580000 - 0x00007ffeca62e000 	C:\WINDOWS\System32\shcore.dll
0x00007ffebcab0000 - 0x00007ffebcab9000 	C:\WINDOWS\SYSTEM32\WSOCK32.dll
0x00007ffecc0f0000 - 0x00007ffecc1bd000 	C:\WINDOWS\System32\OLEAUT32.dll
0x00007ffecb1d0000 - 0x00007ffecb2fa000 	C:\WINDOWS\System32\ole32.dll
0x00007ffea5500000 - 0x00007ffea552d000 	C:\WINDOWS\SYSTEM32\VCOMP140.DLL
0x00007ffec9d10000 - 0x00007ffec9d70000 	C:\WINDOWS\System32\WINTRUST.dll
0x00007ffe49ae0000 - 0x00007ffe4b9f7000 	C:\Xilinx\Vivado\2020.2\lib\win64.o\gurobi90.dll
0x00007ffec9fe0000 - 0x00007ffeca13f000 	C:\WINDOWS\System32\CRYPT32.dll
0x00007ffecb4c0000 - 0x00007ffecb516000 	C:\WINDOWS\System32\WLDAP32.dll
0x00007ffecb310000 - 0x00007ffecb318000 	C:\WINDOWS\System32\Normaliz.dll
0x00007ffeb7fe0000 - 0x00007ffeb7fec000 	C:\Xilinx\Vivado\2020.2\lib\win64.o\libboost_chrono.dll
0x00007ffe9c750000 - 0x00007ffe9c773000 	C:\Xilinx\Vivado\2020.2\lib\win64.o\libisl_iosutils.dll
0x00007ffeb55f0000 - 0x00007ffeb5606000 	C:\Xilinx\Vivado\2020.2\lib\win64.o\libboost_iostreams.dll
0x00007ffebb000000 - 0x00007ffebb2b0000 	C:\WINDOWS\SYSTEM32\iertutil.dll
0x00007ffe7cb40000 - 0x00007ffe7cbf0000 	C:\WINDOWS\WinSxS\amd64_microsoft.windows.common-controls_6595b64144ccf1df_5.82.19041.844_none_423537bff6b9828c\COMCTL32.dll
0x00007ffec16a0000 - 0x00007ffec16bd000 	C:\WINDOWS\SYSTEM32\dhcpcsvc.DLL
0x00007ffec9060000 - 0x00007ffec906c000 	C:\WINDOWS\SYSTEM32\NETUTILS.DLL
0x00007ffec9260000 - 0x00007ffec92ca000 	C:\WINDOWS\SYSTEM32\MSWSOCK.DLL
0x00007ffeca7e0000 - 0x00007ffeca810000 	C:\WINDOWS\System32\IMM32.DLL
0x00007ffec96e0000 - 0x00007ffec96f2000 	C:\WINDOWS\SYSTEM32\MSASN1.dll
0x00007ffec83c0000 - 0x00007ffec83d2000 	C:\WINDOWS\SYSTEM32\kernel.appcore.dll
0x00007ffe68e50000 - 0x00007ffe69372000 	C:\Xilinx\Vivado\2020.2\lib\win64.o\librdi_commontasks.dll
0x00007ffec04f0000 - 0x00007ffec04fa000 	C:\WINDOWS\SYSTEM32\VERSION.dll
0x00007ffe767e0000 - 0x00007ffe76ab5000 	C:\Xilinx\Vivado\2020.2\lib\win64.o\librdi_sio.dll
0x00007ffec8f50000 - 0x00007ffec8f8b000 	C:\WINDOWS\SYSTEM32\IPHLPAPI.DLL
0x00007ffe4deb0000 - 0x00007ffe4e9d3000 	C:\Xilinx\Vivado\2020.2\tps\win64\jre11.0.2\bin\server\jvm.dll
0x00007ffeca410000 - 0x00007ffeca418000 	C:\WINDOWS\System32\PSAPI.DLL
0x00007ffec0290000 - 0x00007ffec02b7000 	C:\WINDOWS\SYSTEM32\WINMM.dll
0x00007ffec7c10000 - 0x00007ffec83a1000 	C:\WINDOWS\SYSTEM32\windows.storage.dll
0x00007ffec94f0000 - 0x00007ffec951c000 	C:\WINDOWS\SYSTEM32\Wldp.dll
0x00007ffe3cef0000 - 0x00007ffe3f9ae000 	C:\Xilinx\Vivado\2020.2\lib\win64.o\librdi_tcltasks.dll
0x00007ffe876e0000 - 0x00007ffe877d6000 	C:\Xilinx\Vivado\2020.2\lib\win64.o\librdi_chipscope.dll
0x00007ffe927f0000 - 0x00007ffe9286e000 	C:\Xilinx\Vivado\2020.2\lib\win64.o\librdi_boarddep.dll
0x00007ffe77070000 - 0x00007ffe7725a000 	C:\Xilinx\Vivado\2020.2\lib\win64.o\librdi_chipscopeimpl.dll
0x00007ffe51c20000 - 0x00007ffe520c6000 	C:\Xilinx\Vivado\2020.2\lib\win64.o\librdi_bitstream.dll
0x00007ffe77540000 - 0x00007ffe776f3000 	C:\Xilinx\Vivado\2020.2\lib\win64.o\librdi_board.dll
0x00007ffe6ad00000 - 0x00007ffe6ae61000 	C:\Xilinx\Vivado\2020.2\lib\win64.o\librdi_containers.dll
0x00007ffe3ab30000 - 0x00007ffe3ceed000 	C:\Xilinx\Vivado\2020.2\lib\win64.o\librdi_coregen.dll
0x00007ffe38dc0000 - 0x00007ffe3ab21000 	C:\Xilinx\Vivado\2020.2\lib\win64.o\librdi_designutils.dll
0x00007ffe522b0000 - 0x00007ffe52618000 	C:\Xilinx\Vivado\2020.2\lib\win64.o\librdi_dlyest.dll
0x00007ffe46380000 - 0x00007ffe46a98000 	C:\Xilinx\Vivado\2020.2\lib\win64.o\librdi_coregenipxact.dll
0x00007ffe77ba0000 - 0x00007ffe77c53000 	C:\Xilinx\Vivado\2020.2\lib\win64.o\librdi_dsp.dll
0x00007ffe47cb0000 - 0x00007ffe49adc000 	C:\Xilinx\Vivado\2020.2\lib\win64.o\librdi_constraints.dll
0x00007ffe4bf70000 - 0x00007ffe4c5cd000 	C:\Xilinx\Vivado\2020.2\lib\win64.o\librdi_drc.dll
0x00007ffe90f10000 - 0x00007ffe90f7b000 	C:\Xilinx\Vivado\2020.2\lib\win64.o\librdi_hdf.dll
0x00007ffe45cb0000 - 0x00007ffe46372000 	C:\Xilinx\Vivado\2020.2\lib\win64.o\librdi_filemgmt.dll
0x00007ffe51900000 - 0x00007ffe51c1d000 	C:\Xilinx\Vivado\2020.2\lib\win64.o\librdi_guitools.dll
0x00007ffe68bd0000 - 0x00007ffe68e47000 	C:\Xilinx\Vivado\2020.2\lib\win64.o\librdi_hip_devdesign.dll
0x00007ffe6abb0000 - 0x00007ffe6acf7000 	C:\Xilinx\Vivado\2020.2\lib\win64.o\librdi_hip_perf_analysis.dll
0x00007ffe87fa0000 - 0x00007ffe88012000 	C:\Xilinx\Vivado\2020.2\lib\win64.o\librdi_memoryarray.dll
0x00007ffe45660000 - 0x00007ffe45cac000 	C:\Xilinx\Vivado\2020.2\lib\win64.o\librdi_memdata.dll
0x00007ffe1c080000 - 0x00007ffe1c7ac000 	C:\Xilinx\Vivado\2020.2\lib\win64.o\librdi_netlist.dll
0x00007ffe1ec00000 - 0x00007ffe207d4000 	C:\Xilinx\Vivado\2020.2\lib\win64.o\librdi_implflow.dll
0x00007ffe87590000 - 0x00007ffe875e4000 	C:\Xilinx\Vivado\2020.2\lib\win64.o\librdi_pfi.dll
0x00007ffe207e0000 - 0x00007ffe38dbf000 	C:\Xilinx\Vivado\2020.2\lib\win64.o\librdi_device.dll
0x00007ffe50af0000 - 0x00007ffe50e8e000 	C:\Xilinx\Vivado\2020.2\lib\win64.o\librdi_platform.dll
0x00007ffe18650000 - 0x00007ffe18e67000 	C:\Xilinx\Vivado\2020.2\lib\win64.o\librdi_power.dll
0x00007ffe17fd0000 - 0x00007ffe18644000 	C:\Xilinx\Vivado\2020.2\lib\win64.o\librdi_project.dll
0x00007ffe178a0000 - 0x00007ffe17fc2000 	C:\Xilinx\Vivado\2020.2\lib\win64.o\librdi_psta.dll
0x00007ffe4d980000 - 0x00007ffe4deab000 	C:\Xilinx\Vivado\2020.2\lib\win64.o\librdi_runs.dll
0x00007ffe17090000 - 0x00007ffe1789c000 	C:\Xilinx\Vivado\2020.2\lib\win64.o\librdi_rsb.dll
0x00007ffe75f20000 - 0x00007ffe76029000 	C:\Xilinx\Vivado\2020.2\lib\win64.o\librdi_runsbase.dll
0x00007ffe4ecb0000 - 0x00007ffe4ef24000 	C:\Xilinx\Vivado\2020.2\lib\win64.o\librdi_simdata.dll
0x00007ffe18e70000 - 0x00007ffe1c077000 	C:\Xilinx\Vivado\2020.2\lib\win64.o\librdi_place.dll
0x00007ffe6a310000 - 0x00007ffe6a426000 	C:\Xilinx\Vivado\2020.2\lib\win64.o\librdi_xhub.dll
0x00007ffe77380000 - 0x00007ffe77427000 	C:\Xilinx\Vivado\2020.2\lib\win64.o\librdi_xhubtasks.dll
0x00007ffe4eac0000 - 0x00007ffe4ecab000 	C:\Xilinx\Vivado\2020.2\lib\win64.o\librdi_advchipscopeimpl.dll
0x00007ffe16100000 - 0x00007ffe17081000 	C:\Xilinx\Vivado\2020.2\lib\win64.o\librdi_timing.dll
0x00007ffe1c7b0000 - 0x00007ffe1ebf4000 	C:\Xilinx\Vivado\2020.2\lib\win64.o\librdi_mig.dll
0x00007ffe95190000 - 0x00007ffe951d6000 	C:\Xilinx\Vivado\2020.2\lib\win64.o\libboost_graph.dll
0x00007ffe57e10000 - 0x00007ffe57ed6000 	C:\Xilinx\Vivado\2020.2\lib\win64.o\librdi_bda.dll
0x00007ffe86fa0000 - 0x00007ffe8700a000 	C:\Xilinx\Vivado\2020.2\lib\win64.o\librdi_noc_frameworks.dll
0x00007ffe15990000 - 0x00007ffe160f7000 	C:\Xilinx\Vivado\2020.2\lib\win64.o\librdi_ippcw.dll
0x00007ffe90e50000 - 0x00007ffe90e97000 	C:\Xilinx\Vivado\2020.2\lib\win64.o\libboost_serialization.dll
0x00007ffe4bb90000 - 0x00007ffe4be8b000 	C:\Xilinx\Vivado\2020.2\lib\win64.o\librdi_hip_config.dll
0x00007ffe51810000 - 0x00007ffe518fb000 	C:\Xilinx\Vivado\2020.2\lib\win64.o\librdi_ipconfig_readwrite.dll
0x00007ffe14e30000 - 0x00007ffe15986000 	C:\Xilinx\Vivado\2020.2\lib\win64.o\libverific.dll

dbghelp: loaded successfully - version: 4.0.5 - missing functions: none
symbol engine: initialized successfully - sym options: 0x614 - pdb path: .;C:\Xilinx\Vivado\2020.2\bin\unwrapped\win64.o;C:\WINDOWS\SYSTEM32;C:\Xilinx\Vivado\2020.2\lib\win64.o;C:\WINDOWS\WinSxS\amd64_microsoft.windows.common-controls_6595b64144ccf1df_5.82.19041.844_none_423537bff6b9828c;C:\Xilinx\Vivado\2020.2\tps\win64\jre11.0.2\bin\server;C:\Xilinx\Vivado\2020.2\tps\win64\python-3.8.3;C:\Xilinx\Vivado\2020.2\tps\win64\jre11.0.2\bin;C:\WINDOWS\WinSxS\amd64_microsoft.windows.common-controls_6595b64144ccf1df_6.0.19041.844_none_ca00b6081b84eb1d;C:\WINDOWS\WinSxS\amd64_microsoft.windows.gdiplus_6595b64144ccf1df_1.1.19041.928_none_faefac437613c6cc

VM Arguments:
jvm_args: -Dsun.java2d.pmoffscreen=false -Dhttps.protocols=TLSv1,TLSv1.1,TLSv1.2 -Dsun.java2d.xrender=false -Dsun.java2d.d3d=false -Dsun.awt.nopixfmt=true -Dsun.java2d.dpiaware=true -Dsun.java2d.uiScale.enabled=false -Xverify:none -Dswing.aatext=true -XX:-UsePerfData -Djdk.map.althashing.threshold=512 -XX:StringTableSize=4072 --add-opens=java.base/java.nio=ALL-UNNAMED --add-opens=java.desktop/sun.swing=ALL-UNNAMED --add-opens=java.desktop/javax.swing=ALL-UNNAMED --add-opens=java.desktop/javax.swing.tree=ALL-UNNAMED --add-opens=java.desktop/javax.swing.plaf.basic=ALL-UNNAMED --add-opens=java.desktop/javax.swing.plaf.synth=ALL-UNNAMED --add-opens=java.desktop/com.sun.awt=ALL-UNNAMED -XX:NewSize=60m -XX:MaxNewSize=60m -Xms128m -Xmx3072m -Xss5m 
java_command: <unknown>
java_class_path (initial): C:/Xilinx/Vivado/2020.2\lib\classes\alloy.jar;C:/Xilinx/Vivado/2020.2\lib\classes\ArchiveSummary.jar;C:/Xilinx/Vivado/2020.2\lib\classes\autoesl-models.jar;C:/Xilinx/Vivado/2020.2\lib\classes\autopilot.scelaborator.jar;C:/Xilinx/Vivado/2020.2\lib\classes\autopilot.sourceprocessor.jar;C:/Xilinx/Vivado/2020.2\lib\classes\autopilot.tbprocessor.jar;C:/Xilinx/Vivado/2020.2\lib\classes\batik-anim.jar;C:/Xilinx/Vivado/2020.2\lib\classes\batik-awt-util.jar;C:/Xilinx/Vivado/2020.2\lib\classes\batik-bridge.jar;C:/Xilinx/Vivado/2020.2\lib\classes\batik-codec.jar;C:/Xilinx/Vivado/2020.2\lib\classes\batik-css.jar;C:/Xilinx/Vivado/2020.2\lib\classes\batik-dom.jar;C:/Xilinx/Vivado/2020.2\lib\classes\batik-ext.jar;C:/Xilinx/Vivado/2020.2\lib\classes\batik-gui-util.jar;C:/Xilinx/Vivado/2020.2\lib\classes\batik-gvt.jar;C:/Xilinx/Vivado/2020.2\lib\classes\batik-parser.jar;C:/Xilinx/Vivado/2020.2\lib\classes\batik-script.jar;C:/Xilinx/Vivado/2020.2\lib\classes\batik-svg-dom.jar;C:/Xilinx/Vivado/2020.2\lib\classes\batik-swing.jar;C:/Xilinx/Vivado/2020.2\lib\classes\batik-transcoder.jar;C:/Xilinx/Vivado/2020.2\lib\classes\batik-util.jar;C:/Xilinx/Vivado/2020.2\lib\classes\batik-xml.jar;C:/Xilinx/Vivado/2020.2\lib\classes\com.google.gson_2.8.2.v20180104-1110.jar;C:/Xilinx/Vivado/2020.2\lib\classes\com.google.guava_27.1.0.v20190517-1946.jar;C:/Xilinx/Vivado/2020.2\lib\classes\com.ibm.icu_4.4.2.v20110208.jar;C:/Xilinx/Vivado/2020.2\lib\classes\com.sigasi.hdt.connection_4.9.0.202009050929.jar;C:/Xilinx/Vivado/2020.2\lib\classes\com.sigasi.hdt.epl_4.9.0.202009050929.jar;C:/Xilinx/Vivado/2020.2\lib\classes\com.sigasi.hdt.project_4.9.0.202009050929.jar;C:/Xilinx/Vivado/2020.2\lib\classes\com.sigasi.hdt.readonlyfilesystem_4.9.0.202009050929.jar;C:/Xilinx/Vivado/2020.2\lib\classes\com.sigasi.lcm_4.9.0.202009050929.jar;C:/Xilinx/Vivado/2020.2\lib\classes\com.sigasi.sdk.client_4.9.0.202009050929.jar;C:/Xilinx/Vivado/2020.2\lib\classes\com.xilinx.hls.services.jar;C:/Xili
Launcher Type: generic

[Global flags]
     bool BytecodeVerificationLocal                = false                                     {product} {command line}
     bool BytecodeVerificationRemote               = false                                     {product} {command line}
     intx CICompilerCount                          = 4                                         {product} {ergonomic}
     uint ConcGCThreads                            = 2                                         {product} {ergonomic}
     uint G1ConcRefinementThreads                  = 8                                         {product} {ergonomic}
   size_t G1HeapRegionSize                         = 1048576                                   {product} {ergonomic}
    uintx GCDrainStackTargetSize                   = 64                                        {product} {ergonomic}
   size_t InitialHeapSize                          = 134217728                                 {product} {command line}
   size_t MarkStackSize                            = 4194304                                   {product} {ergonomic}
   size_t MaxHeapSize                              = 3221225472                                {product} {command line}
   size_t MaxNewSize                               = 62914560                                  {product} {command line}
   size_t MinHeapDeltaBytes                        = 1048576                                   {product} {ergonomic}
   size_t NewSize                                  = 62914560                                  {product} {command line}
    uintx NonNMethodCodeHeapSize                   = 5835340                                {pd product} {ergonomic}
    uintx NonProfiledCodeHeapSize                  = 122911450                              {pd product} {ergonomic}
    uintx ProfiledCodeHeapSize                     = 122911450                              {pd product} {ergonomic}
    uintx ReservedCodeCacheSize                    = 251658240                              {pd product} {ergonomic}
     bool SegmentedCodeCache                       = true                                      {product} {ergonomic}
    uintx StringTableSize                          = 4072                                      {product} {command line}
     intx ThreadStackSize                          = 5120                                   {pd product} {command line}
     bool UseCompressedClassPointers               = true                                 {lp64_product} {ergonomic}
     bool UseCompressedOops                        = true                                 {lp64_product} {ergonomic}
     bool UseG1GC                                  = true                                      {product} {ergonomic}
     bool UseLargePagesIndividualAllocation        = false                                  {pd product} {ergonomic}
     bool UsePerfData                              = false                                     {product} {command line}

Logging:
Log output configuration:
 #0: stdout all=warning uptime,level,tags
 #1: stderr all=off uptime,level,tags

Environment Variables:
PATH=C:/Xilinx/Vivado/2020.2/bin;C:/Xilinx/Vivado/2020.2/tps/win64/javafx-sdk-11.0.2/lib;C:/Xilinx/Vivado/2020.2/tps/win64/javafx-sdk-11.0.2/bin;C:/Xilinx/Vivado/2020.2/lib/win64.o;C:/Xilinx/Vivado/2020.2/tps/win64/jre11.0.2/bin/server;C:/Xilinx/Vivado/2020.2/tps/win64/jre11.0.2/bin;C:/Xilinx/Vivado/2020.2/ids_lite/ISE/bin/nt64;C:/Xilinx/Vivado/2020.2/ids_lite/ISE/lib/nt64;C:/Xilinx/Vitis_HLS/2020.2/bin;C:\Program Files\Common Files\Oracle\Java\javapath;C:\WINDOWS\system32;C:\WINDOWS;C:\WINDOWS\System32\Wbem;C:\WINDOWS\System32\WindowsPowerShell\v1.0\;C:\WINDOWS\System32\OpenSSH\;C:\Program Files (x86)\Livestreamer;C:\Program Files\Git\cmd;C:\Program Files\MATLAB\R2020b\bin;C:\Users\Domèo\AppData\Local\Microsoft\WindowsApps;;C:/Xilinx/Vivado/2020.2\tps\mingw\6.2.0\win64.o\nt\bin;C:/Xilinx/Vivado/2020.2\tps\mingw\6.2.0\win64.o\nt\libexec\gcc\x86_64-w64-mingw32\6.2.0;C:/Xilinx/Vivado/2020.2\tps\win64\python-3.8.3;C:/Xilinx/Vivado/2020.2\tps\win64\python-3.8.3\bin;C:/Xilinx/Vivado/2020.2\tps\win64\python-3.8.3\lib;C:/Xilinx/Vivado/2020.2\tps\win64\python-3.8.3\lib\site-packages
USERNAME=Domèo
OS=Windows_NT
PROCESSOR_IDENTIFIER=AMD64 Family 23 Model 96 Stepping 1, AuthenticAMD



---------------  S Y S T E M  ---------------

OS: Windows 10 , 64 bit Build 19041 (10.0.19041.928)

CPU:total 8 (initial active 8) (8 cores per cpu, 1 threads per core) family 23 model 96 stepping 1, cmov, cx8, fxsr, mmx, sse, sse2, sse3, ssse3, sse4.1, sse4.2, popcnt, avx, avx2, aes, clmul, mmxext, 3dnowpref, lzcnt, sse4a, tsc, tscinvbit, tscinv, bmi1, bmi2, adx, sha, fma

Memory: 4k page, system-wide physical 15741M (8083M free)
TotalPageFile size 18173M (AvailPageFile size 8164M)
current process WorkingSet (physical memory assigned to process): 840M, peak: 1034M
current process commit charge ("private bytes"): 823M, peak: 1187M

vm_info: OpenJDK 64-Bit Server VM (11.0.2+9) for windows-amd64 JRE (11.0.2+9), built on Jan 18 2019 05:23:22 by "mach5one" with MS VC++ 15.5 (VS2017)

END.
