#-----------------------------------------------------------
# Vivado v2020.2 (64-bit)
# SW Build 3064766 on Wed Nov 18 09:12:45 MST 2020
# IP Build 3064653 on Wed Nov 18 14:17:31 MST 2020
# Start of session at: Tue Apr 20 20:30:06 2021
# Process ID: 8912
# Current directory: C:/Dominik/Digital-electronics-1/Labs/project/project
# Command line: vivado.exe -gui_launcher_event rodinguilauncherevent16052 C:\Dominik\Digital-electronics-1\Labs\project\project\project.xpr
# Log file: C:/Dominik/Digital-electronics-1/Labs/project/project/vivado.log
# Journal file: C:/Dominik/Digital-electronics-1/Labs/project/project\vivado.jou
#-----------------------------------------------------------
start_gui
open_project C:/Dominik/Digital-electronics-1/Labs/project/project/project.xpr
WARNING: [filemgmt 56-3] Default IP Output Path : Could not find the directory 'C:/Dominik/Digital-electronics-1/Labs/project/project/project.gen/sources_1'.
Scanning sources...
Finished scanning sources
INFO: [IP_Flow 19-234] Refreshing IP repositories
INFO: [IP_Flow 19-1704] No user IP repositories specified
INFO: [IP_Flow 19-2313] Loaded Vivado IP repository 'C:/Xilinx/Vivado/2020.2/data/ip'.
open_project: Time (s): cpu = 00:00:12 ; elapsed = 00:00:07 . Memory (MB): peak = 1004.199 ; gain = 0.000
update_compile_order -fileset sources_1
export_ip_user_files -of_objects  [get_files C:/Dominik/Digital-electronics-1/Labs/project/project/project.srcs/sources_1/new/distance_counter.vhd] -no_script -reset -force -quiet
remove_files  C:/Dominik/Digital-electronics-1/Labs/project/project/project.srcs/sources_1/new/distance_counter.vhd
file delete -force C:/Dominik/Digital-electronics-1/Labs/project/project/project.srcs/sources_1/new/distance_counter.vhd
exit
INFO: [Common 17-206] Exiting Vivado at Tue Apr 20 21:22:03 2021...
