#-----------------------------------------------------------
# Vivado v2020.2 (64-bit)
# SW Build 3064766 on Wed Nov 18 09:12:45 MST 2020
# IP Build 3064653 on Wed Nov 18 14:17:31 MST 2020
# Start of session at: Wed Apr 21 11:07:01 2021
# Process ID: 3124
# Current directory: C:/Dominik/Digital-electronics-1/Labs/project/project
# Command line: vivado.exe -gui_launcher_event rodinguilauncherevent6436 C:\Dominik\Digital-electronics-1\Labs\project\project\project.xpr
# Log file: C:/Dominik/Digital-electronics-1/Labs/project/project/vivado.log
# Journal file: C:/Dominik/Digital-electronics-1/Labs/project/project\vivado.jou
#-----------------------------------------------------------
start_gui
open_project C:/Dominik/Digital-electronics-1/Labs/project/project/project.xpr
WARNING: [filemgmt 56-3] Default IP Output Path : Could not find the directory 'C:/Dominik/Digital-electronics-1/Labs/project/project/project.gen/sources_1'.
Scanning sources...
Finished scanning sources
INFO: [IP_Flow 19-234] Refreshing IP repositories
INFO: [IP_Flow 19-1704] No user IP repositories specified
INFO: [IP_Flow 19-2313] Loaded Vivado IP repository 'C:/Xilinx/Vivado/2020.2/data/ip'.
open_project: Time (s): cpu = 00:00:12 ; elapsed = 00:00:07 . Memory (MB): peak = 993.473 ; gain = 0.000
update_compile_order -fileset sources_1
update_compile_order -fileset sources_1
update_compile_order -fileset sources_1
export_ip_user_files -of_objects  [get_files C:/Dominik/Digital-electronics-1/Labs/project/project/project.srcs/sources_1/new/cnt_up_down.vhd] -no_script -reset -force -quiet
remove_files  C:/Dominik/Digital-electronics-1/Labs/project/project/project.srcs/sources_1/new/cnt_up_down.vhd
file delete -force C:/Dominik/Digital-electronics-1/Labs/project/project/project.srcs/sources_1/new/cnt_up_down.vhd
close [ open C:/Dominik/Digital-electronics-1/Labs/project/project/project.srcs/sources_1/new/clock_enable.vhd w ]
add_files C:/Dominik/Digital-electronics-1/Labs/project/project/project.srcs/sources_1/new/clock_enable.vhd
update_compile_order -fileset sources_1
close [ open C:/Dominik/Digital-electronics-1/Labs/project/project/project.srcs/sources_1/new/cnt_up_down.vhd w ]
add_files C:/Dominik/Digital-electronics-1/Labs/project/project/project.srcs/sources_1/new/cnt_up_down.vhd
update_compile_order -fileset sources_1
WARNING: [filemgmt 56-199] Attempt to get parsing info during refresh. "On-the-fly" syntax checking information may be incorrect. [C:\Dominik\Digital-electronics-1\Labs\project\project\project.srcs\sources_1\new\driver_7_seg.vhd:]
WARNING: [filemgmt 56-199] Attempt to get parsing info during refresh. "On-the-fly" syntax checking information may be incorrect. [C:\Dominik\Digital-electronics-1\Labs\project\project\project.srcs\sources_1\new\clock_enable.vhd:]
WARNING: [filemgmt 56-199] Attempt to get parsing info during refresh. "On-the-fly" syntax checking information may be incorrect. [C:\Dominik\Digital-electronics-1\Labs\project\project\project.srcs\sources_1\new\cnt_up_down.vhd:]
ERROR: [Common 17-180] Spawn failed: No error
close [ open C:/Dominik/Digital-electronics-1/Labs/project/project/project.srcs/sources_1/new/time_enable.vhd w ]
add_files C:/Dominik/Digital-electronics-1/Labs/project/project/project.srcs/sources_1/new/time_enable.vhd
update_compile_order -fileset sources_1
exit
INFO: [Common 17-206] Exiting Vivado at Wed Apr 21 11:25:52 2021...
